{"C:\\ab3\\Reaact\\RSS-React\\src\\App.tsx": {"path":"C:\\ab3\\Reaact\\RSS-React\\src\\App.tsx","all":true,"statementMap":{"0":{"start":{"line":1,"column":0},"end":{"line":1,"column":42}},"2":{"start":{"line":3,"column":0},"end":{"line":3,"column":52}},"3":{"start":{"line":4,"column":0},"end":{"line":4,"column":69}},"5":{"start":{"line":6,"column":0},"end":{"line":6,"column":26}},"6":{"start":{"line":7,"column":0},"end":{"line":7,"column":4}},"7":{"start":{"line":8,"column":0},"end":{"line":8,"column":14}},"8":{"start":{"line":9,"column":0},"end":{"line":9,"column":19}},"9":{"start":{"line":10,"column":0},"end":{"line":10,"column":12}},"10":{"start":{"line":11,"column":0},"end":{"line":11,"column":18}},"11":{"start":{"line":12,"column":0},"end":{"line":12,"column":13}},"12":{"start":{"line":13,"column":0},"end":{"line":13,"column":20}},"13":{"start":{"line":14,"column":0},"end":{"line":14,"column":5}}},"s":{"0":0,"2":0,"3":0,"5":0,"6":0,"7":0,"8":0,"9":0,"10":0,"11":0,"12":0,"13":0},"branchMap":{"0":{"type":"branch","line":1,"loc":{"start":{"line":1,"column":203},"end":{"line":15,"column":-224}},"locations":[{"start":{"line":1,"column":203},"end":{"line":15,"column":-224}}]}},"b":{"0":[0]},"fnMap":{"0":{"name":"(empty-report)","decl":{"start":{"line":1,"column":203},"end":{"line":15,"column":-224}},"loc":{"start":{"line":1,"column":203},"end":{"line":15,"column":-224}},"line":1}},"f":{"0":0}}
,"C:\\ab3\\Reaact\\RSS-React\\src\\Root.tsx": {"path":"C:\\ab3\\Reaact\\RSS-React\\src\\Root.tsx","all":false,"statementMap":{"0":{"start":{"line":1,"column":0},"end":{"line":1,"column":64}},"2":{"start":{"line":3,"column":0},"end":{"line":3,"column":28}},"3":{"start":{"line":4,"column":0},"end":{"line":4,"column":40}},"4":{"start":{"line":5,"column":0},"end":{"line":5,"column":57}},"5":{"start":{"line":6,"column":0},"end":{"line":6,"column":41}},"7":{"start":{"line":8,"column":0},"end":{"line":8,"column":27}},"8":{"start":{"line":9,"column":0},"end":{"line":9,"column":17}},"9":{"start":{"line":10,"column":0},"end":{"line":10,"column":12}},"10":{"start":{"line":11,"column":0},"end":{"line":11,"column":12}},"11":{"start":{"line":12,"column":0},"end":{"line":12,"column":24}},"12":{"start":{"line":13,"column":0},"end":{"line":13,"column":25}},"14":{"start":{"line":15,"column":0},"end":{"line":15,"column":14}},"15":{"start":{"line":16,"column":0},"end":{"line":16,"column":15}},"16":{"start":{"line":17,"column":0},"end":{"line":17,"column":44}},"17":{"start":{"line":18,"column":0},"end":{"line":18,"column":10}},"19":{"start":{"line":20,"column":0},"end":{"line":20,"column":14}},"20":{"start":{"line":21,"column":0},"end":{"line":21,"column":32}},"21":{"start":{"line":22,"column":0},"end":{"line":22,"column":44}},"23":{"start":{"line":24,"column":0},"end":{"line":24,"column":16}},"24":{"start":{"line":25,"column":0},"end":{"line":25,"column":17}},"25":{"start":{"line":26,"column":0},"end":{"line":26,"column":45}},"26":{"start":{"line":27,"column":0},"end":{"line":27,"column":12}},"27":{"start":{"line":28,"column":0},"end":{"line":28,"column":16}},"29":{"start":{"line":30,"column":0},"end":{"line":30,"column":14}},"30":{"start":{"line":31,"column":0},"end":{"line":31,"column":20}},"31":{"start":{"line":32,"column":0},"end":{"line":32,"column":42}},"32":{"start":{"line":33,"column":0},"end":{"line":33,"column":10}},"33":{"start":{"line":34,"column":0},"end":{"line":34,"column":14}},"34":{"start":{"line":35,"column":0},"end":{"line":35,"column":13}},"35":{"start":{"line":36,"column":0},"end":{"line":36,"column":18}}},"s":{"0":1,"2":1,"3":1,"4":1,"5":1,"7":1,"8":1,"9":1,"10":1,"11":1,"12":1,"14":1,"15":1,"16":1,"17":1,"19":1,"20":1,"21":1,"23":1,"24":1,"25":1,"26":1,"27":1,"29":1,"30":1,"31":1,"32":1,"33":1,"34":1,"35":1},"branchMap":{"0":{"type":"branch","line":8,"loc":{"start":{"line":8,"column":20},"end":{"line":36,"column":18}},"locations":[{"start":{"line":8,"column":20},"end":{"line":36,"column":18}}]}},"b":{"0":[1]},"fnMap":{"0":{"name":"Root","decl":{"start":{"line":8,"column":20},"end":{"line":36,"column":18}},"loc":{"start":{"line":8,"column":20},"end":{"line":36,"column":18}},"line":8}},"f":{"0":1}}
,"C:\\ab3\\Reaact\\RSS-React\\src\\main.tsx": {"path":"C:\\ab3\\Reaact\\RSS-React\\src\\main.tsx","all":true,"statementMap":{"0":{"start":{"line":1,"column":0},"end":{"line":1,"column":35}},"1":{"start":{"line":2,"column":0},"end":{"line":2,"column":40}},"3":{"start":{"line":4,"column":0},"end":{"line":4,"column":28}},"4":{"start":{"line":5,"column":0},"end":{"line":5,"column":30}},"6":{"start":{"line":7,"column":0},"end":{"line":7,"column":61}},"7":{"start":{"line":8,"column":0},"end":{"line":8,"column":14}},"8":{"start":{"line":9,"column":0},"end":{"line":9,"column":12}},"9":{"start":{"line":10,"column":0},"end":{"line":10,"column":15}},"10":{"start":{"line":11,"column":0},"end":{"line":11,"column":2}}},"s":{"0":0,"1":0,"3":0,"4":0,"6":0,"7":0,"8":0,"9":0,"10":0},"branchMap":{"0":{"type":"branch","line":1,"loc":{"start":{"line":1,"column":220},"end":{"line":11,"column":-169}},"locations":[{"start":{"line":1,"column":220},"end":{"line":11,"column":-169}}]}},"b":{"0":[0]},"fnMap":{"0":{"name":"(empty-report)","decl":{"start":{"line":1,"column":220},"end":{"line":11,"column":-169}},"loc":{"start":{"line":1,"column":220},"end":{"line":11,"column":-169}},"line":1}},"f":{"0":0}}
,"C:\\ab3\\Reaact\\RSS-React\\src\\UI\\Arrow\\Arrow.tsx": {"path":"C:\\ab3\\Reaact\\RSS-React\\src\\UI\\Arrow\\Arrow.tsx","all":false,"statementMap":{"2":{"start":{"line":3,"column":0},"end":{"line":3,"column":36}},"4":{"start":{"line":5,"column":0},"end":{"line":5,"column":49}},"10":{"start":{"line":11,"column":0},"end":{"line":11,"column":90}}},"s":{"2":1,"4":1,"10":1},"branchMap":{"0":{"type":"branch","line":11,"loc":{"start":{"line":11,"column":32},"end":{"line":11,"column":90}},"locations":[{"start":{"line":11,"column":32},"end":{"line":11,"column":90}}]}},"b":{"0":[7]},"fnMap":{"0":{"name":"Arrow","decl":{"start":{"line":11,"column":32},"end":{"line":11,"column":90}},"loc":{"start":{"line":11,"column":32},"end":{"line":11,"column":90}},"line":11}},"f":{"0":7}}
,"C:\\ab3\\Reaact\\RSS-React\\src\\UI\\Button\\Button.tsx": {"path":"C:\\ab3\\Reaact\\RSS-React\\src\\UI\\Button\\Button.tsx","all":false,"statementMap":{"1":{"start":{"line":2,"column":0},"end":{"line":2,"column":28}},"3":{"start":{"line":4,"column":0},"end":{"line":4,"column":37}},"11":{"start":{"line":12,"column":0},"end":{"line":12,"column":64}},"12":{"start":{"line":13,"column":0},"end":{"line":13,"column":9}},"13":{"start":{"line":14,"column":0},"end":{"line":14,"column":15}},"14":{"start":{"line":15,"column":0},"end":{"line":15,"column":44}},"15":{"start":{"line":16,"column":0},"end":{"line":16,"column":21}},"17":{"start":{"line":18,"column":0},"end":{"line":18,"column":11}},"18":{"start":{"line":19,"column":0},"end":{"line":19,"column":11}}},"s":{"1":1,"3":1,"11":1,"12":2,"13":2,"14":2,"15":2,"17":2,"18":2},"branchMap":{"0":{"type":"branch","line":12,"loc":{"start":{"line":12,"column":33},"end":{"line":19,"column":11}},"locations":[{"start":{"line":12,"column":33},"end":{"line":19,"column":11}}]}},"b":{"0":[2]},"fnMap":{"0":{"name":"Button","decl":{"start":{"line":12,"column":33},"end":{"line":19,"column":11}},"loc":{"start":{"line":12,"column":33},"end":{"line":19,"column":11}},"line":12}},"f":{"0":2}}
,"C:\\ab3\\Reaact\\RSS-React\\src\\UI\\CharacterItem\\CharacterItem.tsx": {"path":"C:\\ab3\\Reaact\\RSS-React\\src\\UI\\CharacterItem\\CharacterItem.tsx","all":false,"statementMap":{"1":{"start":{"line":2,"column":0},"end":{"line":2,"column":51}},"3":{"start":{"line":4,"column":0},"end":{"line":4,"column":42}},"5":{"start":{"line":6,"column":0},"end":{"line":6,"column":44}},"8":{"start":{"line":9,"column":0},"end":{"line":9,"column":63}},"9":{"start":{"line":10,"column":0},"end":{"line":10,"column":51}},"15":{"start":{"line":16,"column":0},"end":{"line":16,"column":60}},"16":{"start":{"line":17,"column":0},"end":{"line":17,"column":98}},"17":{"start":{"line":18,"column":0},"end":{"line":18,"column":55}},"18":{"start":{"line":19,"column":0},"end":{"line":19,"column":31}},"20":{"start":{"line":21,"column":0},"end":{"line":21,"column":43}},"21":{"start":{"line":22,"column":0},"end":{"line":22,"column":68}},"23":{"start":{"line":24,"column":0},"end":{"line":24,"column":10}},"24":{"start":{"line":25,"column":0},"end":{"line":25,"column":27}},"25":{"start":{"line":26,"column":0},"end":{"line":26,"column":15}},"26":{"start":{"line":27,"column":0},"end":{"line":27,"column":40}},"27":{"start":{"line":28,"column":0},"end":{"line":28,"column":14}},"28":{"start":{"line":29,"column":0},"end":{"line":29,"column":29}},"29":{"start":{"line":30,"column":0},"end":{"line":30,"column":37}},"30":{"start":{"line":31,"column":0},"end":{"line":31,"column":22}},"31":{"start":{"line":32,"column":0},"end":{"line":32,"column":12}},"32":{"start":{"line":33,"column":0},"end":{"line":33,"column":14}},"34":{"start":{"line":35,"column":0},"end":{"line":35,"column":35}},"35":{"start":{"line":36,"column":0},"end":{"line":36,"column":21}},"36":{"start":{"line":37,"column":0},"end":{"line":37,"column":24}},"37":{"start":{"line":38,"column":0},"end":{"line":38,"column":23}},"38":{"start":{"line":39,"column":0},"end":{"line":39,"column":26}},"39":{"start":{"line":40,"column":0},"end":{"line":40,"column":12}},"40":{"start":{"line":41,"column":0},"end":{"line":41,"column":13}},"42":{"start":{"line":43,"column":0},"end":{"line":43,"column":61}},"43":{"start":{"line":44,"column":0},"end":{"line":44,"column":12}},"44":{"start":{"line":45,"column":0},"end":{"line":45,"column":37}},"45":{"start":{"line":46,"column":0},"end":{"line":46,"column":21}},"47":{"start":{"line":48,"column":0},"end":{"line":48,"column":38}},"48":{"start":{"line":49,"column":0},"end":{"line":49,"column":14}},"49":{"start":{"line":50,"column":0},"end":{"line":50,"column":11}},"50":{"start":{"line":51,"column":0},"end":{"line":51,"column":16}},"51":{"start":{"line":52,"column":0},"end":{"line":52,"column":9}},"53":{"start":{"line":54,"column":0},"end":{"line":54,"column":2}}},"s":{"1":1,"3":1,"5":1,"8":1,"9":1,"15":1,"16":5,"17":5,"18":5,"20":5,"21":5,"23":5,"24":5,"25":5,"26":5,"27":5,"28":5,"29":5,"30":5,"31":5,"32":5,"34":5,"35":5,"36":5,"37":5,"38":5,"39":5,"40":5,"42":5,"43":20,"44":20,"45":20,"47":20,"48":20,"49":5,"50":5,"51":5,"53":5},"branchMap":{"0":{"type":"branch","line":16,"loc":{"start":{"line":16,"column":40},"end":{"line":54,"column":2}},"locations":[{"start":{"line":16,"column":40},"end":{"line":54,"column":2}}]},"1":{"type":"branch","line":43,"loc":{"start":{"line":43,"column":42},"end":{"line":49,"column":14}},"locations":[{"start":{"line":43,"column":42},"end":{"line":49,"column":14}}]}},"b":{"0":[5],"1":[20]},"fnMap":{"0":{"name":"CharacterItem","decl":{"start":{"line":16,"column":40},"end":{"line":54,"column":2}},"loc":{"start":{"line":16,"column":40},"end":{"line":54,"column":2}},"line":16}},"f":{"0":5}}
,"C:\\ab3\\Reaact\\RSS-React\\src\\UI\\CharacterList\\CharacterList.tsx": {"path":"C:\\ab3\\Reaact\\RSS-React\\src\\UI\\CharacterList\\CharacterList.tsx","all":false,"statementMap":{"2":{"start":{"line":3,"column":0},"end":{"line":3,"column":63}},"4":{"start":{"line":5,"column":0},"end":{"line":5,"column":44}},"12":{"start":{"line":13,"column":0},"end":{"line":13,"column":61}},"13":{"start":{"line":14,"column":0},"end":{"line":14,"column":5}},"14":{"start":{"line":15,"column":0},"end":{"line":15,"column":22}},"15":{"start":{"line":16,"column":0},"end":{"line":16,"column":32}},"17":{"start":{"line":18,"column":0},"end":{"line":18,"column":36}},"18":{"start":{"line":19,"column":0},"end":{"line":19,"column":20}},"19":{"start":{"line":20,"column":0},"end":{"line":20,"column":29}},"20":{"start":{"line":21,"column":0},"end":{"line":21,"column":28}},"21":{"start":{"line":22,"column":0},"end":{"line":22,"column":8}},"22":{"start":{"line":23,"column":0},"end":{"line":23,"column":7}},"23":{"start":{"line":24,"column":0},"end":{"line":24,"column":7}}},"s":{"2":1,"4":1,"12":1,"13":3,"14":3,"15":3,"17":3,"18":4,"19":4,"20":4,"21":4,"22":3,"23":3},"branchMap":{"0":{"type":"branch","line":13,"loc":{"start":{"line":13,"column":40},"end":{"line":24,"column":7}},"locations":[{"start":{"line":13,"column":40},"end":{"line":24,"column":7}}]},"1":{"type":"branch","line":18,"loc":{"start":{"line":18,"column":20},"end":{"line":22,"column":8}},"locations":[{"start":{"line":18,"column":20},"end":{"line":22,"column":8}}]}},"b":{"0":[3],"1":[4]},"fnMap":{"0":{"name":"CharacterList","decl":{"start":{"line":13,"column":40},"end":{"line":24,"column":7}},"loc":{"start":{"line":13,"column":40},"end":{"line":24,"column":7}},"line":13}},"f":{"0":3}}
,"C:\\ab3\\Reaact\\RSS-React\\src\\UI\\Container\\Container.tsx": {"path":"C:\\ab3\\Reaact\\RSS-React\\src\\UI\\Container\\Container.tsx","all":false,"statementMap":{"2":{"start":{"line":3,"column":0},"end":{"line":3,"column":40}},"13":{"start":{"line":14,"column":0},"end":{"line":14,"column":92}},"14":{"start":{"line":15,"column":0},"end":{"line":15,"column":25}},"15":{"start":{"line":16,"column":0},"end":{"line":16,"column":33}},"16":{"start":{"line":17,"column":0},"end":{"line":17,"column":17}},"17":{"start":{"line":18,"column":0},"end":{"line":18,"column":11}},"18":{"start":{"line":19,"column":0},"end":{"line":19,"column":29}},"19":{"start":{"line":20,"column":0},"end":{"line":20,"column":44}},"21":{"start":{"line":22,"column":0},"end":{"line":22,"column":17}},"22":{"start":{"line":23,"column":0},"end":{"line":23,"column":13}},"24":{"start":{"line":25,"column":0},"end":{"line":25,"column":16}},"25":{"start":{"line":26,"column":0},"end":{"line":26,"column":10}},"26":{"start":{"line":27,"column":0},"end":{"line":27,"column":12}}},"s":{"2":1,"13":1,"14":19,"15":19,"16":19,"17":3,"18":3,"19":3,"21":3,"22":3,"24":19,"25":19,"26":19},"branchMap":{"0":{"type":"branch","line":14,"loc":{"start":{"line":14,"column":36},"end":{"line":27,"column":12}},"locations":[{"start":{"line":14,"column":36},"end":{"line":27,"column":12}}]},"1":{"type":"branch","line":17,"loc":{"start":{"line":17,"column":7},"end":{"line":23,"column":13}},"locations":[{"start":{"line":17,"column":7},"end":{"line":23,"column":13}}]}},"b":{"0":[19],"1":[3]},"fnMap":{"0":{"name":"Container","decl":{"start":{"line":14,"column":36},"end":{"line":27,"column":12}},"loc":{"start":{"line":14,"column":36},"end":{"line":27,"column":12}},"line":14}},"f":{"0":19}}
,"C:\\ab3\\Reaact\\RSS-React\\src\\UI\\EmptyContainer\\EmptyContainer.tsx": {"path":"C:\\ab3\\Reaact\\RSS-React\\src\\UI\\EmptyContainer\\EmptyContainer.tsx","all":false,"statementMap":{"0":{"start":{"line":1,"column":0},"end":{"line":1,"column":28}},"2":{"start":{"line":3,"column":0},"end":{"line":3,"column":40}},"4":{"start":{"line":5,"column":0},"end":{"line":5,"column":45}},"6":{"start":{"line":7,"column":0},"end":{"line":7,"column":40}},"14":{"start":{"line":15,"column":0},"end":{"line":15,"column":73}},"15":{"start":{"line":16,"column":0},"end":{"line":16,"column":35}},"16":{"start":{"line":17,"column":0},"end":{"line":17,"column":44}},"17":{"start":{"line":18,"column":0},"end":{"line":18,"column":36}},"18":{"start":{"line":19,"column":0},"end":{"line":19,"column":10}},"19":{"start":{"line":20,"column":0},"end":{"line":20,"column":23}},"20":{"start":{"line":21,"column":0},"end":{"line":21,"column":17}},"21":{"start":{"line":22,"column":0},"end":{"line":22,"column":8}},"22":{"start":{"line":23,"column":0},"end":{"line":23,"column":10}},"23":{"start":{"line":24,"column":0},"end":{"line":24,"column":37}},"25":{"start":{"line":26,"column":0},"end":{"line":26,"column":11}},"26":{"start":{"line":27,"column":0},"end":{"line":27,"column":28}},"27":{"start":{"line":28,"column":0},"end":{"line":28,"column":26}},"28":{"start":{"line":29,"column":0},"end":{"line":29,"column":7}},"30":{"start":{"line":31,"column":0},"end":{"line":31,"column":13}},"32":{"start":{"line":33,"column":0},"end":{"line":33,"column":9}},"33":{"start":{"line":34,"column":0},"end":{"line":34,"column":12}}},"s":{"0":1,"2":1,"4":1,"6":1,"14":1,"15":7,"16":7,"17":7,"18":7,"19":7,"20":7,"21":7,"22":7,"23":7,"25":7,"26":7,"27":7,"28":7,"30":7,"32":7,"33":7},"branchMap":{"0":{"type":"branch","line":15,"loc":{"start":{"line":15,"column":41},"end":{"line":34,"column":12}},"locations":[{"start":{"line":15,"column":41},"end":{"line":34,"column":12}}]}},"b":{"0":[7]},"fnMap":{"0":{"name":"EmptyContainer","decl":{"start":{"line":15,"column":41},"end":{"line":34,"column":12}},"loc":{"start":{"line":15,"column":41},"end":{"line":34,"column":12}},"line":15}},"f":{"0":7}}
,"C:\\ab3\\Reaact\\RSS-React\\src\\UI\\IconButton\\IconButton.tsx": {"path":"C:\\ab3\\Reaact\\RSS-React\\src\\UI\\IconButton\\IconButton.tsx","all":false,"statementMap":{"2":{"start":{"line":3,"column":0},"end":{"line":3,"column":41}},"11":{"start":{"line":12,"column":0},"end":{"line":12,"column":89}},"12":{"start":{"line":13,"column":0},"end":{"line":13,"column":9}},"13":{"start":{"line":14,"column":0},"end":{"line":14,"column":28}},"14":{"start":{"line":15,"column":0},"end":{"line":15,"column":15}},"15":{"start":{"line":16,"column":0},"end":{"line":16,"column":21}},"16":{"start":{"line":17,"column":0},"end":{"line":17,"column":17}},"18":{"start":{"line":19,"column":0},"end":{"line":19,"column":14}},"19":{"start":{"line":20,"column":0},"end":{"line":20,"column":11}}},"s":{"2":1,"11":1,"12":22,"13":22,"14":22,"15":22,"16":22,"18":22,"19":22},"branchMap":{"0":{"type":"branch","line":12,"loc":{"start":{"line":12,"column":37},"end":{"line":20,"column":11}},"locations":[{"start":{"line":12,"column":37},"end":{"line":20,"column":11}}]}},"b":{"0":[22]},"fnMap":{"0":{"name":"IconButton","decl":{"start":{"line":12,"column":37},"end":{"line":20,"column":11}},"loc":{"start":{"line":12,"column":37},"end":{"line":20,"column":11}},"line":12}},"f":{"0":22}}
,"C:\\ab3\\Reaact\\RSS-React\\src\\UI\\Input\\Input.tsx": {"path":"C:\\ab3\\Reaact\\RSS-React\\src\\UI\\Input\\Input.tsx","all":false,"statementMap":{"2":{"start":{"line":3,"column":0},"end":{"line":3,"column":36}},"9":{"start":{"line":10,"column":0},"end":{"line":10,"column":62}},"10":{"start":{"line":11,"column":0},"end":{"line":11,"column":8}},"11":{"start":{"line":12,"column":0},"end":{"line":12,"column":15}},"12":{"start":{"line":13,"column":0},"end":{"line":13,"column":24}},"13":{"start":{"line":14,"column":0},"end":{"line":14,"column":17}},"14":{"start":{"line":15,"column":0},"end":{"line":15,"column":27}},"15":{"start":{"line":16,"column":0},"end":{"line":16,"column":23}},"16":{"start":{"line":17,"column":0},"end":{"line":17,"column":4}}},"s":{"2":1,"9":1,"10":10,"11":10,"12":10,"13":10,"14":10,"15":10,"16":10},"branchMap":{"0":{"type":"branch","line":10,"loc":{"start":{"line":10,"column":32},"end":{"line":17,"column":4}},"locations":[{"start":{"line":10,"column":32},"end":{"line":17,"column":4}}]}},"b":{"0":[10]},"fnMap":{"0":{"name":"Input","decl":{"start":{"line":10,"column":32},"end":{"line":17,"column":4}},"loc":{"start":{"line":10,"column":32},"end":{"line":17,"column":4}},"line":10}},"f":{"0":10}}
,"C:\\ab3\\Reaact\\RSS-React\\src\\UI\\Link\\Link.tsx": {"path":"C:\\ab3\\Reaact\\RSS-React\\src\\UI\\Link\\Link.tsx","all":false,"statementMap":{"1":{"start":{"line":2,"column":0},"end":{"line":2,"column":40}},"3":{"start":{"line":4,"column":0},"end":{"line":4,"column":35}},"13":{"start":{"line":14,"column":0},"end":{"line":14,"column":88}},"14":{"start":{"line":15,"column":0},"end":{"line":15,"column":7}},"15":{"start":{"line":16,"column":0},"end":{"line":16,"column":22}},"16":{"start":{"line":17,"column":0},"end":{"line":17,"column":13}},"17":{"start":{"line":18,"column":0},"end":{"line":18,"column":17}},"18":{"start":{"line":19,"column":0},"end":{"line":19,"column":17}},"19":{"start":{"line":20,"column":0},"end":{"line":20,"column":21}},"20":{"start":{"line":21,"column":0},"end":{"line":21,"column":26}},"21":{"start":{"line":22,"column":0},"end":{"line":22,"column":6}},"23":{"start":{"line":24,"column":0},"end":{"line":24,"column":33}},"24":{"start":{"line":25,"column":0},"end":{"line":25,"column":9}}},"s":{"1":1,"3":1,"13":1,"14":10,"15":10,"16":10,"17":10,"18":10,"19":10,"20":1,"21":1,"23":10,"24":10},"branchMap":{"0":{"type":"branch","line":14,"loc":{"start":{"line":14,"column":37},"end":{"line":25,"column":9}},"locations":[{"start":{"line":14,"column":37},"end":{"line":25,"column":9}}]},"1":{"type":"branch","line":24,"loc":{"start":{"line":24,"column":5},"end":{"line":24,"column":27}},"locations":[{"start":{"line":24,"column":5},"end":{"line":24,"column":27}}]},"2":{"type":"branch","line":24,"loc":{"start":{"line":24,"column":16},"end":{"line":24,"column":33}},"locations":[{"start":{"line":24,"column":16},"end":{"line":24,"column":33}}]},"3":{"type":"branch","line":20,"loc":{"start":{"line":20,"column":13},"end":{"line":22,"column":6}},"locations":[{"start":{"line":20,"column":13},"end":{"line":22,"column":6}}]}},"b":{"0":[10],"1":[5],"2":[5],"3":[1]},"fnMap":{"0":{"name":"CustomLink","decl":{"start":{"line":14,"column":37},"end":{"line":25,"column":9}},"loc":{"start":{"line":14,"column":37},"end":{"line":25,"column":9}},"line":14},"1":{"name":"onClick","decl":{"start":{"line":20,"column":13},"end":{"line":22,"column":6}},"loc":{"start":{"line":20,"column":13},"end":{"line":22,"column":6}},"line":20}},"f":{"0":10,"1":1}}
,"C:\\ab3\\Reaact\\RSS-React\\src\\UI\\Link\\SearchLink.tsx": {"path":"C:\\ab3\\Reaact\\RSS-React\\src\\UI\\Link\\SearchLink.tsx","all":false,"statementMap":{"0":{"start":{"line":1,"column":0},"end":{"line":1,"column":68}},"2":{"start":{"line":3,"column":0},"end":{"line":3,"column":35}},"5":{"start":{"line":6,"column":0},"end":{"line":6,"column":51}},"12":{"start":{"line":13,"column":0},"end":{"line":13,"column":92}},"13":{"start":{"line":14,"column":0},"end":{"line":14,"column":43}},"15":{"start":{"line":16,"column":0},"end":{"line":16,"column":10}},"16":{"start":{"line":17,"column":0},"end":{"line":17,"column":9}},"17":{"start":{"line":18,"column":0},"end":{"line":18,"column":24}},"18":{"start":{"line":19,"column":0},"end":{"line":19,"column":19}},"19":{"start":{"line":20,"column":0},"end":{"line":20,"column":58}},"20":{"start":{"line":21,"column":0},"end":{"line":21,"column":16}},"22":{"start":{"line":23,"column":0},"end":{"line":23,"column":16}},"23":{"start":{"line":24,"column":0},"end":{"line":24,"column":11}},"25":{"start":{"line":26,"column":0},"end":{"line":26,"column":2}}},"s":{"0":1,"2":1,"5":1,"12":1,"13":7,"15":7,"16":7,"17":7,"18":7,"19":7,"20":7,"22":7,"23":7,"25":7},"branchMap":{"0":{"type":"branch","line":13,"loc":{"start":{"line":13,"column":43},"end":{"line":26,"column":2}},"locations":[{"start":{"line":13,"column":43},"end":{"line":26,"column":2}}]}},"b":{"0":[7]},"fnMap":{"0":{"name":"SearchLink","decl":{"start":{"line":13,"column":43},"end":{"line":26,"column":2}},"loc":{"start":{"line":13,"column":43},"end":{"line":26,"column":2}},"line":13}},"f":{"0":7}}
,"C:\\ab3\\Reaact\\RSS-React\\src\\UI\\Link\\index.ts": {"path":"C:\\ab3\\Reaact\\RSS-React\\src\\UI\\Link\\index.ts","all":false,"statementMap":{"0":{"start":{"line":1,"column":0},"end":{"line":1,"column":23}},"1":{"start":{"line":2,"column":0},"end":{"line":2,"column":29}}},"s":{"0":1,"1":1},"branchMap":{},"b":{},"fnMap":{},"f":{}}
,"C:\\ab3\\Reaact\\RSS-React\\src\\UI\\Loader\\Loader.tsx": {"path":"C:\\ab3\\Reaact\\RSS-React\\src\\UI\\Loader\\Loader.tsx","all":false,"statementMap":{"0":{"start":{"line":1,"column":0},"end":{"line":1,"column":51}},"2":{"start":{"line":3,"column":0},"end":{"line":3,"column":51}},"4":{"start":{"line":5,"column":0},"end":{"line":5,"column":23}},"6":{"start":{"line":7,"column":0},"end":{"line":7,"column":29}},"7":{"start":{"line":8,"column":0},"end":{"line":8,"column":63}},"8":{"start":{"line":9,"column":0},"end":{"line":9,"column":15}},"9":{"start":{"line":10,"column":0},"end":{"line":10,"column":20}},"10":{"start":{"line":11,"column":0},"end":{"line":11,"column":31}},"11":{"start":{"line":12,"column":0},"end":{"line":12,"column":6}},"12":{"start":{"line":13,"column":0},"end":{"line":13,"column":14}}},"s":{"0":1,"2":1,"4":1,"6":1,"7":2,"8":2,"9":2,"10":2,"11":2,"12":2},"branchMap":{"0":{"type":"branch","line":7,"loc":{"start":{"line":7,"column":22},"end":{"line":13,"column":14}},"locations":[{"start":{"line":7,"column":22},"end":{"line":13,"column":14}}]}},"b":{"0":[2]},"fnMap":{"0":{"name":"Loader","decl":{"start":{"line":7,"column":22},"end":{"line":13,"column":14}},"loc":{"start":{"line":7,"column":22},"end":{"line":13,"column":14}},"line":7}},"f":{"0":2}}
,"C:\\ab3\\Reaact\\RSS-React\\src\\UI\\Sceletones\\SkeletoneItem\\SkeletoneItem.tsx": {"path":"C:\\ab3\\Reaact\\RSS-React\\src\\UI\\Sceletones\\SkeletoneItem\\SkeletoneItem.tsx","all":false,"statementMap":{"0":{"start":{"line":1,"column":0},"end":{"line":1,"column":44}},"2":{"start":{"line":3,"column":0},"end":{"line":3,"column":61}},"4":{"start":{"line":5,"column":0},"end":{"line":5,"column":36}},"5":{"start":{"line":6,"column":0},"end":{"line":6,"column":31}},"6":{"start":{"line":7,"column":0},"end":{"line":7,"column":50}},"7":{"start":{"line":8,"column":0},"end":{"line":8,"column":8}}},"s":{"0":1,"2":1,"4":1,"5":14,"6":14,"7":14},"branchMap":{"0":{"type":"branch","line":5,"loc":{"start":{"line":5,"column":29},"end":{"line":8,"column":8}},"locations":[{"start":{"line":5,"column":29},"end":{"line":8,"column":8}}]}},"b":{"0":[14]},"fnMap":{"0":{"name":"SkeletoneItem","decl":{"start":{"line":5,"column":29},"end":{"line":8,"column":8}},"loc":{"start":{"line":5,"column":29},"end":{"line":8,"column":8}},"line":5}},"f":{"0":14}}
,"C:\\ab3\\Reaact\\RSS-React\\src\\UI\\Sceletones\\SkeletoneList\\SkeletoneList.tsx": {"path":"C:\\ab3\\Reaact\\RSS-React\\src\\UI\\Sceletones\\SkeletoneList\\SkeletoneList.tsx","all":false,"statementMap":{"2":{"start":{"line":3,"column":0},"end":{"line":3,"column":63}},"4":{"start":{"line":5,"column":0},"end":{"line":5,"column":44}},"6":{"start":{"line":7,"column":0},"end":{"line":7,"column":53}},"12":{"start":{"line":13,"column":0},"end":{"line":13,"column":57}},"13":{"start":{"line":14,"column":0},"end":{"line":14,"column":13}},"14":{"start":{"line":15,"column":0},"end":{"line":15,"column":8}},"15":{"start":{"line":16,"column":0},"end":{"line":16,"column":29}},"16":{"start":{"line":17,"column":0},"end":{"line":17,"column":44}},"18":{"start":{"line":19,"column":0},"end":{"line":19,"column":37}},"19":{"start":{"line":20,"column":0},"end":{"line":20,"column":22}},"20":{"start":{"line":21,"column":0},"end":{"line":21,"column":40}},"21":{"start":{"line":22,"column":0},"end":{"line":22,"column":37}},"22":{"start":{"line":23,"column":0},"end":{"line":23,"column":10}},"23":{"start":{"line":24,"column":0},"end":{"line":24,"column":9}},"24":{"start":{"line":25,"column":0},"end":{"line":25,"column":10}},"25":{"start":{"line":26,"column":0},"end":{"line":26,"column":14}}},"s":{"2":1,"4":1,"6":1,"12":1,"13":2,"14":2,"15":2,"16":2,"18":2,"19":13,"20":13,"21":13,"22":13,"23":2,"24":2,"25":2},"branchMap":{"0":{"type":"branch","line":13,"loc":{"start":{"line":13,"column":40},"end":{"line":26,"column":14}},"locations":[{"start":{"line":13,"column":40},"end":{"line":26,"column":14}}]},"1":{"type":"branch","line":19,"loc":{"start":{"line":19,"column":30},"end":{"line":23,"column":10}},"locations":[{"start":{"line":19,"column":30},"end":{"line":23,"column":10}}]}},"b":{"0":[2],"1":[13]},"fnMap":{"0":{"name":"SkeletoneList","decl":{"start":{"line":13,"column":40},"end":{"line":26,"column":14}},"loc":{"start":{"line":13,"column":40},"end":{"line":26,"column":14}},"line":13}},"f":{"0":2}}
,"C:\\ab3\\Reaact\\RSS-React\\src\\UI\\SearchForm\\SearchForm.tsx": {"path":"C:\\ab3\\Reaact\\RSS-React\\src\\UI\\SearchForm\\SearchForm.tsx","all":false,"statementMap":{"2":{"start":{"line":3,"column":0},"end":{"line":3,"column":54}},"3":{"start":{"line":4,"column":0},"end":{"line":4,"column":39}},"5":{"start":{"line":6,"column":0},"end":{"line":6,"column":41}},"7":{"start":{"line":8,"column":0},"end":{"line":8,"column":45}},"8":{"start":{"line":9,"column":0},"end":{"line":9,"column":47}},"17":{"start":{"line":18,"column":0},"end":{"line":18,"column":94}},"18":{"start":{"line":19,"column":0},"end":{"line":19,"column":7}},"19":{"start":{"line":20,"column":0},"end":{"line":20,"column":22}},"20":{"start":{"line":21,"column":0},"end":{"line":21,"column":27}},"21":{"start":{"line":22,"column":0},"end":{"line":22,"column":28}},"23":{"start":{"line":24,"column":0},"end":{"line":24,"column":10}},"24":{"start":{"line":25,"column":0},"end":{"line":25,"column":33}},"25":{"start":{"line":26,"column":0},"end":{"line":26,"column":19}},"26":{"start":{"line":27,"column":0},"end":{"line":27,"column":6}},"28":{"start":{"line":29,"column":0},"end":{"line":29,"column":15}},"29":{"start":{"line":30,"column":0},"end":{"line":30,"column":19}},"30":{"start":{"line":31,"column":0},"end":{"line":31,"column":31}},"31":{"start":{"line":32,"column":0},"end":{"line":32,"column":25}},"33":{"start":{"line":34,"column":0},"end":{"line":34,"column":31}},"34":{"start":{"line":35,"column":0},"end":{"line":35,"column":17}},"36":{"start":{"line":37,"column":0},"end":{"line":37,"column":15}},"37":{"start":{"line":38,"column":0},"end":{"line":38,"column":31}},"38":{"start":{"line":39,"column":0},"end":{"line":39,"column":27}},"39":{"start":{"line":40,"column":0},"end":{"line":40,"column":24}},"41":{"start":{"line":42,"column":0},"end":{"line":42,"column":30}},"42":{"start":{"line":43,"column":0},"end":{"line":43,"column":17}},"43":{"start":{"line":44,"column":0},"end":{"line":44,"column":9}}},"s":{"2":1,"3":1,"5":1,"7":1,"8":1,"17":1,"18":7,"19":7,"20":7,"21":7,"23":7,"24":7,"25":7,"26":7,"28":7,"29":7,"30":7,"31":7,"33":7,"34":7,"36":7,"37":7,"38":7,"39":7,"41":7,"42":7,"43":7},"branchMap":{"0":{"type":"branch","line":18,"loc":{"start":{"line":18,"column":37},"end":{"line":44,"column":9}},"locations":[{"start":{"line":18,"column":37},"end":{"line":44,"column":9}}]}},"b":{"0":[7]},"fnMap":{"0":{"name":"SearchForm","decl":{"start":{"line":18,"column":37},"end":{"line":44,"column":9}},"loc":{"start":{"line":18,"column":37},"end":{"line":44,"column":9}},"line":18}},"f":{"0":7}}
,"C:\\ab3\\Reaact\\RSS-React\\src\\api\\character.api.ts": {"path":"C:\\ab3\\Reaact\\RSS-React\\src\\api\\character.api.ts","all":false,"statementMap":{"0":{"start":{"line":1,"column":0},"end":{"line":1,"column":26}},"2":{"start":{"line":3,"column":0},"end":{"line":3,"column":54}},"6":{"start":{"line":7,"column":0},"end":{"line":7,"column":54}},"8":{"start":{"line":9,"column":0},"end":{"line":9,"column":70}},"10":{"start":{"line":11,"column":0},"end":{"line":11,"column":46}},"12":{"start":{"line":13,"column":0},"end":{"line":13,"column":72}},"13":{"start":{"line":14,"column":0},"end":{"line":14,"column":69}},"15":{"start":{"line":16,"column":0},"end":{"line":16,"column":43}},"17":{"start":{"line":18,"column":0},"end":{"line":18,"column":112}},"19":{"start":{"line":20,"column":0},"end":{"line":20,"column":47}},"21":{"start":{"line":22,"column":0},"end":{"line":22,"column":26}},"22":{"start":{"line":23,"column":0},"end":{"line":23,"column":2}},"24":{"start":{"line":25,"column":0},"end":{"line":25,"column":90}},"25":{"start":{"line":26,"column":0},"end":{"line":26,"column":69}},"26":{"start":{"line":27,"column":0},"end":{"line":27,"column":56}},"27":{"start":{"line":28,"column":0},"end":{"line":28,"column":4}},"29":{"start":{"line":30,"column":0},"end":{"line":30,"column":18}},"30":{"start":{"line":31,"column":0},"end":{"line":31,"column":2}},"32":{"start":{"line":33,"column":0},"end":{"line":33,"column":99}},"33":{"start":{"line":34,"column":0},"end":{"line":34,"column":81}},"35":{"start":{"line":36,"column":0},"end":{"line":36,"column":60}},"36":{"start":{"line":37,"column":0},"end":{"line":37,"column":50}},"37":{"start":{"line":38,"column":0},"end":{"line":38,"column":19}},"38":{"start":{"line":39,"column":0},"end":{"line":39,"column":51}},"39":{"start":{"line":40,"column":0},"end":{"line":40,"column":7}},"40":{"start":{"line":41,"column":0},"end":{"line":41,"column":4}},"42":{"start":{"line":43,"column":0},"end":{"line":43,"column":10}},"43":{"start":{"line":44,"column":0},"end":{"line":44,"column":18}},"44":{"start":{"line":45,"column":0},"end":{"line":45,"column":28}},"45":{"start":{"line":46,"column":0},"end":{"line":46,"column":4}},"46":{"start":{"line":47,"column":0},"end":{"line":47,"column":2}},"48":{"start":{"line":49,"column":0},"end":{"line":49,"column":55}},"49":{"start":{"line":50,"column":0},"end":{"line":50,"column":106}},"51":{"start":{"line":52,"column":0},"end":{"line":52,"column":70}},"52":{"start":{"line":53,"column":0},"end":{"line":53,"column":2}}},"s":{"0":1,"2":1,"6":1,"8":1,"10":1,"12":1,"13":2,"15":1,"17":1,"19":1,"21":1,"22":1,"24":1,"25":1,"26":1,"27":1,"29":1,"30":1,"32":1,"33":1,"35":1,"36":1,"37":1,"38":1,"39":1,"40":1,"42":1,"43":1,"44":1,"45":1,"46":1,"48":1,"49":1,"51":1,"52":1},"branchMap":{"0":{"type":"branch","line":13,"loc":{"start":{"line":13,"column":25},"end":{"line":23,"column":2}},"locations":[{"start":{"line":13,"column":25},"end":{"line":23,"column":2}}]},"1":{"type":"branch","line":14,"loc":{"start":{"line":14,"column":34},"end":{"line":23,"column":2}},"locations":[{"start":{"line":14,"column":34},"end":{"line":23,"column":2}}]},"2":{"type":"branch","line":25,"loc":{"start":{"line":25,"column":29},"end":{"line":31,"column":2}},"locations":[{"start":{"line":25,"column":29},"end":{"line":31,"column":2}}]},"3":{"type":"branch","line":33,"loc":{"start":{"line":33,"column":33},"end":{"line":47,"column":2}},"locations":[{"start":{"line":33,"column":33},"end":{"line":47,"column":2}}]},"4":{"type":"branch","line":37,"loc":{"start":{"line":37,"column":27},"end":{"line":40,"column":6}},"locations":[{"start":{"line":37,"column":27},"end":{"line":40,"column":6}}]},"5":{"type":"branch","line":49,"loc":{"start":{"line":49,"column":32},"end":{"line":53,"column":2}},"locations":[{"start":{"line":49,"column":32},"end":{"line":53,"column":2}}]}},"b":{"0":[2],"1":[1],"2":[1],"3":[1],"4":[1],"5":[1]},"fnMap":{"0":{"name":"getPlanet","decl":{"start":{"line":13,"column":25},"end":{"line":23,"column":2}},"loc":{"start":{"line":13,"column":25},"end":{"line":23,"column":2}},"line":13},"1":{"name":"getCharacters","decl":{"start":{"line":25,"column":29},"end":{"line":31,"column":2}},"loc":{"start":{"line":25,"column":29},"end":{"line":31,"column":2}},"line":25},"2":{"name":"getCharactersData","decl":{"start":{"line":33,"column":33},"end":{"line":47,"column":2}},"loc":{"start":{"line":33,"column":33},"end":{"line":47,"column":2}},"line":33},"3":{"name":"getCharacterData","decl":{"start":{"line":49,"column":32},"end":{"line":53,"column":2}},"loc":{"start":{"line":49,"column":32},"end":{"line":53,"column":2}},"line":49}},"f":{"0":2,"1":1,"2":1,"3":1}}
,"C:\\ab3\\Reaact\\RSS-React\\src\\components\\Character\\Character.tsx": {"path":"C:\\ab3\\Reaact\\RSS-React\\src\\components\\Character\\Character.tsx","all":false,"statementMap":{"2":{"start":{"line":3,"column":0},"end":{"line":3,"column":39}},"5":{"start":{"line":6,"column":0},"end":{"line":6,"column":45}},"6":{"start":{"line":7,"column":0},"end":{"line":7,"column":56}},"7":{"start":{"line":8,"column":0},"end":{"line":8,"column":62}},"14":{"start":{"line":15,"column":0},"end":{"line":15,"column":60}},"15":{"start":{"line":16,"column":0},"end":{"line":16,"column":93}},"16":{"start":{"line":17,"column":0},"end":{"line":17,"column":55}},"18":{"start":{"line":19,"column":0},"end":{"line":19,"column":47}},"20":{"start":{"line":21,"column":0},"end":{"line":21,"column":10}},"21":{"start":{"line":22,"column":0},"end":{"line":22,"column":13}},"22":{"start":{"line":23,"column":0},"end":{"line":23,"column":17}},"23":{"start":{"line":24,"column":0},"end":{"line":24,"column":30}},"24":{"start":{"line":25,"column":0},"end":{"line":25,"column":58}},"26":{"start":{"line":27,"column":0},"end":{"line":27,"column":17}},"27":{"start":{"line":28,"column":0},"end":{"line":28,"column":19}},"29":{"start":{"line":30,"column":0},"end":{"line":30,"column":38}},"30":{"start":{"line":31,"column":0},"end":{"line":31,"column":12}},"31":{"start":{"line":32,"column":0},"end":{"line":32,"column":27}},"32":{"start":{"line":33,"column":0},"end":{"line":33,"column":35}},"33":{"start":{"line":34,"column":0},"end":{"line":34,"column":20}},"34":{"start":{"line":35,"column":0},"end":{"line":35,"column":10}},"35":{"start":{"line":36,"column":0},"end":{"line":36,"column":12}},"36":{"start":{"line":37,"column":0},"end":{"line":37,"column":40}},"37":{"start":{"line":38,"column":0},"end":{"line":38,"column":59}},"38":{"start":{"line":39,"column":0},"end":{"line":39,"column":10}},"39":{"start":{"line":40,"column":0},"end":{"line":40,"column":35}},"40":{"start":{"line":41,"column":0},"end":{"line":41,"column":19}},"42":{"start":{"line":43,"column":0},"end":{"line":43,"column":36}},"43":{"start":{"line":44,"column":0},"end":{"line":44,"column":12}},"44":{"start":{"line":45,"column":0},"end":{"line":45,"column":9}},"45":{"start":{"line":46,"column":0},"end":{"line":46,"column":14}},"47":{"start":{"line":48,"column":0},"end":{"line":48,"column":2}}},"s":{"2":1,"5":1,"6":1,"7":1,"14":1,"15":4,"16":4,"18":4,"20":4,"21":4,"22":4,"23":4,"24":4,"26":4,"27":4,"29":4,"30":4,"31":4,"32":4,"33":4,"34":4,"35":4,"36":4,"37":4,"38":16,"39":16,"40":16,"42":16,"43":16,"44":4,"45":4,"47":4},"branchMap":{"0":{"type":"branch","line":15,"loc":{"start":{"line":15,"column":36},"end":{"line":48,"column":2}},"locations":[{"start":{"line":15,"column":36},"end":{"line":48,"column":2}}]},"1":{"type":"branch","line":38,"loc":{"start":{"line":38,"column":40},"end":{"line":44,"column":12}},"locations":[{"start":{"line":38,"column":40},"end":{"line":44,"column":12}}]}},"b":{"0":[4],"1":[16]},"fnMap":{"0":{"name":"Character","decl":{"start":{"line":15,"column":36},"end":{"line":48,"column":2}},"loc":{"start":{"line":15,"column":36},"end":{"line":48,"column":2}},"line":15}},"f":{"0":4}}
,"C:\\ab3\\Reaact\\RSS-React\\src\\components\\Characters\\Characters.tsx": {"path":"C:\\ab3\\Reaact\\RSS-React\\src\\components\\Characters\\Characters.tsx","all":false,"statementMap":{"2":{"start":{"line":3,"column":0},"end":{"line":3,"column":54}},"4":{"start":{"line":5,"column":0},"end":{"line":5,"column":65}},"7":{"start":{"line":8,"column":0},"end":{"line":8,"column":62}},"13":{"start":{"line":14,"column":0},"end":{"line":14,"column":52}},"14":{"start":{"line":15,"column":0},"end":{"line":15,"column":46}},"16":{"start":{"line":17,"column":0},"end":{"line":17,"column":47}},"18":{"start":{"line":19,"column":0},"end":{"line":19,"column":10}},"19":{"start":{"line":20,"column":0},"end":{"line":20,"column":32}},"20":{"start":{"line":21,"column":0},"end":{"line":21,"column":47}},"21":{"start":{"line":22,"column":0},"end":{"line":22,"column":55}},"22":{"start":{"line":23,"column":0},"end":{"line":23,"column":10}},"24":{"start":{"line":25,"column":0},"end":{"line":25,"column":2}}},"s":{"2":1,"4":1,"7":1,"13":1,"14":4,"16":4,"18":4,"19":4,"20":4,"21":4,"22":4,"24":4},"branchMap":{"0":{"type":"branch","line":14,"loc":{"start":{"line":14,"column":37},"end":{"line":25,"column":2}},"locations":[{"start":{"line":14,"column":37},"end":{"line":25,"column":2}}]}},"b":{"0":[4]},"fnMap":{"0":{"name":"Characters","decl":{"start":{"line":14,"column":37},"end":{"line":25,"column":2}},"loc":{"start":{"line":14,"column":37},"end":{"line":25,"column":2}},"line":14}},"f":{"0":4}}
,"C:\\ab3\\Reaact\\RSS-React\\src\\components\\ErrorBoundary\\ErrorBoundary.tsx": {"path":"C:\\ab3\\Reaact\\RSS-React\\src\\components\\ErrorBoundary\\ErrorBoundary.tsx","all":false,"statementMap":{"0":{"start":{"line":1,"column":0},"end":{"line":1,"column":45}},"2":{"start":{"line":3,"column":0},"end":{"line":3,"column":44}},"4":{"start":{"line":5,"column":0},"end":{"line":5,"column":44}},"5":{"start":{"line":6,"column":0},"end":{"line":6,"column":53}},"16":{"start":{"line":17,"column":0},"end":{"line":17,"column":53}},"17":{"start":{"line":18,"column":0},"end":{"line":18,"column":29}},"18":{"start":{"line":19,"column":0},"end":{"line":19,"column":17}},"19":{"start":{"line":20,"column":0},"end":{"line":20,"column":57}},"20":{"start":{"line":21,"column":0},"end":{"line":21,"column":3}},"22":{"start":{"line":23,"column":0},"end":{"line":23,"column":35}},"23":{"start":{"line":24,"column":0},"end":{"line":24,"column":67}},"24":{"start":{"line":25,"column":0},"end":{"line":25,"column":3}},"26":{"start":{"line":27,"column":0},"end":{"line":27,"column":28}},"27":{"start":{"line":28,"column":0},"end":{"line":28,"column":59}},"28":{"start":{"line":29,"column":0},"end":{"line":29,"column":4}},"30":{"start":{"line":31,"column":0},"end":{"line":31,"column":12}},"31":{"start":{"line":32,"column":0},"end":{"line":32,"column":50}},"32":{"start":{"line":33,"column":0},"end":{"line":33,"column":36}},"34":{"start":{"line":35,"column":0},"end":{"line":35,"column":21}},"35":{"start":{"line":36,"column":0},"end":{"line":36,"column":19}},"36":{"start":{"line":37,"column":0},"end":{"line":37,"column":13}},"37":{"start":{"line":38,"column":0},"end":{"line":38,"column":37}},"38":{"start":{"line":39,"column":0},"end":{"line":39,"column":31}},"40":{"start":{"line":41,"column":0},"end":{"line":41,"column":72}},"41":{"start":{"line":42,"column":0},"end":{"line":42,"column":15}},"42":{"start":{"line":43,"column":0},"end":{"line":43,"column":45}},"43":{"start":{"line":44,"column":0},"end":{"line":44,"column":19}},"44":{"start":{"line":45,"column":0},"end":{"line":45,"column":27}},"45":{"start":{"line":46,"column":0},"end":{"line":46,"column":33}},"46":{"start":{"line":47,"column":0},"end":{"line":47,"column":45}},"47":{"start":{"line":48,"column":0},"end":{"line":48,"column":14}},"48":{"start":{"line":49,"column":0},"end":{"line":49,"column":16}},"49":{"start":{"line":50,"column":0},"end":{"line":50,"column":20}},"50":{"start":{"line":51,"column":0},"end":{"line":51,"column":17}},"51":{"start":{"line":52,"column":0},"end":{"line":52,"column":3}},"52":{"start":{"line":53,"column":0},"end":{"line":53,"column":1}},"54":{"start":{"line":55,"column":0},"end":{"line":55,"column":29}}},"s":{"0":1,"2":1,"4":1,"5":1,"16":3,"17":3,"18":4,"19":4,"20":4,"22":3,"23":2,"24":2,"26":3,"27":1,"28":1,"30":3,"31":7,"32":7,"34":7,"35":2,"36":2,"37":2,"38":2,"40":2,"41":2,"42":2,"43":2,"44":2,"45":2,"46":2,"47":2,"48":2,"49":2,"50":5,"51":7,"52":3,"54":1},"branchMap":{"0":{"type":"branch","line":17,"loc":{"start":{"line":17,"column":0},"end":{"line":53,"column":1}},"locations":[{"start":{"line":17,"column":0},"end":{"line":53,"column":1}}]},"1":{"type":"branch","line":18,"loc":{"start":{"line":18,"column":2},"end":{"line":21,"column":3}},"locations":[{"start":{"line":18,"column":2},"end":{"line":21,"column":3}}]},"2":{"type":"branch","line":23,"loc":{"start":{"line":23,"column":2},"end":{"line":25,"column":3}},"locations":[{"start":{"line":23,"column":2},"end":{"line":25,"column":3}}]},"3":{"type":"branch","line":27,"loc":{"start":{"line":27,"column":21},"end":{"line":29,"column":4}},"locations":[{"start":{"line":27,"column":21},"end":{"line":29,"column":4}}]},"4":{"type":"branch","line":31,"loc":{"start":{"line":31,"column":2},"end":{"line":52,"column":3}},"locations":[{"start":{"line":31,"column":2},"end":{"line":52,"column":3}}]},"5":{"type":"branch","line":35,"loc":{"start":{"line":35,"column":11},"end":{"line":50,"column":20}},"locations":[{"start":{"line":35,"column":11},"end":{"line":50,"column":20}}]},"6":{"type":"branch","line":41,"loc":{"start":{"line":41,"column":28},"end":{"line":41,"column":72}},"locations":[{"start":{"line":41,"column":28},"end":{"line":41,"column":72}}]},"7":{"type":"branch","line":50,"loc":{"start":{"line":50,"column":8},"end":{"line":51,"column":17}},"locations":[{"start":{"line":50,"column":8},"end":{"line":51,"column":17}}]}},"b":{"0":[3],"1":[4],"2":[2],"3":[1],"4":[7],"5":[2],"6":[0],"7":[5]},"fnMap":{"0":{"name":"<instance_members_initializer>","decl":{"start":{"line":17,"column":0},"end":{"line":53,"column":1}},"loc":{"start":{"line":17,"column":0},"end":{"line":53,"column":1}},"line":17},"1":{"name":"ErrorBoundary","decl":{"start":{"line":18,"column":2},"end":{"line":21,"column":3}},"loc":{"start":{"line":18,"column":2},"end":{"line":21,"column":3}},"line":18},"2":{"name":"componentDidCatch","decl":{"start":{"line":23,"column":2},"end":{"line":25,"column":3}},"loc":{"start":{"line":23,"column":2},"end":{"line":25,"column":3}},"line":23},"3":{"name":"handleResetError","decl":{"start":{"line":27,"column":21},"end":{"line":29,"column":4}},"loc":{"start":{"line":27,"column":21},"end":{"line":29,"column":4}},"line":27},"4":{"name":"render","decl":{"start":{"line":31,"column":2},"end":{"line":52,"column":3}},"loc":{"start":{"line":31,"column":2},"end":{"line":52,"column":3}},"line":31}},"f":{"0":3,"1":4,"2":2,"3":1,"4":7}}
,"C:\\ab3\\Reaact\\RSS-React\\src\\components\\Header\\Header.tsx": {"path":"C:\\ab3\\Reaact\\RSS-React\\src\\components\\Header\\Header.tsx","all":false,"statementMap":{"0":{"start":{"line":1,"column":0},"end":{"line":1,"column":37}},"2":{"start":{"line":3,"column":0},"end":{"line":3,"column":44}},"3":{"start":{"line":4,"column":0},"end":{"line":4,"column":56}},"4":{"start":{"line":5,"column":0},"end":{"line":5,"column":43}},"5":{"start":{"line":6,"column":0},"end":{"line":6,"column":40}},"6":{"start":{"line":7,"column":0},"end":{"line":7,"column":46}},"8":{"start":{"line":9,"column":0},"end":{"line":9,"column":29}},"9":{"start":{"line":10,"column":0},"end":{"line":10,"column":89}},"11":{"start":{"line":12,"column":0},"end":{"line":12,"column":48}},"13":{"start":{"line":14,"column":0},"end":{"line":14,"column":10}},"14":{"start":{"line":15,"column":0},"end":{"line":15,"column":36}},"15":{"start":{"line":16,"column":0},"end":{"line":16,"column":17}},"16":{"start":{"line":17,"column":0},"end":{"line":17,"column":24}},"17":{"start":{"line":18,"column":0},"end":{"line":18,"column":43}},"19":{"start":{"line":20,"column":0},"end":{"line":20,"column":11}},"20":{"start":{"line":21,"column":0},"end":{"line":21,"column":28}},"21":{"start":{"line":22,"column":0},"end":{"line":22,"column":31}},"23":{"start":{"line":24,"column":0},"end":{"line":24,"column":18}},"24":{"start":{"line":25,"column":0},"end":{"line":25,"column":13}},"25":{"start":{"line":26,"column":0},"end":{"line":26,"column":19}},"27":{"start":{"line":28,"column":0},"end":{"line":28,"column":32}},"28":{"start":{"line":29,"column":0},"end":{"line":29,"column":19}},"29":{"start":{"line":30,"column":0},"end":{"line":30,"column":37}},"30":{"start":{"line":31,"column":0},"end":{"line":31,"column":35}},"31":{"start":{"line":32,"column":0},"end":{"line":32,"column":37}},"32":{"start":{"line":33,"column":0},"end":{"line":33,"column":23}},"33":{"start":{"line":34,"column":0},"end":{"line":34,"column":10}},"34":{"start":{"line":35,"column":0},"end":{"line":35,"column":12}},"35":{"start":{"line":36,"column":0},"end":{"line":36,"column":13}},"37":{"start":{"line":38,"column":0},"end":{"line":38,"column":2}}},"s":{"0":1,"2":1,"3":1,"4":1,"5":1,"6":1,"8":1,"9":5,"11":5,"13":5,"14":5,"15":5,"16":5,"17":5,"19":5,"20":5,"21":5,"23":5,"24":5,"25":5,"27":5,"28":5,"29":5,"30":5,"31":5,"32":5,"33":5,"34":5,"35":5,"37":5},"branchMap":{"0":{"type":"branch","line":9,"loc":{"start":{"line":9,"column":22},"end":{"line":38,"column":2}},"locations":[{"start":{"line":9,"column":22},"end":{"line":38,"column":2}}]},"1":{"type":"branch","line":12,"loc":{"start":{"line":12,"column":16},"end":{"line":12,"column":34}},"locations":[{"start":{"line":12,"column":16},"end":{"line":12,"column":34}}]},"2":{"type":"branch","line":12,"loc":{"start":{"line":12,"column":25},"end":{"line":12,"column":48}},"locations":[{"start":{"line":12,"column":25},"end":{"line":12,"column":48}}]}},"b":{"0":[5],"1":[1],"2":[4]},"fnMap":{"0":{"name":"Header","decl":{"start":{"line":9,"column":22},"end":{"line":38,"column":2}},"loc":{"start":{"line":9,"column":22},"end":{"line":38,"column":2}},"line":9}},"f":{"0":5}}
,"C:\\ab3\\Reaact\\RSS-React\\src\\components\\Pagination\\Pagination.tsx": {"path":"C:\\ab3\\Reaact\\RSS-React\\src\\components\\Pagination\\Pagination.tsx","all":false,"statementMap":{"0":{"start":{"line":1,"column":0},"end":{"line":1,"column":28}},"2":{"start":{"line":3,"column":0},"end":{"line":3,"column":51}},"4":{"start":{"line":5,"column":0},"end":{"line":5,"column":41}},"6":{"start":{"line":7,"column":0},"end":{"line":7,"column":41}},"7":{"start":{"line":8,"column":0},"end":{"line":8,"column":50}},"8":{"start":{"line":9,"column":0},"end":{"line":9,"column":54}},"14":{"start":{"line":15,"column":0},"end":{"line":15,"column":63}},"15":{"start":{"line":16,"column":0},"end":{"line":16,"column":43}},"17":{"start":{"line":18,"column":0},"end":{"line":18,"column":55}},"19":{"start":{"line":20,"column":0},"end":{"line":20,"column":10}},"20":{"start":{"line":21,"column":0},"end":{"line":21,"column":27}},"21":{"start":{"line":22,"column":0},"end":{"line":22,"column":9}},"22":{"start":{"line":23,"column":0},"end":{"line":23,"column":68}},"23":{"start":{"line":24,"column":0},"end":{"line":24,"column":26}},"25":{"start":{"line":26,"column":0},"end":{"line":26,"column":56}},"26":{"start":{"line":27,"column":0},"end":{"line":27,"column":36}},"27":{"start":{"line":28,"column":0},"end":{"line":28,"column":21}},"28":{"start":{"line":29,"column":0},"end":{"line":29,"column":11}},"30":{"start":{"line":31,"column":0},"end":{"line":31,"column":50}},"32":{"start":{"line":33,"column":0},"end":{"line":33,"column":9}},"33":{"start":{"line":34,"column":0},"end":{"line":34,"column":76}},"34":{"start":{"line":35,"column":0},"end":{"line":35,"column":26}},"36":{"start":{"line":37,"column":0},"end":{"line":37,"column":56}},"37":{"start":{"line":38,"column":0},"end":{"line":38,"column":37}},"38":{"start":{"line":39,"column":0},"end":{"line":39,"column":21}},"39":{"start":{"line":40,"column":0},"end":{"line":40,"column":11}},"40":{"start":{"line":41,"column":0},"end":{"line":41,"column":9}},"42":{"start":{"line":43,"column":0},"end":{"line":43,"column":2}}},"s":{"0":1,"2":1,"4":1,"6":1,"7":1,"8":1,"14":1,"15":3,"17":3,"19":3,"20":3,"21":3,"22":3,"23":3,"25":3,"26":3,"27":3,"28":3,"30":3,"32":3,"33":3,"34":3,"36":3,"37":3,"38":3,"39":3,"40":3,"42":3},"branchMap":{"0":{"type":"branch","line":15,"loc":{"start":{"line":15,"column":43},"end":{"line":43,"column":2}},"locations":[{"start":{"line":15,"column":43},"end":{"line":43,"column":2}}]}},"b":{"0":[3]},"fnMap":{"0":{"name":"Pagination","decl":{"start":{"line":15,"column":43},"end":{"line":43,"column":2}},"loc":{"start":{"line":15,"column":43},"end":{"line":43,"column":2}},"line":15}},"f":{"0":3}}
,"C:\\ab3\\Reaact\\RSS-React\\src\\constants\\URL.ts": {"path":"C:\\ab3\\Reaact\\RSS-React\\src\\constants\\URL.ts","all":false,"statementMap":{"0":{"start":{"line":1,"column":0},"end":{"line":1,"column":49}},"2":{"start":{"line":3,"column":0},"end":{"line":3,"column":23}},"3":{"start":{"line":4,"column":0},"end":{"line":4,"column":20}},"4":{"start":{"line":5,"column":0},"end":{"line":5,"column":21}}},"s":{"0":1,"2":1,"3":1,"4":1},"branchMap":{"0":{"type":"branch","line":3,"loc":{"start":{"line":3,"column":7},"end":{"line":3,"column":23}},"locations":[{"start":{"line":3,"column":7},"end":{"line":3,"column":23}}]}},"b":{"0":[4]},"fnMap":{},"f":{}}
,"C:\\ab3\\Reaact\\RSS-React\\src\\constants\\path.ts": {"path":"C:\\ab3\\Reaact\\RSS-React\\src\\constants\\path.ts","all":false,"statementMap":{"0":{"start":{"line":1,"column":0},"end":{"line":1,"column":18}},"1":{"start":{"line":2,"column":0},"end":{"line":2,"column":13}},"2":{"start":{"line":3,"column":0},"end":{"line":3,"column":29}},"3":{"start":{"line":4,"column":0},"end":{"line":4,"column":29}}},"s":{"0":1,"1":1,"2":1,"3":1},"branchMap":{"0":{"type":"branch","line":1,"loc":{"start":{"line":1,"column":7},"end":{"line":1,"column":18}},"locations":[{"start":{"line":1,"column":7},"end":{"line":1,"column":18}}]}},"b":{"0":[7]},"fnMap":{},"f":{}}
,"C:\\ab3\\Reaact\\RSS-React\\src\\hooks\\useDetailsHandler.ts": {"path":"C:\\ab3\\Reaact\\RSS-React\\src\\hooks\\useDetailsHandler.ts","all":false,"statementMap":{"0":{"start":{"line":1,"column":0},"end":{"line":1,"column":51}},"2":{"start":{"line":3,"column":0},"end":{"line":3,"column":51}},"4":{"start":{"line":5,"column":0},"end":{"line":5,"column":40}},"5":{"start":{"line":6,"column":0},"end":{"line":6,"column":60}},"6":{"start":{"line":7,"column":0},"end":{"line":7,"column":46}},"8":{"start":{"line":9,"column":0},"end":{"line":9,"column":30}},"9":{"start":{"line":10,"column":0},"end":{"line":10,"column":18}},"10":{"start":{"line":11,"column":0},"end":{"line":11,"column":68}},"12":{"start":{"line":13,"column":0},"end":{"line":13,"column":71}},"13":{"start":{"line":14,"column":0},"end":{"line":14,"column":5}},"14":{"start":{"line":15,"column":0},"end":{"line":15,"column":4}},"16":{"start":{"line":17,"column":0},"end":{"line":17,"column":66}},"17":{"start":{"line":18,"column":0},"end":{"line":18,"column":2}}},"s":{"0":1,"2":1,"4":1,"5":10,"6":10,"8":10,"9":1,"10":1,"12":1,"13":1,"14":1,"16":10,"17":10},"branchMap":{"0":{"type":"branch","line":5,"loc":{"start":{"line":5,"column":33},"end":{"line":18,"column":2}},"locations":[{"start":{"line":5,"column":33},"end":{"line":18,"column":2}}]},"1":{"type":"branch","line":9,"loc":{"start":{"line":9,"column":23},"end":{"line":15,"column":4}},"locations":[{"start":{"line":9,"column":23},"end":{"line":15,"column":4}}]}},"b":{"0":[10],"1":[1]},"fnMap":{"0":{"name":"useDetailsHandler","decl":{"start":{"line":5,"column":33},"end":{"line":18,"column":2}},"loc":{"start":{"line":5,"column":33},"end":{"line":18,"column":2}},"line":5},"1":{"name":"closeDetails","decl":{"start":{"line":9,"column":23},"end":{"line":15,"column":4}},"loc":{"start":{"line":9,"column":23},"end":{"line":15,"column":4}},"line":9}},"f":{"0":10,"1":1}}
,"C:\\ab3\\Reaact\\RSS-React\\src\\hooks\\useLocaLStorage.ts": {"path":"C:\\ab3\\Reaact\\RSS-React\\src\\hooks\\useLocaLStorage.ts","all":false,"statementMap":{"6":{"start":{"line":7,"column":0},"end":{"line":7,"column":59}},"7":{"start":{"line":8,"column":0},"end":{"line":8,"column":45}},"8":{"start":{"line":9,"column":0},"end":{"line":9,"column":36}},"9":{"start":{"line":10,"column":0},"end":{"line":10,"column":39}},"10":{"start":{"line":11,"column":0},"end":{"line":11,"column":12}},"11":{"start":{"line":12,"column":0},"end":{"line":12,"column":55}},"12":{"start":{"line":13,"column":0},"end":{"line":13,"column":5}},"13":{"start":{"line":14,"column":0},"end":{"line":14,"column":4}},"15":{"start":{"line":16,"column":0},"end":{"line":16,"column":25}},"16":{"start":{"line":17,"column":0},"end":{"line":17,"column":43}},"18":{"start":{"line":19,"column":0},"end":{"line":19,"column":27}},"20":{"start":{"line":21,"column":0},"end":{"line":21,"column":9}},"21":{"start":{"line":22,"column":0},"end":{"line":22,"column":30}},"22":{"start":{"line":23,"column":0},"end":{"line":23,"column":13}},"23":{"start":{"line":24,"column":0},"end":{"line":24,"column":18}},"24":{"start":{"line":25,"column":0},"end":{"line":25,"column":5}},"25":{"start":{"line":26,"column":0},"end":{"line":26,"column":4}},"27":{"start":{"line":28,"column":0},"end":{"line":28,"column":62}},"29":{"start":{"line":30,"column":0},"end":{"line":30,"column":42}},"30":{"start":{"line":31,"column":0},"end":{"line":31,"column":2}},"32":{"start":{"line":33,"column":0},"end":{"line":33,"column":31}}},"s":{"6":1,"7":4,"8":3,"9":2,"10":3,"11":1,"12":1,"13":3,"15":4,"16":4,"18":4,"20":2,"21":2,"22":3,"23":1,"24":1,"25":4,"27":4,"29":4,"30":4,"32":1},"branchMap":{"0":{"type":"branch","line":7,"loc":{"start":{"line":7,"column":24},"end":{"line":31,"column":2}},"locations":[{"start":{"line":7,"column":24},"end":{"line":31,"column":2}}]},"1":{"type":"branch","line":8,"loc":{"start":{"line":8,"column":18},"end":{"line":14,"column":4}},"locations":[{"start":{"line":8,"column":18},"end":{"line":14,"column":4}}]},"2":{"type":"branch","line":9,"loc":{"start":{"line":9,"column":35},"end":{"line":11,"column":11}},"locations":[{"start":{"line":9,"column":35},"end":{"line":11,"column":11}}]},"3":{"type":"branch","line":11,"loc":{"start":{"line":11,"column":4},"end":{"line":13,"column":5}},"locations":[{"start":{"line":11,"column":4},"end":{"line":13,"column":5}}]},"4":{"type":"branch","line":16,"loc":{"start":{"line":16,"column":18},"end":{"line":26,"column":4}},"locations":[{"start":{"line":16,"column":18},"end":{"line":26,"column":4}}]},"5":{"type":"branch","line":19,"loc":{"start":{"line":19,"column":15},"end":{"line":19,"column":27}},"locations":[{"start":{"line":19,"column":15},"end":{"line":19,"column":27}}]},"6":{"type":"branch","line":19,"loc":{"start":{"line":19,"column":22},"end":{"line":25,"column":5}},"locations":[{"start":{"line":19,"column":22},"end":{"line":25,"column":5}}]},"7":{"type":"branch","line":19,"loc":{"start":{"line":19,"column":22},"end":{"line":23,"column":12}},"locations":[{"start":{"line":19,"column":22},"end":{"line":23,"column":12}}]},"8":{"type":"branch","line":23,"loc":{"start":{"line":23,"column":4},"end":{"line":25,"column":5}},"locations":[{"start":{"line":23,"column":4},"end":{"line":25,"column":5}}]},"9":{"type":"branch","line":28,"loc":{"start":{"line":28,"column":21},"end":{"line":28,"column":62}},"locations":[{"start":{"line":28,"column":21},"end":{"line":28,"column":62}}]}},"b":{"0":[4],"1":[3],"2":[2],"3":[1],"4":[4],"5":[2],"6":[3],"7":[2],"8":[1],"9":[1]},"fnMap":{"0":{"name":"useLocaLStorage","decl":{"start":{"line":7,"column":24},"end":{"line":31,"column":2}},"loc":{"start":{"line":7,"column":24},"end":{"line":31,"column":2}},"line":7},"1":{"name":"setItem","decl":{"start":{"line":8,"column":18},"end":{"line":14,"column":4}},"loc":{"start":{"line":8,"column":18},"end":{"line":14,"column":4}},"line":8},"2":{"name":"getItem","decl":{"start":{"line":16,"column":18},"end":{"line":26,"column":4}},"loc":{"start":{"line":16,"column":18},"end":{"line":26,"column":4}},"line":16},"3":{"name":"removeItem","decl":{"start":{"line":28,"column":21},"end":{"line":28,"column":62}},"loc":{"start":{"line":28,"column":21},"end":{"line":28,"column":62}},"line":28}},"f":{"0":4,"1":3,"2":4,"3":1}}
,"C:\\ab3\\Reaact\\RSS-React\\src\\hooks\\useSearch.ts": {"path":"C:\\ab3\\Reaact\\RSS-React\\src\\hooks\\useSearch.ts","all":false,"statementMap":{"0":{"start":{"line":1,"column":0},"end":{"line":1,"column":87}},"1":{"start":{"line":2,"column":0},"end":{"line":2,"column":47}},"3":{"start":{"line":4,"column":0},"end":{"line":4,"column":48}},"5":{"start":{"line":6,"column":0},"end":{"line":6,"column":32}},"6":{"start":{"line":7,"column":0},"end":{"line":7,"column":43}},"7":{"start":{"line":8,"column":0},"end":{"line":8,"column":57}},"8":{"start":{"line":9,"column":0},"end":{"line":9,"column":33}},"9":{"start":{"line":10,"column":0},"end":{"line":10,"column":69}},"10":{"start":{"line":11,"column":0},"end":{"line":11,"column":51}},"12":{"start":{"line":13,"column":0},"end":{"line":13,"column":25}},"13":{"start":{"line":14,"column":0},"end":{"line":14,"column":23}},"14":{"start":{"line":15,"column":0},"end":{"line":15,"column":37}},"15":{"start":{"line":16,"column":0},"end":{"line":16,"column":12}},"16":{"start":{"line":17,"column":0},"end":{"line":17,"column":27}},"17":{"start":{"line":18,"column":0},"end":{"line":18,"column":5}},"18":{"start":{"line":19,"column":0},"end":{"line":19,"column":21}},"20":{"start":{"line":21,"column":0},"end":{"line":21,"column":35}},"21":{"start":{"line":22,"column":0},"end":{"line":22,"column":47}},"22":{"start":{"line":23,"column":0},"end":{"line":23,"column":36}},"23":{"start":{"line":24,"column":0},"end":{"line":24,"column":46}},"24":{"start":{"line":25,"column":0},"end":{"line":25,"column":6}},"25":{"start":{"line":26,"column":0},"end":{"line":26,"column":19}},"26":{"start":{"line":27,"column":0},"end":{"line":27,"column":4}},"28":{"start":{"line":29,"column":0},"end":{"line":29,"column":41}},"29":{"start":{"line":30,"column":0},"end":{"line":30,"column":18}},"30":{"start":{"line":31,"column":0},"end":{"line":31,"column":17}},"31":{"start":{"line":32,"column":0},"end":{"line":32,"column":19}},"33":{"start":{"line":34,"column":0},"end":{"line":34,"column":35}},"34":{"start":{"line":35,"column":0},"end":{"line":35,"column":40}},"35":{"start":{"line":36,"column":0},"end":{"line":36,"column":25}},"37":{"start":{"line":38,"column":0},"end":{"line":38,"column":86}},"38":{"start":{"line":39,"column":0},"end":{"line":39,"column":79}},"40":{"start":{"line":41,"column":0},"end":{"line":41,"column":27}},"41":{"start":{"line":42,"column":0},"end":{"line":42,"column":23}},"42":{"start":{"line":43,"column":0},"end":{"line":43,"column":6}},"43":{"start":{"line":44,"column":0},"end":{"line":44,"column":46}},"44":{"start":{"line":45,"column":0},"end":{"line":45,"column":4}},"46":{"start":{"line":47,"column":0},"end":{"line":47,"column":85}},"47":{"start":{"line":48,"column":0},"end":{"line":48,"column":2}}},"s":{"0":1,"1":1,"3":1,"5":1,"6":12,"7":12,"8":12,"9":12,"10":12,"12":12,"13":5,"14":2,"15":5,"16":3,"17":3,"18":12,"20":12,"21":12,"22":3,"23":3,"24":3,"25":12,"26":12,"28":12,"29":1,"30":1,"31":12,"33":12,"34":12,"35":1,"37":1,"38":1,"40":1,"41":1,"42":1,"43":12,"44":12,"46":12,"47":12},"branchMap":{"0":{"type":"branch","line":6,"loc":{"start":{"line":6,"column":25},"end":{"line":48,"column":2}},"locations":[{"start":{"line":6,"column":25},"end":{"line":48,"column":2}}]},"1":{"type":"branch","line":11,"loc":{"start":{"line":11,"column":32},"end":{"line":11,"column":51}},"locations":[{"start":{"line":11,"column":32},"end":{"line":11,"column":51}}]},"2":{"type":"branch","line":13,"loc":{"start":{"line":13,"column":18},"end":{"line":19,"column":5}},"locations":[{"start":{"line":13,"column":18},"end":{"line":19,"column":5}}]},"3":{"type":"branch","line":14,"loc":{"start":{"line":14,"column":22},"end":{"line":16,"column":11}},"locations":[{"start":{"line":14,"column":22},"end":{"line":16,"column":11}}]},"4":{"type":"branch","line":16,"loc":{"start":{"line":16,"column":4},"end":{"line":18,"column":5}},"locations":[{"start":{"line":16,"column":4},"end":{"line":18,"column":5}}]},"5":{"type":"branch","line":22,"loc":{"start":{"line":22,"column":4},"end":{"line":25,"column":6}},"locations":[{"start":{"line":22,"column":4},"end":{"line":25,"column":6}}]},"6":{"type":"branch","line":24,"loc":{"start":{"line":24,"column":25},"end":{"line":24,"column":46}},"locations":[{"start":{"line":24,"column":25},"end":{"line":24,"column":46}}]},"7":{"type":"branch","line":29,"loc":{"start":{"line":29,"column":34},"end":{"line":32,"column":5}},"locations":[{"start":{"line":29,"column":34},"end":{"line":32,"column":5}}]},"8":{"type":"branch","line":35,"loc":{"start":{"line":35,"column":4},"end":{"line":43,"column":6}},"locations":[{"start":{"line":35,"column":4},"end":{"line":43,"column":6}}]},"9":{"type":"branch","line":38,"loc":{"start":{"line":38,"column":37},"end":{"line":38,"column":58}},"locations":[{"start":{"line":38,"column":37},"end":{"line":38,"column":58}}]},"10":{"type":"branch","line":39,"loc":{"start":{"line":39,"column":64},"end":{"line":39,"column":79}},"locations":[{"start":{"line":39,"column":64},"end":{"line":39,"column":79}}]}},"b":{"0":[12],"1":[7],"2":[5],"3":[2],"4":[3],"5":[3],"6":[1],"7":[1],"8":[1],"9":[0],"10":[0]},"fnMap":{"0":{"name":"useSearch","decl":{"start":{"line":6,"column":25},"end":{"line":48,"column":2}},"loc":{"start":{"line":6,"column":25},"end":{"line":48,"column":2}},"line":6}},"f":{"0":12}}
,"C:\\ab3\\Reaact\\RSS-React\\src\\hooks\\useFetch\\index.ts": {"path":"C:\\ab3\\Reaact\\RSS-React\\src\\hooks\\useFetch\\index.ts","all":false,"statementMap":{"0":{"start":{"line":1,"column":0},"end":{"line":1,"column":36}},"1":{"start":{"line":2,"column":0},"end":{"line":2,"column":37}},"2":{"start":{"line":3,"column":0},"end":{"line":3,"column":31}}},"s":{"0":1,"1":1,"2":1},"branchMap":{},"b":{},"fnMap":{},"f":{}}
,"C:\\ab3\\Reaact\\RSS-React\\src\\hooks\\useFetch\\useFetchCharacter.ts": {"path":"C:\\ab3\\Reaact\\RSS-React\\src\\hooks\\useFetch\\useFetchCharacter.ts","all":false,"statementMap":{"0":{"start":{"line":1,"column":0},"end":{"line":1,"column":61}},"2":{"start":{"line":3,"column":0},"end":{"line":3,"column":55}},"4":{"start":{"line":5,"column":0},"end":{"line":5,"column":38}},"5":{"start":{"line":6,"column":0},"end":{"line":6,"column":84}}},"s":{"0":1,"2":1,"4":1,"5":1},"branchMap":{"0":{"type":"branch","line":5,"loc":{"start":{"line":5,"column":33},"end":{"line":6,"column":84}},"locations":[{"start":{"line":5,"column":33},"end":{"line":6,"column":84}}]}},"b":{"0":[1]},"fnMap":{"0":{"name":"useFetchCharacter","decl":{"start":{"line":5,"column":33},"end":{"line":6,"column":84}},"loc":{"start":{"line":5,"column":33},"end":{"line":6,"column":84}},"line":5}},"f":{"0":1}}
,"C:\\ab3\\Reaact\\RSS-React\\src\\hooks\\useFetch\\useFetchCharacters.ts": {"path":"C:\\ab3\\Reaact\\RSS-React\\src\\hooks\\useFetch\\useFetchCharacters.ts","all":false,"statementMap":{"0":{"start":{"line":1,"column":0},"end":{"line":1,"column":61}},"3":{"start":{"line":4,"column":0},"end":{"line":4,"column":56}},"6":{"start":{"line":7,"column":0},"end":{"line":7,"column":39}},"7":{"start":{"line":8,"column":0},"end":{"line":8,"column":81}},"8":{"start":{"line":9,"column":0},"end":{"line":9,"column":58}},"9":{"start":{"line":10,"column":0},"end":{"line":10,"column":21}},"10":{"start":{"line":11,"column":0},"end":{"line":11,"column":4}}},"s":{"0":1,"3":1,"6":1,"7":1,"8":1,"9":1,"10":1},"branchMap":{"0":{"type":"branch","line":7,"loc":{"start":{"line":7,"column":34},"end":{"line":11,"column":4}},"locations":[{"start":{"line":7,"column":34},"end":{"line":11,"column":4}}]}},"b":{"0":[1]},"fnMap":{"0":{"name":"useFetchCharacters","decl":{"start":{"line":7,"column":34},"end":{"line":11,"column":4}},"loc":{"start":{"line":7,"column":34},"end":{"line":11,"column":4}},"line":7}},"f":{"0":1}}
,"C:\\ab3\\Reaact\\RSS-React\\src\\hooks\\useFetch\\useFetchData.ts": {"path":"C:\\ab3\\Reaact\\RSS-React\\src\\hooks\\useFetch\\useFetchData.ts","all":false,"statementMap":{"0":{"start":{"line":1,"column":0},"end":{"line":1,"column":46}},"2":{"start":{"line":3,"column":0},"end":{"line":3,"column":50}},"4":{"start":{"line":5,"column":0},"end":{"line":5,"column":117}},"5":{"start":{"line":6,"column":0},"end":{"line":6,"column":52}},"6":{"start":{"line":7,"column":0},"end":{"line":7,"column":51}},"7":{"start":{"line":8,"column":0},"end":{"line":8,"column":58}},"9":{"start":{"line":10,"column":0},"end":{"line":10,"column":32}},"10":{"start":{"line":11,"column":0},"end":{"line":11,"column":25}},"11":{"start":{"line":12,"column":0},"end":{"line":12,"column":25}},"12":{"start":{"line":13,"column":0},"end":{"line":13,"column":21}},"14":{"start":{"line":15,"column":0},"end":{"line":15,"column":11}},"15":{"start":{"line":16,"column":0},"end":{"line":16,"column":45}},"17":{"start":{"line":18,"column":0},"end":{"line":18,"column":38}},"18":{"start":{"line":19,"column":0},"end":{"line":19,"column":28}},"19":{"start":{"line":20,"column":0},"end":{"line":20,"column":16}},"20":{"start":{"line":21,"column":0},"end":{"line":21,"column":24}},"21":{"start":{"line":22,"column":0},"end":{"line":22,"column":9}},"22":{"start":{"line":23,"column":0},"end":{"line":23,"column":21}},"23":{"start":{"line":24,"column":0},"end":{"line":24,"column":35}},"24":{"start":{"line":25,"column":0},"end":{"line":25,"column":17}},"25":{"start":{"line":26,"column":0},"end":{"line":26,"column":28}},"26":{"start":{"line":27,"column":0},"end":{"line":27,"column":7}},"27":{"start":{"line":28,"column":0},"end":{"line":28,"column":6}},"28":{"start":{"line":29,"column":0},"end":{"line":29,"column":17}},"29":{"start":{"line":30,"column":0},"end":{"line":30,"column":4}},"31":{"start":{"line":32,"column":0},"end":{"line":32,"column":47}},"32":{"start":{"line":33,"column":0},"end":{"line":33,"column":2}}},"s":{"0":1,"2":1,"4":1,"5":9,"6":9,"7":9,"9":9,"10":9,"11":3,"12":3,"14":3,"15":3,"17":3,"18":1,"19":1,"20":1,"21":1,"22":3,"23":1,"24":3,"25":3,"26":3,"27":3,"28":9,"29":9,"31":9,"32":9},"branchMap":{"0":{"type":"branch","line":5,"loc":{"start":{"line":5,"column":28},"end":{"line":33,"column":2}},"locations":[{"start":{"line":5,"column":28},"end":{"line":33,"column":2}}]},"1":{"type":"branch","line":11,"loc":{"start":{"line":11,"column":4},"end":{"line":28,"column":6}},"locations":[{"start":{"line":11,"column":4},"end":{"line":28,"column":6}}]},"2":{"type":"branch","line":16,"loc":{"start":{"line":16,"column":43},"end":{"line":18,"column":37}},"locations":[{"start":{"line":16,"column":43},"end":{"line":18,"column":37}}]},"3":{"type":"branch","line":18,"loc":{"start":{"line":18,"column":37},"end":{"line":22,"column":9}},"locations":[{"start":{"line":18,"column":37},"end":{"line":22,"column":9}}]},"4":{"type":"branch","line":23,"loc":{"start":{"line":23,"column":6},"end":{"line":25,"column":8}},"locations":[{"start":{"line":23,"column":6},"end":{"line":25,"column":8}}]}},"b":{"0":[9],"1":[3],"2":[2],"3":[1],"4":[1]},"fnMap":{"0":{"name":"useFetchData","decl":{"start":{"line":5,"column":28},"end":{"line":33,"column":2}},"loc":{"start":{"line":5,"column":28},"end":{"line":33,"column":2}},"line":5}},"f":{"0":9}}
,"C:\\ab3\\Reaact\\RSS-React\\src\\pages\\CharacterPage\\CharacterPage.tsx": {"path":"C:\\ab3\\Reaact\\RSS-React\\src\\pages\\CharacterPage\\CharacterPage.tsx","all":false,"statementMap":{"0":{"start":{"line":1,"column":0},"end":{"line":1,"column":34}},"1":{"start":{"line":2,"column":0},"end":{"line":2,"column":51}},"3":{"start":{"line":4,"column":0},"end":{"line":4,"column":68}},"4":{"start":{"line":5,"column":0},"end":{"line":5,"column":61}},"5":{"start":{"line":6,"column":0},"end":{"line":6,"column":44}},"6":{"start":{"line":7,"column":0},"end":{"line":7,"column":53}},"7":{"start":{"line":8,"column":0},"end":{"line":8,"column":53}},"9":{"start":{"line":10,"column":0},"end":{"line":10,"column":29}},"10":{"start":{"line":11,"column":0},"end":{"line":11,"column":43}},"12":{"start":{"line":13,"column":0},"end":{"line":13,"column":56}},"14":{"start":{"line":15,"column":0},"end":{"line":15,"column":79}},"16":{"start":{"line":17,"column":0},"end":{"line":17,"column":19}},"17":{"start":{"line":18,"column":0},"end":{"line":18,"column":22}},"18":{"start":{"line":19,"column":0},"end":{"line":19,"column":29}},"19":{"start":{"line":20,"column":0},"end":{"line":20,"column":5}},"20":{"start":{"line":21,"column":0},"end":{"line":21,"column":31}},"22":{"start":{"line":23,"column":0},"end":{"line":23,"column":28}},"23":{"start":{"line":24,"column":0},"end":{"line":24,"column":19}},"24":{"start":{"line":25,"column":0},"end":{"line":25,"column":21}},"25":{"start":{"line":26,"column":0},"end":{"line":26,"column":26}},"27":{"start":{"line":28,"column":0},"end":{"line":28,"column":33}},"28":{"start":{"line":29,"column":0},"end":{"line":29,"column":16}},"29":{"start":{"line":30,"column":0},"end":{"line":30,"column":25}},"30":{"start":{"line":31,"column":0},"end":{"line":31,"column":39}},"31":{"start":{"line":32,"column":0},"end":{"line":32,"column":38}},"32":{"start":{"line":33,"column":0},"end":{"line":33,"column":27}},"33":{"start":{"line":34,"column":0},"end":{"line":34,"column":12}},"36":{"start":{"line":37,"column":0},"end":{"line":37,"column":37}},"37":{"start":{"line":38,"column":0},"end":{"line":38,"column":16}},"38":{"start":{"line":39,"column":0},"end":{"line":39,"column":20}},"39":{"start":{"line":40,"column":0},"end":{"line":40,"column":33}},"40":{"start":{"line":41,"column":0},"end":{"line":41,"column":36}},"41":{"start":{"line":42,"column":0},"end":{"line":42,"column":12}},"44":{"start":{"line":45,"column":0},"end":{"line":45,"column":14}},"45":{"start":{"line":46,"column":0},"end":{"line":46,"column":16}},"46":{"start":{"line":47,"column":0},"end":{"line":47,"column":25}},"47":{"start":{"line":48,"column":0},"end":{"line":48,"column":39}},"48":{"start":{"line":49,"column":0},"end":{"line":49,"column":38}},"49":{"start":{"line":50,"column":0},"end":{"line":50,"column":27}},"50":{"start":{"line":51,"column":0},"end":{"line":51,"column":12}},"52":{"start":{"line":53,"column":0},"end":{"line":53,"column":5}},"53":{"start":{"line":54,"column":0},"end":{"line":54,"column":4}},"55":{"start":{"line":56,"column":0},"end":{"line":56,"column":72}},"56":{"start":{"line":57,"column":0},"end":{"line":57,"column":2}},"58":{"start":{"line":59,"column":0},"end":{"line":59,"column":29}}},"s":{"0":1,"1":1,"3":1,"4":1,"5":1,"6":1,"7":1,"9":1,"10":4,"12":4,"14":4,"16":4,"17":4,"18":0,"19":0,"20":4,"22":4,"23":4,"24":4,"25":1,"27":4,"28":1,"29":1,"30":1,"31":1,"32":1,"33":1,"36":4,"37":1,"38":1,"39":1,"40":1,"41":1,"44":4,"45":1,"46":1,"47":1,"48":1,"49":1,"50":1,"52":4,"53":4,"55":4,"56":4,"58":1},"branchMap":{"0":{"type":"branch","line":10,"loc":{"start":{"line":10,"column":22},"end":{"line":57,"column":2}},"locations":[{"start":{"line":10,"column":22},"end":{"line":57,"column":2}}]},"1":{"type":"branch","line":17,"loc":{"start":{"line":17,"column":12},"end":{"line":21,"column":5}},"locations":[{"start":{"line":17,"column":12},"end":{"line":21,"column":5}}]},"2":{"type":"branch","line":18,"loc":{"start":{"line":18,"column":21},"end":{"line":20,"column":5}},"locations":[{"start":{"line":18,"column":21},"end":{"line":20,"column":5}}]},"3":{"type":"branch","line":23,"loc":{"start":{"line":23,"column":21},"end":{"line":54,"column":4}},"locations":[{"start":{"line":23,"column":21},"end":{"line":54,"column":4}}]},"4":{"type":"branch","line":25,"loc":{"start":{"line":25,"column":6},"end":{"line":26,"column":26}},"locations":[{"start":{"line":25,"column":6},"end":{"line":26,"column":26}}]},"5":{"type":"branch","line":28,"loc":{"start":{"line":28,"column":6},"end":{"line":34,"column":12}},"locations":[{"start":{"line":28,"column":6},"end":{"line":34,"column":12}}]},"6":{"type":"branch","line":28,"loc":{"start":{"line":28,"column":12},"end":{"line":28,"column":33}},"locations":[{"start":{"line":28,"column":12},"end":{"line":28,"column":33}}]},"7":{"type":"branch","line":37,"loc":{"start":{"line":37,"column":6},"end":{"line":42,"column":12}},"locations":[{"start":{"line":37,"column":6},"end":{"line":42,"column":12}}]},"8":{"type":"branch","line":37,"loc":{"start":{"line":37,"column":12},"end":{"line":37,"column":37}},"locations":[{"start":{"line":37,"column":12},"end":{"line":37,"column":37}}]},"9":{"type":"branch","line":45,"loc":{"start":{"line":45,"column":6},"end":{"line":51,"column":12}},"locations":[{"start":{"line":45,"column":6},"end":{"line":51,"column":12}}]}},"b":{"0":[4],"1":[4],"2":[0],"3":[4],"4":[1],"5":[1],"6":[3],"7":[1],"8":[2],"9":[1]},"fnMap":{"0":{"name":"CharacterPage","decl":{"start":{"line":10,"column":22},"end":{"line":57,"column":2}},"loc":{"start":{"line":10,"column":22},"end":{"line":57,"column":2}},"line":10},"1":{"name":"renderView","decl":{"start":{"line":23,"column":21},"end":{"line":54,"column":4}},"loc":{"start":{"line":23,"column":21},"end":{"line":54,"column":4}},"line":23}},"f":{"0":4,"1":4}}
,"C:\\ab3\\Reaact\\RSS-React\\src\\pages\\CharactersPage\\CharactersPage.tsx": {"path":"C:\\ab3\\Reaact\\RSS-React\\src\\pages\\CharactersPage\\CharactersPage.tsx","all":false,"statementMap":{"0":{"start":{"line":1,"column":0},"end":{"line":1,"column":59}},"1":{"start":{"line":2,"column":0},"end":{"line":2,"column":34}},"3":{"start":{"line":4,"column":0},"end":{"line":4,"column":45}},"5":{"start":{"line":6,"column":0},"end":{"line":6,"column":64}},"6":{"start":{"line":7,"column":0},"end":{"line":7,"column":68}},"7":{"start":{"line":8,"column":0},"end":{"line":8,"column":76}},"8":{"start":{"line":9,"column":0},"end":{"line":9,"column":53}},"9":{"start":{"line":10,"column":0},"end":{"line":10,"column":54}},"10":{"start":{"line":11,"column":0},"end":{"line":11,"column":54}},"12":{"start":{"line":13,"column":0},"end":{"line":13,"column":30}},"13":{"start":{"line":14,"column":0},"end":{"line":14,"column":69}},"14":{"start":{"line":15,"column":0},"end":{"line":15,"column":43}},"16":{"start":{"line":17,"column":0},"end":{"line":17,"column":63}},"17":{"start":{"line":18,"column":0},"end":{"line":18,"column":50}},"18":{"start":{"line":19,"column":0},"end":{"line":19,"column":46}},"20":{"start":{"line":21,"column":0},"end":{"line":21,"column":19}},"21":{"start":{"line":22,"column":0},"end":{"line":22,"column":32}},"22":{"start":{"line":23,"column":0},"end":{"line":23,"column":32}},"24":{"start":{"line":25,"column":0},"end":{"line":25,"column":28}},"25":{"start":{"line":26,"column":0},"end":{"line":26,"column":19}},"26":{"start":{"line":27,"column":0},"end":{"line":27,"column":21}},"27":{"start":{"line":28,"column":0},"end":{"line":28,"column":16}},"28":{"start":{"line":29,"column":0},"end":{"line":29,"column":43}},"29":{"start":{"line":30,"column":0},"end":{"line":30,"column":41}},"30":{"start":{"line":31,"column":0},"end":{"line":31,"column":16}},"33":{"start":{"line":34,"column":0},"end":{"line":34,"column":75}},"34":{"start":{"line":35,"column":0},"end":{"line":35,"column":16}},"35":{"start":{"line":36,"column":0},"end":{"line":36,"column":25}},"36":{"start":{"line":37,"column":0},"end":{"line":37,"column":39}},"37":{"start":{"line":38,"column":0},"end":{"line":38,"column":38}},"38":{"start":{"line":39,"column":0},"end":{"line":39,"column":27}},"39":{"start":{"line":40,"column":0},"end":{"line":40,"column":12}},"42":{"start":{"line":43,"column":0},"end":{"line":43,"column":14}},"43":{"start":{"line":44,"column":0},"end":{"line":44,"column":42}},"44":{"start":{"line":45,"column":0},"end":{"line":45,"column":5}},"45":{"start":{"line":46,"column":0},"end":{"line":46,"column":4}},"47":{"start":{"line":48,"column":0},"end":{"line":48,"column":10}},"48":{"start":{"line":49,"column":0},"end":{"line":49,"column":31}},"49":{"start":{"line":50,"column":0},"end":{"line":50,"column":37}},"50":{"start":{"line":51,"column":0},"end":{"line":51,"column":33}},"51":{"start":{"line":52,"column":0},"end":{"line":52,"column":18}},"52":{"start":{"line":53,"column":0},"end":{"line":53,"column":29}},"53":{"start":{"line":54,"column":0},"end":{"line":54,"column":10}},"55":{"start":{"line":56,"column":0},"end":{"line":56,"column":2}},"57":{"start":{"line":58,"column":0},"end":{"line":58,"column":30}}},"s":{"0":1,"1":1,"3":1,"5":1,"6":1,"7":1,"8":1,"9":1,"10":1,"12":1,"13":5,"14":5,"16":5,"17":5,"18":5,"20":5,"21":5,"22":5,"24":5,"25":5,"26":5,"27":1,"28":1,"29":1,"30":1,"33":5,"34":2,"35":2,"36":2,"37":2,"38":2,"39":2,"42":5,"43":2,"44":5,"45":5,"47":5,"48":5,"49":5,"50":5,"51":5,"52":5,"53":5,"55":5,"57":1},"branchMap":{"0":{"type":"branch","line":13,"loc":{"start":{"line":13,"column":23},"end":{"line":56,"column":2}},"locations":[{"start":{"line":13,"column":23},"end":{"line":56,"column":2}}]},"1":{"type":"branch","line":21,"loc":{"start":{"line":21,"column":12},"end":{"line":23,"column":5}},"locations":[{"start":{"line":21,"column":12},"end":{"line":23,"column":5}}]},"2":{"type":"branch","line":25,"loc":{"start":{"line":25,"column":21},"end":{"line":46,"column":4}},"locations":[{"start":{"line":25,"column":21},"end":{"line":46,"column":4}}]},"3":{"type":"branch","line":27,"loc":{"start":{"line":27,"column":6},"end":{"line":31,"column":16}},"locations":[{"start":{"line":27,"column":6},"end":{"line":31,"column":16}}]},"4":{"type":"branch","line":34,"loc":{"start":{"line":34,"column":6},"end":{"line":40,"column":12}},"locations":[{"start":{"line":34,"column":6},"end":{"line":40,"column":12}}]},"5":{"type":"branch","line":34,"loc":{"start":{"line":34,"column":13},"end":{"line":34,"column":39}},"locations":[{"start":{"line":34,"column":13},"end":{"line":34,"column":39}}]},"6":{"type":"branch","line":34,"loc":{"start":{"line":34,"column":28},"end":{"line":34,"column":75}},"locations":[{"start":{"line":34,"column":28},"end":{"line":34,"column":75}}]},"7":{"type":"branch","line":43,"loc":{"start":{"line":43,"column":6},"end":{"line":44,"column":42}},"locations":[{"start":{"line":43,"column":6},"end":{"line":44,"column":42}}]}},"b":{"0":[5],"1":[5],"2":[5],"3":[1],"4":[2],"5":[4],"6":[3],"7":[2]},"fnMap":{"0":{"name":"CharactersPage","decl":{"start":{"line":13,"column":23},"end":{"line":56,"column":2}},"loc":{"start":{"line":13,"column":23},"end":{"line":56,"column":2}},"line":13},"1":{"name":"renderView","decl":{"start":{"line":25,"column":21},"end":{"line":46,"column":4}},"loc":{"start":{"line":25,"column":21},"end":{"line":46,"column":4}},"line":25}},"f":{"0":5,"1":5}}
,"C:\\ab3\\Reaact\\RSS-React\\src\\pages\\NotFoundPage\\NotFoundPage.tsx": {"path":"C:\\ab3\\Reaact\\RSS-React\\src\\pages\\NotFoundPage\\NotFoundPage.tsx","all":false,"statementMap":{"0":{"start":{"line":1,"column":0},"end":{"line":1,"column":68}},"2":{"start":{"line":3,"column":0},"end":{"line":3,"column":28}},"3":{"start":{"line":4,"column":0},"end":{"line":4,"column":17}},"4":{"start":{"line":5,"column":0},"end":{"line":5,"column":31}},"5":{"start":{"line":6,"column":0},"end":{"line":6,"column":30}},"6":{"start":{"line":7,"column":0},"end":{"line":7,"column":19}},"7":{"start":{"line":8,"column":0},"end":{"line":8,"column":4}},"10":{"start":{"line":11,"column":0},"end":{"line":11,"column":28}}},"s":{"0":1,"2":1,"3":1,"4":1,"5":1,"6":1,"7":1,"10":1},"branchMap":{"0":{"type":"branch","line":3,"loc":{"start":{"line":3,"column":21},"end":{"line":8,"column":4}},"locations":[{"start":{"line":3,"column":21},"end":{"line":8,"column":4}}]}},"b":{"0":[1]},"fnMap":{"0":{"name":"NotFoundPage","decl":{"start":{"line":3,"column":21},"end":{"line":8,"column":4}},"loc":{"start":{"line":3,"column":21},"end":{"line":8,"column":4}},"line":3}},"f":{"0":1}}
,"C:\\ab3\\Reaact\\RSS-React\\src\\pages\\Redirects\\RedirectToCharacters.tsx": {"path":"C:\\ab3\\Reaact\\RSS-React\\src\\pages\\Redirects\\RedirectToCharacters.tsx","all":false,"statementMap":{"0":{"start":{"line":1,"column":0},"end":{"line":1,"column":57}},"2":{"start":{"line":3,"column":0},"end":{"line":3,"column":40}},"3":{"start":{"line":4,"column":0},"end":{"line":4,"column":54}},"4":{"start":{"line":5,"column":0},"end":{"line":5,"column":51}},"6":{"start":{"line":7,"column":0},"end":{"line":7,"column":43}},"7":{"start":{"line":8,"column":0},"end":{"line":8,"column":33}},"9":{"start":{"line":10,"column":0},"end":{"line":10,"column":48}},"11":{"start":{"line":12,"column":0},"end":{"line":12,"column":35}},"13":{"start":{"line":14,"column":0},"end":{"line":14,"column":76}},"15":{"start":{"line":16,"column":0},"end":{"line":16,"column":87}},"17":{"start":{"line":18,"column":0},"end":{"line":18,"column":64}},"18":{"start":{"line":19,"column":0},"end":{"line":19,"column":2}}},"s":{"0":1,"2":1,"3":1,"4":1,"6":1,"7":1,"9":1,"11":1,"13":1,"15":1,"17":1,"18":1},"branchMap":{"0":{"type":"branch","line":7,"loc":{"start":{"line":7,"column":36},"end":{"line":19,"column":2}},"locations":[{"start":{"line":7,"column":36},"end":{"line":19,"column":2}}]},"1":{"type":"branch","line":14,"loc":{"start":{"line":14,"column":43},"end":{"line":14,"column":71}},"locations":[{"start":{"line":14,"column":43},"end":{"line":14,"column":71}}]}},"b":{"0":[1],"1":[0]},"fnMap":{"0":{"name":"RedirectToCharacters","decl":{"start":{"line":7,"column":36},"end":{"line":19,"column":2}},"loc":{"start":{"line":7,"column":36},"end":{"line":19,"column":2}},"line":7}},"f":{"0":1}}
,"C:\\ab3\\Reaact\\RSS-React\\src\\pages\\Redirects\\index.ts": {"path":"C:\\ab3\\Reaact\\RSS-React\\src\\pages\\Redirects\\index.ts","all":false,"statementMap":{"0":{"start":{"line":1,"column":0},"end":{"line":1,"column":39}}},"s":{"0":1},"branchMap":{},"b":{},"fnMap":{},"f":{}}
,"C:\\ab3\\Reaact\\RSS-React\\src\\routing\\routes.ts": {"path":"C:\\ab3\\Reaact\\RSS-React\\src\\routing\\routes.ts","all":false,"statementMap":{"0":{"start":{"line":1,"column":0},"end":{"line":1,"column":29}},"2":{"start":{"line":3,"column":0},"end":{"line":3,"column":22}},"3":{"start":{"line":4,"column":0},"end":{"line":4,"column":73}},"4":{"start":{"line":5,"column":0},"end":{"line":5,"column":76}},"5":{"start":{"line":6,"column":0},"end":{"line":6,"column":79}},"6":{"start":{"line":7,"column":0},"end":{"line":7,"column":2}}},"s":{"0":1,"2":1,"3":1,"4":1,"5":1,"6":1},"branchMap":{},"b":{},"fnMap":{},"f":{}}
,"C:\\ab3\\Reaact\\RSS-React\\src\\types\\Characker.type.ts": {"path":"C:\\ab3\\Reaact\\RSS-React\\src\\types\\Characker.type.ts","all":true,"statementMap":{},"s":{},"branchMap":{"0":{"type":"branch","line":1,"loc":{"start":{"line":1,"column":312},"end":{"line":15,"column":1}},"locations":[{"start":{"line":1,"column":312},"end":{"line":15,"column":1}}]}},"b":{"0":[1]},"fnMap":{"0":{"name":"(empty-report)","decl":{"start":{"line":1,"column":312},"end":{"line":15,"column":1}},"loc":{"start":{"line":1,"column":312},"end":{"line":15,"column":1}},"line":1}},"f":{"0":1}}
,"C:\\ab3\\Reaact\\RSS-React\\src\\types\\Planet.type.ts": {"path":"C:\\ab3\\Reaact\\RSS-React\\src\\types\\Planet.type.ts","all":true,"statementMap":{},"s":{},"branchMap":{"0":{"type":"branch","line":1,"loc":{"start":{"line":1,"column":45},"end":{"line":3,"column":1}},"locations":[{"start":{"line":1,"column":45},"end":{"line":3,"column":1}}]}},"b":{"0":[1]},"fnMap":{"0":{"name":"(empty-report)","decl":{"start":{"line":1,"column":45},"end":{"line":3,"column":1}},"loc":{"start":{"line":1,"column":45},"end":{"line":3,"column":1}},"line":1}},"f":{"0":1}}
,"C:\\ab3\\Reaact\\RSS-React\\src\\types\\Response.type.ts": {"path":"C:\\ab3\\Reaact\\RSS-React\\src\\types\\Response.type.ts","all":true,"statementMap":{},"s":{},"branchMap":{"0":{"type":"branch","line":1,"loc":{"start":{"line":1,"column":279},"end":{"line":16,"column":1}},"locations":[{"start":{"line":1,"column":279},"end":{"line":16,"column":1}}]}},"b":{"0":[1]},"fnMap":{"0":{"name":"(empty-report)","decl":{"start":{"line":1,"column":279},"end":{"line":16,"column":1}},"loc":{"start":{"line":1,"column":279},"end":{"line":16,"column":1}},"line":1}},"f":{"0":1}}
,"C:\\ab3\\Reaact\\RSS-React\\src\\types\\URL.ts": {"path":"C:\\ab3\\Reaact\\RSS-React\\src\\types\\URL.ts","all":true,"statementMap":{},"s":{},"branchMap":{"0":{"type":"branch","line":1,"loc":{"start":{"line":1,"column":134},"end":{"line":7,"column":2}},"locations":[{"start":{"line":1,"column":134},"end":{"line":7,"column":2}}]}},"b":{"0":[1]},"fnMap":{"0":{"name":"(empty-report)","decl":{"start":{"line":1,"column":134},"end":{"line":7,"column":2}},"loc":{"start":{"line":1,"column":134},"end":{"line":7,"column":2}},"line":1}},"f":{"0":1}}
,"C:\\ab3\\Reaact\\RSS-React\\src\\utils\\getSearchPage.ts": {"path":"C:\\ab3\\Reaact\\RSS-React\\src\\utils\\getSearchPage.ts","all":false,"statementMap":{"0":{"start":{"line":1,"column":0},"end":{"line":1,"column":55}},"1":{"start":{"line":2,"column":0},"end":{"line":2,"column":29}},"3":{"start":{"line":4,"column":0},"end":{"line":4,"column":43}},"4":{"start":{"line":5,"column":0},"end":{"line":5,"column":2}}},"s":{"0":1,"1":13,"3":13,"4":13},"branchMap":{"0":{"type":"branch","line":1,"loc":{"start":{"line":1,"column":29},"end":{"line":5,"column":2}},"locations":[{"start":{"line":1,"column":29},"end":{"line":5,"column":2}}]},"1":{"type":"branch","line":4,"loc":{"start":{"line":4,"column":20},"end":{"line":4,"column":33}},"locations":[{"start":{"line":4,"column":20},"end":{"line":4,"column":33}}]},"2":{"type":"branch","line":4,"loc":{"start":{"line":4,"column":26},"end":{"line":4,"column":37}},"locations":[{"start":{"line":4,"column":26},"end":{"line":4,"column":37}}]},"3":{"type":"branch","line":4,"loc":{"start":{"line":4,"column":33},"end":{"line":4,"column":43}},"locations":[{"start":{"line":4,"column":33},"end":{"line":4,"column":43}}]}},"b":{"0":[13],"1":[11],"2":[10],"3":[3]},"fnMap":{"0":{"name":"getSearchPage","decl":{"start":{"line":1,"column":29},"end":{"line":5,"column":2}},"loc":{"start":{"line":1,"column":29},"end":{"line":5,"column":2}},"line":1}},"f":{"0":13}}
,"C:\\ab3\\Reaact\\RSS-React\\src\\utils\\handleError.ts": {"path":"C:\\ab3\\Reaact\\RSS-React\\src\\utils\\handleError.ts","all":false,"statementMap":{"0":{"start":{"line":1,"column":0},"end":{"line":1,"column":112}}},"s":{"0":1},"branchMap":{"0":{"type":"branch","line":1,"loc":{"start":{"line":1,"column":27},"end":{"line":1,"column":112}},"locations":[{"start":{"line":1,"column":27},"end":{"line":1,"column":112}}]},"1":{"type":"branch","line":1,"loc":{"start":{"line":1,"column":61},"end":{"line":1,"column":83}},"locations":[{"start":{"line":1,"column":61},"end":{"line":1,"column":83}}]},"2":{"type":"branch","line":1,"loc":{"start":{"line":1,"column":73},"end":{"line":1,"column":112}},"locations":[{"start":{"line":1,"column":73},"end":{"line":1,"column":112}}]}},"b":{"0":[6],"1":[2],"2":[4]},"fnMap":{"0":{"name":"handleError","decl":{"start":{"line":1,"column":27},"end":{"line":1,"column":112}},"loc":{"start":{"line":1,"column":27},"end":{"line":1,"column":112}},"line":1}},"f":{"0":6}}
,"C:\\ab3\\Reaact\\RSS-React\\src\\utils\\handleRequest.ts": {"path":"C:\\ab3\\Reaact\\RSS-React\\src\\utils\\handleRequest.ts","all":false,"statementMap":{"0":{"start":{"line":1,"column":0},"end":{"line":1,"column":37}},"2":{"start":{"line":3,"column":0},"end":{"line":3,"column":76}},"3":{"start":{"line":4,"column":0},"end":{"line":4,"column":7}},"4":{"start":{"line":5,"column":0},"end":{"line":5,"column":25}},"5":{"start":{"line":6,"column":0},"end":{"line":6,"column":17}},"6":{"start":{"line":7,"column":0},"end":{"line":7,"column":93}},"7":{"start":{"line":8,"column":0},"end":{"line":8,"column":38}},"8":{"start":{"line":9,"column":0},"end":{"line":9,"column":5}},"10":{"start":{"line":11,"column":0},"end":{"line":11,"column":41}},"11":{"start":{"line":12,"column":0},"end":{"line":12,"column":3}},"12":{"start":{"line":13,"column":0},"end":{"line":13,"column":2}}},"s":{"0":1,"2":1,"3":3,"4":3,"5":3,"6":2,"7":1,"8":1,"10":1,"11":1,"12":3},"branchMap":{"0":{"type":"branch","line":3,"loc":{"start":{"line":3,"column":29},"end":{"line":13,"column":2}},"locations":[{"start":{"line":3,"column":29},"end":{"line":13,"column":2}}]},"1":{"type":"branch","line":6,"loc":{"start":{"line":6,"column":2},"end":{"line":12,"column":3}},"locations":[{"start":{"line":6,"column":2},"end":{"line":12,"column":3}}]},"2":{"type":"branch","line":7,"loc":{"start":{"line":7,"column":24},"end":{"line":7,"column":45}},"locations":[{"start":{"line":7,"column":24},"end":{"line":7,"column":45}}]},"3":{"type":"branch","line":7,"loc":{"start":{"line":7,"column":33},"end":{"line":7,"column":92}},"locations":[{"start":{"line":7,"column":33},"end":{"line":7,"column":92}}]},"4":{"type":"branch","line":7,"loc":{"start":{"line":7,"column":92},"end":{"line":12,"column":3}},"locations":[{"start":{"line":7,"column":92},"end":{"line":12,"column":3}}]}},"b":{"0":[3],"1":[2],"2":[1],"3":[1],"4":[1]},"fnMap":{"0":{"name":"handleRequest","decl":{"start":{"line":3,"column":29},"end":{"line":13,"column":2}},"loc":{"start":{"line":3,"column":29},"end":{"line":13,"column":2}},"line":3}},"f":{"0":3}}
,"C:\\ab3\\Reaact\\RSS-React\\src\\utils\\URLHelpers\\getIdFromUrl.ts": {"path":"C:\\ab3\\Reaact\\RSS-React\\src\\utils\\URLHelpers\\getIdFromUrl.ts","all":false,"statementMap":{"0":{"start":{"line":1,"column":0},"end":{"line":1,"column":90}}},"s":{"0":1},"branchMap":{"0":{"type":"branch","line":1,"loc":{"start":{"line":1,"column":28},"end":{"line":1,"column":90}},"locations":[{"start":{"line":1,"column":28},"end":{"line":1,"column":90}}]}},"b":{"0":[6]},"fnMap":{"0":{"name":"getIdFromUrl","decl":{"start":{"line":1,"column":28},"end":{"line":1,"column":90}},"loc":{"start":{"line":1,"column":28},"end":{"line":1,"column":90}},"line":1}},"f":{"0":6}}
,"C:\\ab3\\Reaact\\RSS-React\\src\\utils\\URLHelpers\\getURLSearchParams.ts": {"path":"C:\\ab3\\Reaact\\RSS-React\\src\\utils\\URLHelpers\\getURLSearchParams.ts","all":false,"statementMap":{"2":{"start":{"line":3,"column":0},"end":{"line":3,"column":55}},"3":{"start":{"line":4,"column":0},"end":{"line":4,"column":45}},"5":{"start":{"line":6,"column":0},"end":{"line":6,"column":52}},"6":{"start":{"line":7,"column":0},"end":{"line":7,"column":36}},"7":{"start":{"line":8,"column":0},"end":{"line":8,"column":5}},"9":{"start":{"line":10,"column":0},"end":{"line":10,"column":33}},"10":{"start":{"line":11,"column":0},"end":{"line":11,"column":2}}},"s":{"2":1,"3":2,"5":2,"6":2,"7":2,"9":2,"10":2},"branchMap":{"0":{"type":"branch","line":3,"loc":{"start":{"line":3,"column":34},"end":{"line":11,"column":2}},"locations":[{"start":{"line":3,"column":34},"end":{"line":11,"column":2}}]},"1":{"type":"branch","line":6,"loc":{"start":{"line":6,"column":33},"end":{"line":8,"column":3}},"locations":[{"start":{"line":6,"column":33},"end":{"line":8,"column":3}}]}},"b":{"0":[2],"1":[2]},"fnMap":{"0":{"name":"getURLSearchParams","decl":{"start":{"line":3,"column":34},"end":{"line":11,"column":2}},"loc":{"start":{"line":3,"column":34},"end":{"line":11,"column":2}},"line":3}},"f":{"0":2}}
,"C:\\ab3\\Reaact\\RSS-React\\src\\utils\\URLHelpers\\index.ts": {"path":"C:\\ab3\\Reaact\\RSS-React\\src\\utils\\URLHelpers\\index.ts","all":false,"statementMap":{"0":{"start":{"line":1,"column":0},"end":{"line":1,"column":31}},"1":{"start":{"line":2,"column":0},"end":{"line":2,"column":37}},"2":{"start":{"line":3,"column":0},"end":{"line":3,"column":31}}},"s":{"0":1,"1":1,"2":1},"branchMap":{},"b":{},"fnMap":{},"f":{}}
,"C:\\ab3\\Reaact\\RSS-React\\src\\utils\\URLHelpers\\searchHelper.ts": {"path":"C:\\ab3\\Reaact\\RSS-React\\src\\utils\\URLHelpers\\searchHelper.ts","all":false,"statementMap":{"2":{"start":{"line":3,"column":0},"end":{"line":3,"column":96}},"3":{"start":{"line":4,"column":0},"end":{"line":4,"column":66}},"5":{"start":{"line":6,"column":0},"end":{"line":6,"column":60}},"6":{"start":{"line":7,"column":0},"end":{"line":7,"column":25}},"7":{"start":{"line":8,"column":0},"end":{"line":8,"column":28}},"8":{"start":{"line":9,"column":0},"end":{"line":9,"column":38}},"9":{"start":{"line":10,"column":0},"end":{"line":10,"column":28}},"11":{"start":{"line":12,"column":0},"end":{"line":12,"column":31}},"12":{"start":{"line":13,"column":0},"end":{"line":13,"column":36}},"13":{"start":{"line":14,"column":0},"end":{"line":14,"column":9}},"14":{"start":{"line":15,"column":0},"end":{"line":15,"column":12}},"15":{"start":{"line":16,"column":0},"end":{"line":16,"column":32}},"16":{"start":{"line":17,"column":0},"end":{"line":17,"column":5}},"17":{"start":{"line":18,"column":0},"end":{"line":18,"column":5}},"19":{"start":{"line":20,"column":0},"end":{"line":20,"column":30}},"20":{"start":{"line":21,"column":0},"end":{"line":21,"column":2}}},"s":{"2":1,"3":17,"5":17,"6":18,"7":3,"8":18,"9":1,"11":1,"12":2,"13":1,"14":15,"15":14,"16":14,"17":17,"19":17,"20":17},"branchMap":{"0":{"type":"branch","line":3,"loc":{"start":{"line":3,"column":29},"end":{"line":21,"column":2}},"locations":[{"start":{"line":3,"column":29},"end":{"line":21,"column":2}}]},"1":{"type":"branch","line":6,"loc":{"start":{"line":6,"column":41},"end":{"line":18,"column":3}},"locations":[{"start":{"line":6,"column":41},"end":{"line":18,"column":3}}]},"2":{"type":"branch","line":7,"loc":{"start":{"line":7,"column":24},"end":{"line":9,"column":15}},"locations":[{"start":{"line":7,"column":24},"end":{"line":9,"column":15}}]},"3":{"type":"branch","line":9,"loc":{"start":{"line":9,"column":4},"end":{"line":17,"column":5}},"locations":[{"start":{"line":9,"column":4},"end":{"line":17,"column":5}}]},"4":{"type":"branch","line":9,"loc":{"start":{"line":9,"column":37},"end":{"line":15,"column":11}},"locations":[{"start":{"line":9,"column":37},"end":{"line":15,"column":11}}]},"5":{"type":"branch","line":15,"loc":{"start":{"line":15,"column":4},"end":{"line":17,"column":5}},"locations":[{"start":{"line":15,"column":4},"end":{"line":17,"column":5}}]},"6":{"type":"branch","line":12,"loc":{"start":{"line":12,"column":20},"end":{"line":14,"column":7}},"locations":[{"start":{"line":12,"column":20},"end":{"line":14,"column":7}}]}},"b":{"0":[17],"1":[18],"2":[3],"3":[15],"4":[1],"5":[14],"6":[2]},"fnMap":{"0":{"name":"getSearchWith","decl":{"start":{"line":3,"column":29},"end":{"line":21,"column":2}},"loc":{"start":{"line":3,"column":29},"end":{"line":21,"column":2}},"line":3}},"f":{"0":17}}
}
