{"C:\\ab3\\Reaact\\RSS-React\\src\\App.tsx": {"path":"C:\\ab3\\Reaact\\RSS-React\\src\\App.tsx","all":false,"statementMap":{"0":{"start":{"line":1,"column":0},"end":{"line":1,"column":42}},"1":{"start":{"line":2,"column":0},"end":{"line":2,"column":43}},"3":{"start":{"line":4,"column":0},"end":{"line":4,"column":52}},"4":{"start":{"line":5,"column":0},"end":{"line":5,"column":69}},"5":{"start":{"line":6,"column":0},"end":{"line":6,"column":47}},"6":{"start":{"line":7,"column":0},"end":{"line":7,"column":49}},"7":{"start":{"line":8,"column":0},"end":{"line":8,"column":58}},"9":{"start":{"line":10,"column":0},"end":{"line":10,"column":26}},"10":{"start":{"line":11,"column":0},"end":{"line":11,"column":58}},"12":{"start":{"line":13,"column":0},"end":{"line":13,"column":10}},"13":{"start":{"line":14,"column":0},"end":{"line":14,"column":6}},"14":{"start":{"line":15,"column":0},"end":{"line":15,"column":16}},"15":{"start":{"line":16,"column":0},"end":{"line":16,"column":21}},"16":{"start":{"line":17,"column":0},"end":{"line":17,"column":14}},"17":{"start":{"line":18,"column":0},"end":{"line":18,"column":20}},"19":{"start":{"line":20,"column":0},"end":{"line":20,"column":59}},"20":{"start":{"line":21,"column":0},"end":{"line":21,"column":15}},"21":{"start":{"line":22,"column":0},"end":{"line":22,"column":22}},"22":{"start":{"line":23,"column":0},"end":{"line":23,"column":7}},"24":{"start":{"line":25,"column":0},"end":{"line":25,"column":2}}},"s":{"0":1,"1":1,"3":1,"4":1,"5":1,"6":1,"7":1,"9":1,"10":2,"12":2,"13":2,"14":2,"15":2,"16":2,"17":2,"19":2,"20":2,"21":2,"22":2,"24":2},"branchMap":{"0":{"type":"branch","line":10,"loc":{"start":{"line":10,"column":19},"end":{"line":25,"column":2}},"locations":[{"start":{"line":10,"column":19},"end":{"line":25,"column":2}}]}},"b":{"0":[2]},"fnMap":{"0":{"name":"App","decl":{"start":{"line":10,"column":19},"end":{"line":25,"column":2}},"loc":{"start":{"line":10,"column":19},"end":{"line":25,"column":2}},"line":10}},"f":{"0":2}}
,"C:\\ab3\\Reaact\\RSS-React\\src\\Root.tsx": {"path":"C:\\ab3\\Reaact\\RSS-React\\src\\Root.tsx","all":false,"statementMap":{"0":{"start":{"line":1,"column":0},"end":{"line":1,"column":64}},"2":{"start":{"line":3,"column":0},"end":{"line":3,"column":28}},"3":{"start":{"line":4,"column":0},"end":{"line":4,"column":40}},"4":{"start":{"line":5,"column":0},"end":{"line":5,"column":57}},"5":{"start":{"line":6,"column":0},"end":{"line":6,"column":41}},"7":{"start":{"line":8,"column":0},"end":{"line":8,"column":27}},"8":{"start":{"line":9,"column":0},"end":{"line":9,"column":17}},"9":{"start":{"line":10,"column":0},"end":{"line":10,"column":12}},"10":{"start":{"line":11,"column":0},"end":{"line":11,"column":12}},"11":{"start":{"line":12,"column":0},"end":{"line":12,"column":24}},"12":{"start":{"line":13,"column":0},"end":{"line":13,"column":25}},"14":{"start":{"line":15,"column":0},"end":{"line":15,"column":14}},"15":{"start":{"line":16,"column":0},"end":{"line":16,"column":15}},"16":{"start":{"line":17,"column":0},"end":{"line":17,"column":44}},"17":{"start":{"line":18,"column":0},"end":{"line":18,"column":10}},"19":{"start":{"line":20,"column":0},"end":{"line":20,"column":14}},"20":{"start":{"line":21,"column":0},"end":{"line":21,"column":15}},"21":{"start":{"line":22,"column":0},"end":{"line":22,"column":26}},"22":{"start":{"line":23,"column":0},"end":{"line":23,"column":38}},"23":{"start":{"line":24,"column":0},"end":{"line":24,"column":10}},"25":{"start":{"line":26,"column":0},"end":{"line":26,"column":14}},"26":{"start":{"line":27,"column":0},"end":{"line":27,"column":32}},"27":{"start":{"line":28,"column":0},"end":{"line":28,"column":44}},"29":{"start":{"line":30,"column":0},"end":{"line":30,"column":16}},"30":{"start":{"line":31,"column":0},"end":{"line":31,"column":17}},"31":{"start":{"line":32,"column":0},"end":{"line":32,"column":45}},"32":{"start":{"line":33,"column":0},"end":{"line":33,"column":12}},"33":{"start":{"line":34,"column":0},"end":{"line":34,"column":16}},"35":{"start":{"line":36,"column":0},"end":{"line":36,"column":14}},"36":{"start":{"line":37,"column":0},"end":{"line":37,"column":20}},"37":{"start":{"line":38,"column":0},"end":{"line":38,"column":42}},"38":{"start":{"line":39,"column":0},"end":{"line":39,"column":10}},"39":{"start":{"line":40,"column":0},"end":{"line":40,"column":14}},"40":{"start":{"line":41,"column":0},"end":{"line":41,"column":13}},"41":{"start":{"line":42,"column":0},"end":{"line":42,"column":18}}},"s":{"0":1,"2":1,"3":1,"4":1,"5":1,"7":1,"8":3,"9":3,"10":3,"11":3,"12":3,"14":3,"15":3,"16":3,"17":3,"19":3,"20":3,"21":3,"22":3,"23":3,"25":3,"26":3,"27":3,"29":3,"30":3,"31":3,"32":3,"33":3,"35":3,"36":3,"37":3,"38":3,"39":3,"40":3,"41":3},"branchMap":{"0":{"type":"branch","line":8,"loc":{"start":{"line":8,"column":20},"end":{"line":42,"column":18}},"locations":[{"start":{"line":8,"column":20},"end":{"line":42,"column":18}}]}},"b":{"0":[3]},"fnMap":{"0":{"name":"Root","decl":{"start":{"line":8,"column":20},"end":{"line":42,"column":18}},"loc":{"start":{"line":8,"column":20},"end":{"line":42,"column":18}},"line":8}},"f":{"0":3}}
,"C:\\ab3\\Reaact\\RSS-React\\src\\main.tsx": {"path":"C:\\ab3\\Reaact\\RSS-React\\src\\main.tsx","all":true,"statementMap":{"0":{"start":{"line":1,"column":0},"end":{"line":1,"column":35}},"1":{"start":{"line":2,"column":0},"end":{"line":2,"column":40}},"2":{"start":{"line":3,"column":0},"end":{"line":3,"column":39}},"3":{"start":{"line":4,"column":0},"end":{"line":4,"column":62}},"5":{"start":{"line":6,"column":0},"end":{"line":6,"column":28}},"6":{"start":{"line":7,"column":0},"end":{"line":7,"column":30}},"7":{"start":{"line":8,"column":0},"end":{"line":8,"column":49}},"8":{"start":{"line":9,"column":0},"end":{"line":9,"column":58}},"10":{"start":{"line":11,"column":0},"end":{"line":11,"column":61}},"11":{"start":{"line":12,"column":0},"end":{"line":12,"column":14}},"12":{"start":{"line":13,"column":0},"end":{"line":13,"column":28}},"13":{"start":{"line":14,"column":0},"end":{"line":14,"column":18}},"14":{"start":{"line":15,"column":0},"end":{"line":15,"column":22}},"15":{"start":{"line":16,"column":0},"end":{"line":16,"column":29}},"17":{"start":{"line":18,"column":0},"end":{"line":18,"column":23}},"18":{"start":{"line":19,"column":0},"end":{"line":19,"column":18}},"19":{"start":{"line":20,"column":0},"end":{"line":20,"column":24}},"20":{"start":{"line":21,"column":0},"end":{"line":21,"column":20}},"21":{"start":{"line":22,"column":0},"end":{"line":22,"column":15}},"22":{"start":{"line":23,"column":0},"end":{"line":23,"column":15}},"23":{"start":{"line":24,"column":0},"end":{"line":24,"column":2}}},"s":{"0":0,"1":0,"2":0,"3":0,"5":0,"6":0,"7":0,"8":0,"10":0,"11":0,"12":0,"13":0,"14":0,"15":0,"17":0,"18":0,"19":0,"20":0,"21":0,"22":0,"23":0},"branchMap":{"0":{"type":"branch","line":1,"loc":{"start":{"line":1,"column":571},"end":{"line":24,"column":-418}},"locations":[{"start":{"line":1,"column":571},"end":{"line":24,"column":-418}}]}},"b":{"0":[0]},"fnMap":{"0":{"name":"(empty-report)","decl":{"start":{"line":1,"column":571},"end":{"line":24,"column":-418}},"loc":{"start":{"line":1,"column":571},"end":{"line":24,"column":-418}},"line":1}},"f":{"0":0}}
,"C:\\ab3\\Reaact\\RSS-React\\src\\UI\\Arrow\\Arrow.tsx": {"path":"C:\\ab3\\Reaact\\RSS-React\\src\\UI\\Arrow\\Arrow.tsx","all":false,"statementMap":{"2":{"start":{"line":3,"column":0},"end":{"line":3,"column":36}},"4":{"start":{"line":5,"column":0},"end":{"line":5,"column":49}},"10":{"start":{"line":11,"column":0},"end":{"line":11,"column":90}}},"s":{"2":1,"4":1,"10":1},"branchMap":{"0":{"type":"branch","line":11,"loc":{"start":{"line":11,"column":32},"end":{"line":11,"column":90}},"locations":[{"start":{"line":11,"column":32},"end":{"line":11,"column":90}}]}},"b":{"0":[3]},"fnMap":{"0":{"name":"Arrow","decl":{"start":{"line":11,"column":32},"end":{"line":11,"column":90}},"loc":{"start":{"line":11,"column":32},"end":{"line":11,"column":90}},"line":11}},"f":{"0":3}}
,"C:\\ab3\\Reaact\\RSS-React\\src\\UI\\Button\\Button.tsx": {"path":"C:\\ab3\\Reaact\\RSS-React\\src\\UI\\Button\\Button.tsx","all":false,"statementMap":{"1":{"start":{"line":2,"column":0},"end":{"line":2,"column":28}},"3":{"start":{"line":4,"column":0},"end":{"line":4,"column":37}},"13":{"start":{"line":14,"column":0},"end":{"line":14,"column":92}},"14":{"start":{"line":15,"column":0},"end":{"line":15,"column":9}},"15":{"start":{"line":16,"column":0},"end":{"line":16,"column":15}},"16":{"start":{"line":17,"column":0},"end":{"line":17,"column":74}},"17":{"start":{"line":18,"column":0},"end":{"line":18,"column":21}},"18":{"start":{"line":19,"column":0},"end":{"line":19,"column":29}},"20":{"start":{"line":21,"column":0},"end":{"line":21,"column":59}},"21":{"start":{"line":22,"column":0},"end":{"line":22,"column":11}}},"s":{"1":1,"3":1,"13":1,"14":14,"15":14,"16":14,"17":14,"18":14,"20":14,"21":14},"branchMap":{"0":{"type":"branch","line":14,"loc":{"start":{"line":14,"column":33},"end":{"line":22,"column":11}},"locations":[{"start":{"line":14,"column":33},"end":{"line":22,"column":11}}]},"1":{"type":"branch","line":21,"loc":{"start":{"line":21,"column":5},"end":{"line":21,"column":36}},"locations":[{"start":{"line":21,"column":5},"end":{"line":21,"column":36}}]},"2":{"type":"branch","line":21,"loc":{"start":{"line":21,"column":19},"end":{"line":21,"column":53}},"locations":[{"start":{"line":21,"column":19},"end":{"line":21,"column":53}}]},"3":{"type":"branch","line":21,"loc":{"start":{"line":21,"column":36},"end":{"line":21,"column":59}},"locations":[{"start":{"line":21,"column":36},"end":{"line":21,"column":59}}]}},"b":{"0":[14],"1":[1],"2":[1],"3":[13]},"fnMap":{"0":{"name":"Button","decl":{"start":{"line":14,"column":33},"end":{"line":22,"column":11}},"loc":{"start":{"line":14,"column":33},"end":{"line":22,"column":11}},"line":14}},"f":{"0":14}}
,"C:\\ab3\\Reaact\\RSS-React\\src\\UI\\Button\\DownLoadLink.tsx": {"path":"C:\\ab3\\Reaact\\RSS-React\\src\\UI\\Button\\DownLoadLink.tsx","all":false,"statementMap":{"1":{"start":{"line":2,"column":0},"end":{"line":2,"column":28}},"3":{"start":{"line":4,"column":0},"end":{"line":4,"column":37}},"11":{"start":{"line":12,"column":0},"end":{"line":12,"column":80}},"12":{"start":{"line":13,"column":0},"end":{"line":13,"column":4}},"13":{"start":{"line":14,"column":0},"end":{"line":14,"column":44}},"14":{"start":{"line":15,"column":0},"end":{"line":15,"column":23}},"15":{"start":{"line":16,"column":0},"end":{"line":16,"column":21}},"16":{"start":{"line":17,"column":0},"end":{"line":17,"column":15}},"18":{"start":{"line":19,"column":0},"end":{"line":19,"column":11}},"19":{"start":{"line":20,"column":0},"end":{"line":20,"column":6}}},"s":{"1":1,"3":1,"11":1,"12":7,"13":7,"14":7,"15":7,"16":7,"18":7,"19":7},"branchMap":{"0":{"type":"branch","line":12,"loc":{"start":{"line":12,"column":39},"end":{"line":20,"column":6}},"locations":[{"start":{"line":12,"column":39},"end":{"line":20,"column":6}}]}},"b":{"0":[7]},"fnMap":{"0":{"name":"DownLoadLink","decl":{"start":{"line":12,"column":39},"end":{"line":20,"column":6}},"loc":{"start":{"line":12,"column":39},"end":{"line":20,"column":6}},"line":12}},"f":{"0":7}}
,"C:\\ab3\\Reaact\\RSS-React\\src\\UI\\CharacterItem\\CharacterItem.tsx": {"path":"C:\\ab3\\Reaact\\RSS-React\\src\\UI\\CharacterItem\\CharacterItem.tsx","all":false,"statementMap":{"1":{"start":{"line":2,"column":0},"end":{"line":2,"column":51}},"2":{"start":{"line":3,"column":0},"end":{"line":3,"column":56}},"4":{"start":{"line":5,"column":0},"end":{"line":5,"column":42}},"5":{"start":{"line":6,"column":0},"end":{"line":6,"column":42}},"7":{"start":{"line":8,"column":0},"end":{"line":8,"column":44}},"10":{"start":{"line":11,"column":0},"end":{"line":11,"column":63}},"11":{"start":{"line":12,"column":0},"end":{"line":12,"column":51}},"12":{"start":{"line":13,"column":0},"end":{"line":13,"column":50}},"13":{"start":{"line":14,"column":0},"end":{"line":14,"column":47}},"14":{"start":{"line":15,"column":0},"end":{"line":15,"column":62}},"15":{"start":{"line":16,"column":0},"end":{"line":16,"column":49}},"21":{"start":{"line":22,"column":0},"end":{"line":22,"column":60}},"22":{"start":{"line":23,"column":0},"end":{"line":23,"column":98}},"23":{"start":{"line":24,"column":0},"end":{"line":24,"column":55}},"24":{"start":{"line":25,"column":0},"end":{"line":25,"column":31}},"25":{"start":{"line":26,"column":0},"end":{"line":26,"column":33}},"26":{"start":{"line":27,"column":0},"end":{"line":27,"column":58}},"28":{"start":{"line":29,"column":0},"end":{"line":29,"column":43}},"29":{"start":{"line":30,"column":0},"end":{"line":30,"column":68}},"31":{"start":{"line":32,"column":0},"end":{"line":32,"column":10}},"32":{"start":{"line":33,"column":0},"end":{"line":33,"column":27}},"33":{"start":{"line":34,"column":0},"end":{"line":34,"column":15}},"34":{"start":{"line":35,"column":0},"end":{"line":35,"column":40}},"35":{"start":{"line":36,"column":0},"end":{"line":36,"column":34}},"36":{"start":{"line":37,"column":0},"end":{"line":37,"column":16}},"37":{"start":{"line":38,"column":0},"end":{"line":38,"column":31}},"38":{"start":{"line":39,"column":0},"end":{"line":39,"column":39}},"39":{"start":{"line":40,"column":0},"end":{"line":40,"column":24}},"40":{"start":{"line":41,"column":0},"end":{"line":41,"column":14}},"41":{"start":{"line":42,"column":0},"end":{"line":42,"column":23}},"42":{"start":{"line":43,"column":0},"end":{"line":43,"column":14}},"44":{"start":{"line":45,"column":0},"end":{"line":45,"column":35}},"45":{"start":{"line":46,"column":0},"end":{"line":46,"column":21}},"46":{"start":{"line":47,"column":0},"end":{"line":47,"column":24}},"47":{"start":{"line":48,"column":0},"end":{"line":48,"column":23}},"48":{"start":{"line":49,"column":0},"end":{"line":49,"column":12}},"49":{"start":{"line":50,"column":0},"end":{"line":50,"column":13}},"51":{"start":{"line":52,"column":0},"end":{"line":52,"column":61}},"52":{"start":{"line":53,"column":0},"end":{"line":53,"column":12}},"53":{"start":{"line":54,"column":0},"end":{"line":54,"column":37}},"54":{"start":{"line":55,"column":0},"end":{"line":55,"column":21}},"56":{"start":{"line":57,"column":0},"end":{"line":57,"column":38}},"57":{"start":{"line":58,"column":0},"end":{"line":58,"column":14}},"58":{"start":{"line":59,"column":0},"end":{"line":59,"column":11}},"60":{"start":{"line":61,"column":0},"end":{"line":61,"column":15}},"61":{"start":{"line":62,"column":0},"end":{"line":62,"column":29}},"62":{"start":{"line":63,"column":0},"end":{"line":63,"column":63}},"63":{"start":{"line":64,"column":0},"end":{"line":64,"column":59}},"64":{"start":{"line":65,"column":0},"end":{"line":65,"column":40}},"65":{"start":{"line":66,"column":0},"end":{"line":66,"column":10}},"66":{"start":{"line":67,"column":0},"end":{"line":67,"column":16}},"67":{"start":{"line":68,"column":0},"end":{"line":68,"column":9}},"69":{"start":{"line":70,"column":0},"end":{"line":70,"column":2}}},"s":{"1":1,"2":1,"4":1,"5":1,"7":1,"10":1,"11":1,"12":1,"13":1,"14":1,"15":1,"21":1,"22":5,"23":5,"24":5,"25":5,"26":5,"28":5,"29":5,"31":5,"32":5,"33":5,"34":5,"35":5,"36":5,"37":5,"38":5,"39":5,"40":5,"41":5,"42":5,"44":5,"45":5,"46":5,"47":5,"48":5,"49":5,"51":5,"52":20,"53":20,"54":20,"56":20,"57":20,"58":5,"60":5,"61":5,"62":5,"63":5,"64":5,"65":5,"66":5,"67":5,"69":5},"branchMap":{"0":{"type":"branch","line":22,"loc":{"start":{"line":22,"column":40},"end":{"line":70,"column":2}},"locations":[{"start":{"line":22,"column":40},"end":{"line":70,"column":2}}]},"1":{"type":"branch","line":52,"loc":{"start":{"line":52,"column":42},"end":{"line":58,"column":14}},"locations":[{"start":{"line":52,"column":42},"end":{"line":58,"column":14}}]},"2":{"type":"branch","line":63,"loc":{"start":{"line":63,"column":19},"end":{"line":63,"column":63}},"locations":[{"start":{"line":63,"column":19},"end":{"line":63,"column":63}}]}},"b":{"0":[5],"1":[20],"2":[1]},"fnMap":{"0":{"name":"CharacterItem","decl":{"start":{"line":22,"column":40},"end":{"line":70,"column":2}},"loc":{"start":{"line":22,"column":40},"end":{"line":70,"column":2}},"line":22},"1":{"name":"onClick","decl":{"start":{"line":63,"column":19},"end":{"line":63,"column":63}},"loc":{"start":{"line":63,"column":19},"end":{"line":63,"column":63}},"line":63}},"f":{"0":5,"1":1}}
,"C:\\ab3\\Reaact\\RSS-React\\src\\UI\\CharacterList\\CharacterList.tsx": {"path":"C:\\ab3\\Reaact\\RSS-React\\src\\UI\\CharacterList\\CharacterList.tsx","all":false,"statementMap":{"2":{"start":{"line":3,"column":0},"end":{"line":3,"column":63}},"4":{"start":{"line":5,"column":0},"end":{"line":5,"column":44}},"12":{"start":{"line":13,"column":0},"end":{"line":13,"column":61}},"13":{"start":{"line":14,"column":0},"end":{"line":14,"column":5}},"14":{"start":{"line":15,"column":0},"end":{"line":15,"column":22}},"15":{"start":{"line":16,"column":0},"end":{"line":16,"column":32}},"17":{"start":{"line":18,"column":0},"end":{"line":18,"column":36}},"18":{"start":{"line":19,"column":0},"end":{"line":19,"column":20}},"19":{"start":{"line":20,"column":0},"end":{"line":20,"column":29}},"20":{"start":{"line":21,"column":0},"end":{"line":21,"column":28}},"21":{"start":{"line":22,"column":0},"end":{"line":22,"column":8}},"22":{"start":{"line":23,"column":0},"end":{"line":23,"column":7}},"23":{"start":{"line":24,"column":0},"end":{"line":24,"column":7}}},"s":{"2":1,"4":1,"12":1,"13":1,"14":1,"15":1,"17":1,"18":2,"19":2,"20":2,"21":2,"22":1,"23":1},"branchMap":{"0":{"type":"branch","line":13,"loc":{"start":{"line":13,"column":40},"end":{"line":24,"column":7}},"locations":[{"start":{"line":13,"column":40},"end":{"line":24,"column":7}}]},"1":{"type":"branch","line":18,"loc":{"start":{"line":18,"column":20},"end":{"line":22,"column":8}},"locations":[{"start":{"line":18,"column":20},"end":{"line":22,"column":8}}]}},"b":{"0":[1],"1":[2]},"fnMap":{"0":{"name":"CharacterList","decl":{"start":{"line":13,"column":40},"end":{"line":24,"column":7}},"loc":{"start":{"line":13,"column":40},"end":{"line":24,"column":7}},"line":13}},"f":{"0":1}}
,"C:\\ab3\\Reaact\\RSS-React\\src\\UI\\Container\\Container.tsx": {"path":"C:\\ab3\\Reaact\\RSS-React\\src\\UI\\Container\\Container.tsx","all":false,"statementMap":{"2":{"start":{"line":3,"column":0},"end":{"line":3,"column":40}},"13":{"start":{"line":14,"column":0},"end":{"line":14,"column":92}},"14":{"start":{"line":15,"column":0},"end":{"line":15,"column":25}},"15":{"start":{"line":16,"column":0},"end":{"line":16,"column":33}},"16":{"start":{"line":17,"column":0},"end":{"line":17,"column":17}},"17":{"start":{"line":18,"column":0},"end":{"line":18,"column":11}},"18":{"start":{"line":19,"column":0},"end":{"line":19,"column":29}},"19":{"start":{"line":20,"column":0},"end":{"line":20,"column":44}},"21":{"start":{"line":22,"column":0},"end":{"line":22,"column":17}},"22":{"start":{"line":23,"column":0},"end":{"line":23,"column":13}},"24":{"start":{"line":25,"column":0},"end":{"line":25,"column":16}},"25":{"start":{"line":26,"column":0},"end":{"line":26,"column":10}},"26":{"start":{"line":27,"column":0},"end":{"line":27,"column":12}}},"s":{"2":1,"13":1,"14":18,"15":18,"16":18,"17":4,"18":4,"19":4,"21":4,"22":4,"24":18,"25":18,"26":18},"branchMap":{"0":{"type":"branch","line":14,"loc":{"start":{"line":14,"column":36},"end":{"line":27,"column":12}},"locations":[{"start":{"line":14,"column":36},"end":{"line":27,"column":12}}]},"1":{"type":"branch","line":17,"loc":{"start":{"line":17,"column":7},"end":{"line":23,"column":13}},"locations":[{"start":{"line":17,"column":7},"end":{"line":23,"column":13}}]}},"b":{"0":[18],"1":[4]},"fnMap":{"0":{"name":"Container","decl":{"start":{"line":14,"column":36},"end":{"line":27,"column":12}},"loc":{"start":{"line":14,"column":36},"end":{"line":27,"column":12}},"line":14}},"f":{"0":18}}
,"C:\\ab3\\Reaact\\RSS-React\\src\\UI\\EmptyContainer\\EmptyContainer.tsx": {"path":"C:\\ab3\\Reaact\\RSS-React\\src\\UI\\EmptyContainer\\EmptyContainer.tsx","all":false,"statementMap":{"0":{"start":{"line":1,"column":0},"end":{"line":1,"column":28}},"2":{"start":{"line":3,"column":0},"end":{"line":3,"column":40}},"4":{"start":{"line":5,"column":0},"end":{"line":5,"column":45}},"6":{"start":{"line":7,"column":0},"end":{"line":7,"column":40}},"14":{"start":{"line":15,"column":0},"end":{"line":15,"column":73}},"15":{"start":{"line":16,"column":0},"end":{"line":16,"column":35}},"16":{"start":{"line":17,"column":0},"end":{"line":17,"column":44}},"17":{"start":{"line":18,"column":0},"end":{"line":18,"column":36}},"18":{"start":{"line":19,"column":0},"end":{"line":19,"column":10}},"19":{"start":{"line":20,"column":0},"end":{"line":20,"column":23}},"20":{"start":{"line":21,"column":0},"end":{"line":21,"column":17}},"21":{"start":{"line":22,"column":0},"end":{"line":22,"column":8}},"22":{"start":{"line":23,"column":0},"end":{"line":23,"column":10}},"23":{"start":{"line":24,"column":0},"end":{"line":24,"column":37}},"25":{"start":{"line":26,"column":0},"end":{"line":26,"column":11}},"26":{"start":{"line":27,"column":0},"end":{"line":27,"column":28}},"27":{"start":{"line":28,"column":0},"end":{"line":28,"column":26}},"28":{"start":{"line":29,"column":0},"end":{"line":29,"column":7}},"30":{"start":{"line":31,"column":0},"end":{"line":31,"column":13}},"32":{"start":{"line":33,"column":0},"end":{"line":33,"column":9}},"33":{"start":{"line":34,"column":0},"end":{"line":34,"column":12}}},"s":{"0":1,"2":1,"4":1,"6":1,"14":1,"15":8,"16":8,"17":8,"18":8,"19":8,"20":8,"21":8,"22":8,"23":8,"25":8,"26":8,"27":8,"28":8,"30":8,"32":8,"33":8},"branchMap":{"0":{"type":"branch","line":15,"loc":{"start":{"line":15,"column":41},"end":{"line":34,"column":12}},"locations":[{"start":{"line":15,"column":41},"end":{"line":34,"column":12}}]}},"b":{"0":[8]},"fnMap":{"0":{"name":"EmptyContainer","decl":{"start":{"line":15,"column":41},"end":{"line":34,"column":12}},"loc":{"start":{"line":15,"column":41},"end":{"line":34,"column":12}},"line":15}},"f":{"0":8}}
,"C:\\ab3\\Reaact\\RSS-React\\src\\UI\\IconButton\\IconButton.tsx": {"path":"C:\\ab3\\Reaact\\RSS-React\\src\\UI\\IconButton\\IconButton.tsx","all":false,"statementMap":{"2":{"start":{"line":3,"column":0},"end":{"line":3,"column":41}},"11":{"start":{"line":12,"column":0},"end":{"line":12,"column":89}},"12":{"start":{"line":13,"column":0},"end":{"line":13,"column":9}},"13":{"start":{"line":14,"column":0},"end":{"line":14,"column":28}},"14":{"start":{"line":15,"column":0},"end":{"line":15,"column":15}},"15":{"start":{"line":16,"column":0},"end":{"line":16,"column":21}},"16":{"start":{"line":17,"column":0},"end":{"line":17,"column":17}},"18":{"start":{"line":19,"column":0},"end":{"line":19,"column":14}},"19":{"start":{"line":20,"column":0},"end":{"line":20,"column":11}}},"s":{"2":1,"11":1,"12":28,"13":28,"14":28,"15":28,"16":28,"18":28,"19":28},"branchMap":{"0":{"type":"branch","line":12,"loc":{"start":{"line":12,"column":37},"end":{"line":20,"column":11}},"locations":[{"start":{"line":12,"column":37},"end":{"line":20,"column":11}}]}},"b":{"0":[28]},"fnMap":{"0":{"name":"IconButton","decl":{"start":{"line":12,"column":37},"end":{"line":20,"column":11}},"loc":{"start":{"line":12,"column":37},"end":{"line":20,"column":11}},"line":12}},"f":{"0":28}}
,"C:\\ab3\\Reaact\\RSS-React\\src\\UI\\Input\\Input.tsx": {"path":"C:\\ab3\\Reaact\\RSS-React\\src\\UI\\Input\\Input.tsx","all":false,"statementMap":{"2":{"start":{"line":3,"column":0},"end":{"line":3,"column":36}},"9":{"start":{"line":10,"column":0},"end":{"line":10,"column":62}},"10":{"start":{"line":11,"column":0},"end":{"line":11,"column":8}},"11":{"start":{"line":12,"column":0},"end":{"line":12,"column":15}},"12":{"start":{"line":13,"column":0},"end":{"line":13,"column":24}},"13":{"start":{"line":14,"column":0},"end":{"line":14,"column":17}},"14":{"start":{"line":15,"column":0},"end":{"line":15,"column":27}},"15":{"start":{"line":16,"column":0},"end":{"line":16,"column":23}},"16":{"start":{"line":17,"column":0},"end":{"line":17,"column":4}}},"s":{"2":1,"9":1,"10":13,"11":13,"12":13,"13":13,"14":13,"15":13,"16":13},"branchMap":{"0":{"type":"branch","line":10,"loc":{"start":{"line":10,"column":32},"end":{"line":17,"column":4}},"locations":[{"start":{"line":10,"column":32},"end":{"line":17,"column":4}}]}},"b":{"0":[13]},"fnMap":{"0":{"name":"Input","decl":{"start":{"line":10,"column":32},"end":{"line":17,"column":4}},"loc":{"start":{"line":10,"column":32},"end":{"line":17,"column":4}},"line":10}},"f":{"0":13}}
,"C:\\ab3\\Reaact\\RSS-React\\src\\UI\\Link\\Link.tsx": {"path":"C:\\ab3\\Reaact\\RSS-React\\src\\UI\\Link\\Link.tsx","all":false,"statementMap":{"1":{"start":{"line":2,"column":0},"end":{"line":2,"column":40}},"3":{"start":{"line":4,"column":0},"end":{"line":4,"column":35}},"13":{"start":{"line":14,"column":0},"end":{"line":14,"column":88}},"14":{"start":{"line":15,"column":0},"end":{"line":15,"column":7}},"15":{"start":{"line":16,"column":0},"end":{"line":16,"column":22}},"16":{"start":{"line":17,"column":0},"end":{"line":17,"column":13}},"17":{"start":{"line":18,"column":0},"end":{"line":18,"column":17}},"18":{"start":{"line":19,"column":0},"end":{"line":19,"column":17}},"19":{"start":{"line":20,"column":0},"end":{"line":20,"column":21}},"20":{"start":{"line":21,"column":0},"end":{"line":21,"column":26}},"21":{"start":{"line":22,"column":0},"end":{"line":22,"column":6}},"23":{"start":{"line":24,"column":0},"end":{"line":24,"column":33}},"24":{"start":{"line":25,"column":0},"end":{"line":25,"column":9}}},"s":{"1":1,"3":1,"13":1,"14":20,"15":20,"16":20,"17":20,"18":20,"19":20,"20":1,"21":1,"23":20,"24":20},"branchMap":{"0":{"type":"branch","line":14,"loc":{"start":{"line":14,"column":37},"end":{"line":25,"column":9}},"locations":[{"start":{"line":14,"column":37},"end":{"line":25,"column":9}}]},"1":{"type":"branch","line":24,"loc":{"start":{"line":24,"column":5},"end":{"line":24,"column":27}},"locations":[{"start":{"line":24,"column":5},"end":{"line":24,"column":27}}]},"2":{"type":"branch","line":24,"loc":{"start":{"line":24,"column":16},"end":{"line":24,"column":33}},"locations":[{"start":{"line":24,"column":16},"end":{"line":24,"column":33}}]},"3":{"type":"branch","line":20,"loc":{"start":{"line":20,"column":13},"end":{"line":22,"column":6}},"locations":[{"start":{"line":20,"column":13},"end":{"line":22,"column":6}}]}},"b":{"0":[20],"1":[13],"2":[7],"3":[1]},"fnMap":{"0":{"name":"CustomLink","decl":{"start":{"line":14,"column":37},"end":{"line":25,"column":9}},"loc":{"start":{"line":14,"column":37},"end":{"line":25,"column":9}},"line":14},"1":{"name":"onClick","decl":{"start":{"line":20,"column":13},"end":{"line":22,"column":6}},"loc":{"start":{"line":20,"column":13},"end":{"line":22,"column":6}},"line":20}},"f":{"0":20,"1":1}}
,"C:\\ab3\\Reaact\\RSS-React\\src\\UI\\Link\\SearchLink.tsx": {"path":"C:\\ab3\\Reaact\\RSS-React\\src\\UI\\Link\\SearchLink.tsx","all":false,"statementMap":{"0":{"start":{"line":1,"column":0},"end":{"line":1,"column":68}},"2":{"start":{"line":3,"column":0},"end":{"line":3,"column":35}},"5":{"start":{"line":6,"column":0},"end":{"line":6,"column":51}},"12":{"start":{"line":13,"column":0},"end":{"line":13,"column":92}},"13":{"start":{"line":14,"column":0},"end":{"line":14,"column":43}},"15":{"start":{"line":16,"column":0},"end":{"line":16,"column":10}},"16":{"start":{"line":17,"column":0},"end":{"line":17,"column":9}},"17":{"start":{"line":18,"column":0},"end":{"line":18,"column":24}},"18":{"start":{"line":19,"column":0},"end":{"line":19,"column":19}},"19":{"start":{"line":20,"column":0},"end":{"line":20,"column":58}},"20":{"start":{"line":21,"column":0},"end":{"line":21,"column":16}},"22":{"start":{"line":23,"column":0},"end":{"line":23,"column":16}},"23":{"start":{"line":24,"column":0},"end":{"line":24,"column":11}},"25":{"start":{"line":26,"column":0},"end":{"line":26,"column":2}}},"s":{"0":1,"2":1,"5":1,"12":1,"13":3,"15":3,"16":3,"17":3,"18":3,"19":3,"20":3,"22":3,"23":3,"25":3},"branchMap":{"0":{"type":"branch","line":13,"loc":{"start":{"line":13,"column":43},"end":{"line":26,"column":2}},"locations":[{"start":{"line":13,"column":43},"end":{"line":26,"column":2}}]}},"b":{"0":[3]},"fnMap":{"0":{"name":"SearchLink","decl":{"start":{"line":13,"column":43},"end":{"line":26,"column":2}},"loc":{"start":{"line":13,"column":43},"end":{"line":26,"column":2}},"line":13}},"f":{"0":3}}
,"C:\\ab3\\Reaact\\RSS-React\\src\\UI\\Link\\index.ts": {"path":"C:\\ab3\\Reaact\\RSS-React\\src\\UI\\Link\\index.ts","all":false,"statementMap":{"0":{"start":{"line":1,"column":0},"end":{"line":1,"column":23}},"1":{"start":{"line":2,"column":0},"end":{"line":2,"column":29}}},"s":{"0":1,"1":1},"branchMap":{},"b":{},"fnMap":{},"f":{}}
,"C:\\ab3\\Reaact\\RSS-React\\src\\UI\\Loader\\Loader.tsx": {"path":"C:\\ab3\\Reaact\\RSS-React\\src\\UI\\Loader\\Loader.tsx","all":false,"statementMap":{"0":{"start":{"line":1,"column":0},"end":{"line":1,"column":51}},"2":{"start":{"line":3,"column":0},"end":{"line":3,"column":51}},"4":{"start":{"line":5,"column":0},"end":{"line":5,"column":23}},"6":{"start":{"line":7,"column":0},"end":{"line":7,"column":29}},"7":{"start":{"line":8,"column":0},"end":{"line":8,"column":63}},"8":{"start":{"line":9,"column":0},"end":{"line":9,"column":15}},"9":{"start":{"line":10,"column":0},"end":{"line":10,"column":20}},"10":{"start":{"line":11,"column":0},"end":{"line":11,"column":31}},"11":{"start":{"line":12,"column":0},"end":{"line":12,"column":6}},"12":{"start":{"line":13,"column":0},"end":{"line":13,"column":14}}},"s":{"0":1,"2":1,"4":1,"6":1,"7":2,"8":2,"9":2,"10":2,"11":2,"12":2},"branchMap":{"0":{"type":"branch","line":7,"loc":{"start":{"line":7,"column":22},"end":{"line":13,"column":14}},"locations":[{"start":{"line":7,"column":22},"end":{"line":13,"column":14}}]}},"b":{"0":[2]},"fnMap":{"0":{"name":"Loader","decl":{"start":{"line":7,"column":22},"end":{"line":13,"column":14}},"loc":{"start":{"line":7,"column":22},"end":{"line":13,"column":14}},"line":7}},"f":{"0":2}}
,"C:\\ab3\\Reaact\\RSS-React\\src\\UI\\NavLink\\NavigationLink.tsx": {"path":"C:\\ab3\\Reaact\\RSS-React\\src\\UI\\NavLink\\NavigationLink.tsx","all":false,"statementMap":{"0":{"start":{"line":1,"column":0},"end":{"line":1,"column":43}},"2":{"start":{"line":3,"column":0},"end":{"line":3,"column":45}},"10":{"start":{"line":11,"column":0},"end":{"line":11,"column":73}},"11":{"start":{"line":12,"column":0},"end":{"line":12,"column":10}},"12":{"start":{"line":13,"column":0},"end":{"line":13,"column":11}},"13":{"start":{"line":14,"column":0},"end":{"line":14,"column":79}},"14":{"start":{"line":15,"column":0},"end":{"line":15,"column":25}},"16":{"start":{"line":17,"column":0},"end":{"line":17,"column":11}},"17":{"start":{"line":18,"column":0},"end":{"line":18,"column":12}},"20":{"start":{"line":21,"column":0},"end":{"line":21,"column":30}}},"s":{"0":1,"2":1,"10":1,"11":19,"12":19,"13":19,"14":19,"16":19,"17":19,"20":1},"branchMap":{"0":{"type":"branch","line":11,"loc":{"start":{"line":11,"column":40},"end":{"line":18,"column":12}},"locations":[{"start":{"line":11,"column":40},"end":{"line":18,"column":12}}]},"1":{"type":"branch","line":14,"loc":{"start":{"line":14,"column":15},"end":{"line":14,"column":79}},"locations":[{"start":{"line":14,"column":15},"end":{"line":14,"column":79}}]},"2":{"type":"branch","line":14,"loc":{"start":{"line":14,"column":34},"end":{"line":14,"column":71}},"locations":[{"start":{"line":14,"column":34},"end":{"line":14,"column":71}}]},"3":{"type":"branch","line":14,"loc":{"start":{"line":14,"column":66},"end":{"line":14,"column":79}},"locations":[{"start":{"line":14,"column":66},"end":{"line":14,"column":79}}]}},"b":{"0":[19],"1":[22],"2":[4],"3":[18]},"fnMap":{"0":{"name":"NavigationLink","decl":{"start":{"line":11,"column":40},"end":{"line":18,"column":12}},"loc":{"start":{"line":11,"column":40},"end":{"line":18,"column":12}},"line":11},"1":{"name":"className","decl":{"start":{"line":14,"column":15},"end":{"line":14,"column":79}},"loc":{"start":{"line":14,"column":15},"end":{"line":14,"column":79}},"line":14}},"f":{"0":19,"1":22}}
,"C:\\ab3\\Reaact\\RSS-React\\src\\UI\\Sceletones\\SkeletoneItem\\SkeletoneItem.tsx": {"path":"C:\\ab3\\Reaact\\RSS-React\\src\\UI\\Sceletones\\SkeletoneItem\\SkeletoneItem.tsx","all":false,"statementMap":{"0":{"start":{"line":1,"column":0},"end":{"line":1,"column":44}},"2":{"start":{"line":3,"column":0},"end":{"line":3,"column":61}},"4":{"start":{"line":5,"column":0},"end":{"line":5,"column":36}},"5":{"start":{"line":6,"column":0},"end":{"line":6,"column":31}},"6":{"start":{"line":7,"column":0},"end":{"line":7,"column":50}},"7":{"start":{"line":8,"column":0},"end":{"line":8,"column":8}}},"s":{"0":1,"2":1,"4":1,"5":14,"6":14,"7":14},"branchMap":{"0":{"type":"branch","line":5,"loc":{"start":{"line":5,"column":29},"end":{"line":8,"column":8}},"locations":[{"start":{"line":5,"column":29},"end":{"line":8,"column":8}}]}},"b":{"0":[14]},"fnMap":{"0":{"name":"SkeletoneItem","decl":{"start":{"line":5,"column":29},"end":{"line":8,"column":8}},"loc":{"start":{"line":5,"column":29},"end":{"line":8,"column":8}},"line":5}},"f":{"0":14}}
,"C:\\ab3\\Reaact\\RSS-React\\src\\UI\\Sceletones\\SkeletoneList\\SkeletoneList.tsx": {"path":"C:\\ab3\\Reaact\\RSS-React\\src\\UI\\Sceletones\\SkeletoneList\\SkeletoneList.tsx","all":false,"statementMap":{"2":{"start":{"line":3,"column":0},"end":{"line":3,"column":63}},"4":{"start":{"line":5,"column":0},"end":{"line":5,"column":44}},"6":{"start":{"line":7,"column":0},"end":{"line":7,"column":53}},"12":{"start":{"line":13,"column":0},"end":{"line":13,"column":57}},"13":{"start":{"line":14,"column":0},"end":{"line":14,"column":13}},"14":{"start":{"line":15,"column":0},"end":{"line":15,"column":8}},"15":{"start":{"line":16,"column":0},"end":{"line":16,"column":29}},"16":{"start":{"line":17,"column":0},"end":{"line":17,"column":44}},"18":{"start":{"line":19,"column":0},"end":{"line":19,"column":37}},"19":{"start":{"line":20,"column":0},"end":{"line":20,"column":22}},"20":{"start":{"line":21,"column":0},"end":{"line":21,"column":40}},"21":{"start":{"line":22,"column":0},"end":{"line":22,"column":37}},"22":{"start":{"line":23,"column":0},"end":{"line":23,"column":10}},"23":{"start":{"line":24,"column":0},"end":{"line":24,"column":9}},"24":{"start":{"line":25,"column":0},"end":{"line":25,"column":10}},"25":{"start":{"line":26,"column":0},"end":{"line":26,"column":14}}},"s":{"2":1,"4":1,"6":1,"12":1,"13":2,"14":2,"15":2,"16":2,"18":2,"19":13,"20":13,"21":13,"22":13,"23":2,"24":2,"25":2},"branchMap":{"0":{"type":"branch","line":13,"loc":{"start":{"line":13,"column":40},"end":{"line":26,"column":14}},"locations":[{"start":{"line":13,"column":40},"end":{"line":26,"column":14}}]},"1":{"type":"branch","line":19,"loc":{"start":{"line":19,"column":30},"end":{"line":23,"column":10}},"locations":[{"start":{"line":19,"column":30},"end":{"line":23,"column":10}}]}},"b":{"0":[2],"1":[13]},"fnMap":{"0":{"name":"SkeletoneList","decl":{"start":{"line":13,"column":40},"end":{"line":26,"column":14}},"loc":{"start":{"line":13,"column":40},"end":{"line":26,"column":14}},"line":13}},"f":{"0":2}}
,"C:\\ab3\\Reaact\\RSS-React\\src\\UI\\SearchForm\\SearchForm.tsx": {"path":"C:\\ab3\\Reaact\\RSS-React\\src\\UI\\SearchForm\\SearchForm.tsx","all":false,"statementMap":{"2":{"start":{"line":3,"column":0},"end":{"line":3,"column":54}},"3":{"start":{"line":4,"column":0},"end":{"line":4,"column":39}},"5":{"start":{"line":6,"column":0},"end":{"line":6,"column":41}},"7":{"start":{"line":8,"column":0},"end":{"line":8,"column":45}},"8":{"start":{"line":9,"column":0},"end":{"line":9,"column":47}},"17":{"start":{"line":18,"column":0},"end":{"line":18,"column":94}},"18":{"start":{"line":19,"column":0},"end":{"line":19,"column":7}},"19":{"start":{"line":20,"column":0},"end":{"line":20,"column":22}},"20":{"start":{"line":21,"column":0},"end":{"line":21,"column":27}},"21":{"start":{"line":22,"column":0},"end":{"line":22,"column":28}},"23":{"start":{"line":24,"column":0},"end":{"line":24,"column":10}},"24":{"start":{"line":25,"column":0},"end":{"line":25,"column":33}},"25":{"start":{"line":26,"column":0},"end":{"line":26,"column":19}},"26":{"start":{"line":27,"column":0},"end":{"line":27,"column":6}},"28":{"start":{"line":29,"column":0},"end":{"line":29,"column":15}},"29":{"start":{"line":30,"column":0},"end":{"line":30,"column":19}},"30":{"start":{"line":31,"column":0},"end":{"line":31,"column":31}},"31":{"start":{"line":32,"column":0},"end":{"line":32,"column":25}},"33":{"start":{"line":34,"column":0},"end":{"line":34,"column":31}},"34":{"start":{"line":35,"column":0},"end":{"line":35,"column":17}},"36":{"start":{"line":37,"column":0},"end":{"line":37,"column":15}},"37":{"start":{"line":38,"column":0},"end":{"line":38,"column":31}},"38":{"start":{"line":39,"column":0},"end":{"line":39,"column":27}},"39":{"start":{"line":40,"column":0},"end":{"line":40,"column":24}},"41":{"start":{"line":42,"column":0},"end":{"line":42,"column":30}},"42":{"start":{"line":43,"column":0},"end":{"line":43,"column":17}},"43":{"start":{"line":44,"column":0},"end":{"line":44,"column":9}}},"s":{"2":1,"3":1,"5":1,"7":1,"8":1,"17":1,"18":10,"19":10,"20":10,"21":10,"23":10,"24":10,"25":10,"26":10,"28":10,"29":10,"30":10,"31":10,"33":10,"34":10,"36":10,"37":10,"38":10,"39":10,"41":10,"42":10,"43":10},"branchMap":{"0":{"type":"branch","line":18,"loc":{"start":{"line":18,"column":37},"end":{"line":44,"column":9}},"locations":[{"start":{"line":18,"column":37},"end":{"line":44,"column":9}}]}},"b":{"0":[10]},"fnMap":{"0":{"name":"SearchForm","decl":{"start":{"line":18,"column":37},"end":{"line":44,"column":9}},"loc":{"start":{"line":18,"column":37},"end":{"line":44,"column":9}},"line":18}},"f":{"0":10}}
,"C:\\ab3\\Reaact\\RSS-React\\src\\api\\character.api.ts": {"path":"C:\\ab3\\Reaact\\RSS-React\\src\\api\\character.api.ts","all":false,"statementMap":{"0":{"start":{"line":1,"column":0},"end":{"line":1,"column":26}},"2":{"start":{"line":3,"column":0},"end":{"line":3,"column":54}},"5":{"start":{"line":6,"column":0},"end":{"line":6,"column":54}},"6":{"start":{"line":7,"column":0},"end":{"line":7,"column":50}},"8":{"start":{"line":9,"column":0},"end":{"line":9,"column":53}},"10":{"start":{"line":11,"column":0},"end":{"line":11,"column":72}},"11":{"start":{"line":12,"column":0},"end":{"line":12,"column":69}},"13":{"start":{"line":14,"column":0},"end":{"line":14,"column":43}},"15":{"start":{"line":16,"column":0},"end":{"line":16,"column":112}},"17":{"start":{"line":18,"column":0},"end":{"line":18,"column":47}},"19":{"start":{"line":20,"column":0},"end":{"line":20,"column":26}},"20":{"start":{"line":21,"column":0},"end":{"line":21,"column":2}}},"s":{"0":1,"2":1,"5":1,"6":1,"8":1,"10":1,"11":4,"13":3,"15":3,"17":2,"19":2,"20":2},"branchMap":{"0":{"type":"branch","line":11,"loc":{"start":{"line":11,"column":25},"end":{"line":21,"column":2}},"locations":[{"start":{"line":11,"column":25},"end":{"line":21,"column":2}}]},"1":{"type":"branch","line":12,"loc":{"start":{"line":12,"column":34},"end":{"line":12,"column":69}},"locations":[{"start":{"line":12,"column":34},"end":{"line":12,"column":69}}]},"2":{"type":"branch","line":12,"loc":{"start":{"line":12,"column":66},"end":{"line":16,"column":112}},"locations":[{"start":{"line":12,"column":66},"end":{"line":16,"column":112}}]},"3":{"type":"branch","line":16,"loc":{"start":{"line":16,"column":110},"end":{"line":21,"column":2}},"locations":[{"start":{"line":16,"column":110},"end":{"line":21,"column":2}}]}},"b":{"0":[4],"1":[1],"2":[3],"3":[2]},"fnMap":{"0":{"name":"getPlanet","decl":{"start":{"line":11,"column":25},"end":{"line":21,"column":2}},"loc":{"start":{"line":11,"column":25},"end":{"line":21,"column":2}},"line":11}},"f":{"0":4}}
,"C:\\ab3\\Reaact\\RSS-React\\src\\components\\Cart\\Cart.tsx": {"path":"C:\\ab3\\Reaact\\RSS-React\\src\\components\\Cart\\Cart.tsx","all":false,"statementMap":{"2":{"start":{"line":3,"column":0},"end":{"line":3,"column":47}},"11":{"start":{"line":12,"column":0},"end":{"line":12,"column":55}},"12":{"start":{"line":13,"column":0},"end":{"line":13,"column":35}},"14":{"start":{"line":15,"column":0},"end":{"line":15,"column":10}},"15":{"start":{"line":16,"column":0},"end":{"line":16,"column":6}},"16":{"start":{"line":17,"column":0},"end":{"line":17,"column":32}},"17":{"start":{"line":18,"column":0},"end":{"line":18,"column":38}},"18":{"start":{"line":19,"column":0},"end":{"line":19,"column":7}},"20":{"start":{"line":21,"column":0},"end":{"line":21,"column":2}}},"s":{"2":1,"11":1,"12":1,"14":1,"15":1,"16":1,"17":1,"18":1,"20":1},"branchMap":{"0":{"type":"branch","line":12,"loc":{"start":{"line":12,"column":40},"end":{"line":21,"column":2}},"locations":[{"start":{"line":12,"column":40},"end":{"line":21,"column":2}}]}},"b":{"0":[1]},"fnMap":{"0":{"name":"CartComponent","decl":{"start":{"line":12,"column":40},"end":{"line":21,"column":2}},"loc":{"start":{"line":12,"column":40},"end":{"line":21,"column":2}},"line":12}},"f":{"0":1}}
,"C:\\ab3\\Reaact\\RSS-React\\src\\components\\Cart\\CartItem\\CartItem.tsx": {"path":"C:\\ab3\\Reaact\\RSS-React\\src\\components\\Cart\\CartItem\\CartItem.tsx","all":false,"statementMap":{"2":{"start":{"line":3,"column":0},"end":{"line":3,"column":39}},"5":{"start":{"line":6,"column":0},"end":{"line":6,"column":45}},"6":{"start":{"line":7,"column":0},"end":{"line":7,"column":44}},"8":{"start":{"line":9,"column":0},"end":{"line":9,"column":40}},"9":{"start":{"line":10,"column":0},"end":{"line":10,"column":50}},"15":{"start":{"line":16,"column":0},"end":{"line":16,"column":50}},"16":{"start":{"line":17,"column":0},"end":{"line":17,"column":29}},"18":{"start":{"line":19,"column":0},"end":{"line":19,"column":31}},"20":{"start":{"line":21,"column":0},"end":{"line":21,"column":10}},"21":{"start":{"line":22,"column":0},"end":{"line":22,"column":36}},"22":{"start":{"line":23,"column":0},"end":{"line":23,"column":37}},"23":{"start":{"line":24,"column":0},"end":{"line":24,"column":36}},"24":{"start":{"line":25,"column":0},"end":{"line":25,"column":19}},"25":{"start":{"line":26,"column":0},"end":{"line":26,"column":17}},"26":{"start":{"line":27,"column":0},"end":{"line":27,"column":40}},"27":{"start":{"line":28,"column":0},"end":{"line":28,"column":14}},"28":{"start":{"line":29,"column":0},"end":{"line":29,"column":29}},"29":{"start":{"line":30,"column":0},"end":{"line":30,"column":37}},"30":{"start":{"line":31,"column":0},"end":{"line":31,"column":22}},"31":{"start":{"line":32,"column":0},"end":{"line":32,"column":12}},"32":{"start":{"line":33,"column":0},"end":{"line":33,"column":14}},"34":{"start":{"line":35,"column":0},"end":{"line":35,"column":19}},"35":{"start":{"line":36,"column":0},"end":{"line":36,"column":22}},"36":{"start":{"line":37,"column":0},"end":{"line":37,"column":53}},"37":{"start":{"line":38,"column":0},"end":{"line":38,"column":10}},"38":{"start":{"line":39,"column":0},"end":{"line":39,"column":12}},"62":{"start":{"line":63,"column":0},"end":{"line":63,"column":14}},"64":{"start":{"line":65,"column":0},"end":{"line":65,"column":2}}},"s":{"2":1,"5":1,"6":1,"8":1,"9":1,"15":1,"16":2,"18":2,"20":2,"21":2,"22":2,"23":2,"24":2,"25":2,"26":2,"27":2,"28":2,"29":2,"30":2,"31":2,"32":2,"34":2,"35":2,"36":2,"37":2,"38":2,"62":2,"64":2},"branchMap":{"0":{"type":"branch","line":16,"loc":{"start":{"line":16,"column":35},"end":{"line":65,"column":2}},"locations":[{"start":{"line":16,"column":35},"end":{"line":65,"column":2}}]}},"b":{"0":[2]},"fnMap":{"0":{"name":"CartItem","decl":{"start":{"line":16,"column":35},"end":{"line":65,"column":2}},"loc":{"start":{"line":16,"column":35},"end":{"line":65,"column":2}},"line":16}},"f":{"0":2}}
,"C:\\ab3\\Reaact\\RSS-React\\src\\components\\Cart\\CartList\\CartList.tsx": {"path":"C:\\ab3\\Reaact\\RSS-React\\src\\components\\Cart\\CartList\\CartList.tsx","all":false,"statementMap":{"2":{"start":{"line":3,"column":0},"end":{"line":3,"column":48}},"4":{"start":{"line":5,"column":0},"end":{"line":5,"column":39}},"12":{"start":{"line":13,"column":0},"end":{"line":13,"column":51}},"13":{"start":{"line":14,"column":0},"end":{"line":14,"column":5}},"14":{"start":{"line":15,"column":0},"end":{"line":15,"column":22}},"15":{"start":{"line":16,"column":0},"end":{"line":16,"column":25}},"16":{"start":{"line":17,"column":0},"end":{"line":17,"column":28}},"18":{"start":{"line":19,"column":0},"end":{"line":19,"column":26}},"19":{"start":{"line":20,"column":0},"end":{"line":20,"column":9}},"20":{"start":{"line":21,"column":0},"end":{"line":21,"column":30}},"21":{"start":{"line":22,"column":0},"end":{"line":22,"column":23}},"23":{"start":{"line":24,"column":0},"end":{"line":24,"column":32}},"24":{"start":{"line":25,"column":0},"end":{"line":25,"column":11}},"25":{"start":{"line":26,"column":0},"end":{"line":26,"column":7}},"26":{"start":{"line":27,"column":0},"end":{"line":27,"column":7}}},"s":{"2":1,"4":1,"12":1,"13":1,"14":1,"15":1,"16":1,"18":1,"19":2,"20":2,"21":2,"23":2,"24":2,"25":1,"26":1},"branchMap":{"0":{"type":"branch","line":13,"loc":{"start":{"line":13,"column":35},"end":{"line":27,"column":7}},"locations":[{"start":{"line":13,"column":35},"end":{"line":27,"column":7}}]},"1":{"type":"branch","line":19,"loc":{"start":{"line":19,"column":15},"end":{"line":25,"column":11}},"locations":[{"start":{"line":19,"column":15},"end":{"line":25,"column":11}}]}},"b":{"0":[1],"1":[2]},"fnMap":{"0":{"name":"CartList","decl":{"start":{"line":13,"column":35},"end":{"line":27,"column":7}},"loc":{"start":{"line":13,"column":35},"end":{"line":27,"column":7}},"line":13}},"f":{"0":1}}
,"C:\\ab3\\Reaact\\RSS-React\\src\\components\\Character\\Character.tsx": {"path":"C:\\ab3\\Reaact\\RSS-React\\src\\components\\Character\\Character.tsx","all":false,"statementMap":{"2":{"start":{"line":3,"column":0},"end":{"line":3,"column":39}},"5":{"start":{"line":6,"column":0},"end":{"line":6,"column":45}},"6":{"start":{"line":7,"column":0},"end":{"line":7,"column":56}},"7":{"start":{"line":8,"column":0},"end":{"line":8,"column":62}},"14":{"start":{"line":15,"column":0},"end":{"line":15,"column":60}},"15":{"start":{"line":16,"column":0},"end":{"line":16,"column":93}},"16":{"start":{"line":17,"column":0},"end":{"line":17,"column":55}},"18":{"start":{"line":19,"column":0},"end":{"line":19,"column":47}},"20":{"start":{"line":21,"column":0},"end":{"line":21,"column":10}},"21":{"start":{"line":22,"column":0},"end":{"line":22,"column":13}},"22":{"start":{"line":23,"column":0},"end":{"line":23,"column":17}},"23":{"start":{"line":24,"column":0},"end":{"line":24,"column":30}},"24":{"start":{"line":25,"column":0},"end":{"line":25,"column":58}},"26":{"start":{"line":27,"column":0},"end":{"line":27,"column":17}},"27":{"start":{"line":28,"column":0},"end":{"line":28,"column":19}},"29":{"start":{"line":30,"column":0},"end":{"line":30,"column":38}},"30":{"start":{"line":31,"column":0},"end":{"line":31,"column":12}},"31":{"start":{"line":32,"column":0},"end":{"line":32,"column":27}},"32":{"start":{"line":33,"column":0},"end":{"line":33,"column":35}},"33":{"start":{"line":34,"column":0},"end":{"line":34,"column":20}},"34":{"start":{"line":35,"column":0},"end":{"line":35,"column":10}},"35":{"start":{"line":36,"column":0},"end":{"line":36,"column":12}},"36":{"start":{"line":37,"column":0},"end":{"line":37,"column":40}},"37":{"start":{"line":38,"column":0},"end":{"line":38,"column":59}},"38":{"start":{"line":39,"column":0},"end":{"line":39,"column":10}},"39":{"start":{"line":40,"column":0},"end":{"line":40,"column":35}},"40":{"start":{"line":41,"column":0},"end":{"line":41,"column":19}},"42":{"start":{"line":43,"column":0},"end":{"line":43,"column":36}},"43":{"start":{"line":44,"column":0},"end":{"line":44,"column":12}},"44":{"start":{"line":45,"column":0},"end":{"line":45,"column":9}},"45":{"start":{"line":46,"column":0},"end":{"line":46,"column":14}},"47":{"start":{"line":48,"column":0},"end":{"line":48,"column":2}}},"s":{"2":1,"5":1,"6":1,"7":1,"14":1,"15":4,"16":4,"18":4,"20":4,"21":4,"22":4,"23":4,"24":4,"26":4,"27":4,"29":4,"30":4,"31":4,"32":4,"33":4,"34":4,"35":4,"36":4,"37":4,"38":16,"39":16,"40":16,"42":16,"43":16,"44":4,"45":4,"47":4},"branchMap":{"0":{"type":"branch","line":15,"loc":{"start":{"line":15,"column":36},"end":{"line":48,"column":2}},"locations":[{"start":{"line":15,"column":36},"end":{"line":48,"column":2}}]},"1":{"type":"branch","line":38,"loc":{"start":{"line":38,"column":40},"end":{"line":44,"column":12}},"locations":[{"start":{"line":38,"column":40},"end":{"line":44,"column":12}}]}},"b":{"0":[4],"1":[16]},"fnMap":{"0":{"name":"Character","decl":{"start":{"line":15,"column":36},"end":{"line":48,"column":2}},"loc":{"start":{"line":15,"column":36},"end":{"line":48,"column":2}},"line":15}},"f":{"0":4}}
,"C:\\ab3\\Reaact\\RSS-React\\src\\components\\Characters\\Characters.tsx": {"path":"C:\\ab3\\Reaact\\RSS-React\\src\\components\\Characters\\Characters.tsx","all":false,"statementMap":{"2":{"start":{"line":3,"column":0},"end":{"line":3,"column":54}},"4":{"start":{"line":5,"column":0},"end":{"line":5,"column":65}},"7":{"start":{"line":8,"column":0},"end":{"line":8,"column":62}},"13":{"start":{"line":14,"column":0},"end":{"line":14,"column":52}},"14":{"start":{"line":15,"column":0},"end":{"line":15,"column":46}},"16":{"start":{"line":17,"column":0},"end":{"line":17,"column":47}},"18":{"start":{"line":19,"column":0},"end":{"line":19,"column":10}},"19":{"start":{"line":20,"column":0},"end":{"line":20,"column":32}},"20":{"start":{"line":21,"column":0},"end":{"line":21,"column":47}},"21":{"start":{"line":22,"column":0},"end":{"line":22,"column":55}},"22":{"start":{"line":23,"column":0},"end":{"line":23,"column":10}},"24":{"start":{"line":25,"column":0},"end":{"line":25,"column":2}}},"s":{"2":1,"4":1,"7":1,"13":1,"14":2,"16":2,"18":2,"19":2,"20":2,"21":2,"22":2,"24":2},"branchMap":{"0":{"type":"branch","line":14,"loc":{"start":{"line":14,"column":37},"end":{"line":25,"column":2}},"locations":[{"start":{"line":14,"column":37},"end":{"line":25,"column":2}}]}},"b":{"0":[2]},"fnMap":{"0":{"name":"Characters","decl":{"start":{"line":14,"column":37},"end":{"line":25,"column":2}},"loc":{"start":{"line":14,"column":37},"end":{"line":25,"column":2}},"line":14}},"f":{"0":2}}
,"C:\\ab3\\Reaact\\RSS-React\\src\\components\\Download\\Download.tsx": {"path":"C:\\ab3\\Reaact\\RSS-React\\src\\components\\Download\\Download.tsx","all":false,"statementMap":{"0":{"start":{"line":1,"column":0},"end":{"line":1,"column":37}},"1":{"start":{"line":2,"column":0},"end":{"line":2,"column":42}},"2":{"start":{"line":3,"column":0},"end":{"line":3,"column":28}},"4":{"start":{"line":5,"column":0},"end":{"line":5,"column":39}},"8":{"start":{"line":9,"column":0},"end":{"line":9,"column":48}},"9":{"start":{"line":10,"column":0},"end":{"line":10,"column":43}},"10":{"start":{"line":11,"column":0},"end":{"line":11,"column":44}},"11":{"start":{"line":12,"column":0},"end":{"line":12,"column":56}},"17":{"start":{"line":18,"column":0},"end":{"line":18,"column":50}},"18":{"start":{"line":19,"column":0},"end":{"line":19,"column":39}},"19":{"start":{"line":20,"column":0},"end":{"line":20,"column":33}},"21":{"start":{"line":22,"column":0},"end":{"line":22,"column":38}},"22":{"start":{"line":23,"column":0},"end":{"line":23,"column":55}},"23":{"start":{"line":24,"column":0},"end":{"line":24,"column":62}},"24":{"start":{"line":25,"column":0},"end":{"line":25,"column":42}},"26":{"start":{"line":27,"column":0},"end":{"line":27,"column":17}},"27":{"start":{"line":28,"column":0},"end":{"line":28,"column":4}},"29":{"start":{"line":30,"column":0},"end":{"line":30,"column":10}},"30":{"start":{"line":31,"column":0},"end":{"line":31,"column":75}},"31":{"start":{"line":32,"column":0},"end":{"line":32,"column":19}},"32":{"start":{"line":33,"column":0},"end":{"line":33,"column":65}},"33":{"start":{"line":34,"column":0},"end":{"line":34,"column":32}},"34":{"start":{"line":35,"column":0},"end":{"line":35,"column":19}},"35":{"start":{"line":36,"column":0},"end":{"line":36,"column":24}},"36":{"start":{"line":37,"column":0},"end":{"line":37,"column":8}},"38":{"start":{"line":39,"column":0},"end":{"line":39,"column":44}},"39":{"start":{"line":40,"column":0},"end":{"line":40,"column":13}},"40":{"start":{"line":41,"column":0},"end":{"line":41,"column":28}},"41":{"start":{"line":42,"column":0},"end":{"line":42,"column":21}},"42":{"start":{"line":43,"column":0},"end":{"line":43,"column":24}},"43":{"start":{"line":44,"column":0},"end":{"line":44,"column":32}},"44":{"start":{"line":45,"column":0},"end":{"line":45,"column":10}},"45":{"start":{"line":46,"column":0},"end":{"line":46,"column":8}},"46":{"start":{"line":47,"column":0},"end":{"line":47,"column":10}},"48":{"start":{"line":49,"column":0},"end":{"line":49,"column":2}}},"s":{"0":1,"1":1,"2":1,"4":1,"8":1,"9":1,"10":1,"11":1,"17":1,"18":7,"19":7,"21":7,"22":1,"23":1,"24":1,"26":1,"27":1,"29":7,"30":7,"31":7,"32":7,"33":7,"34":7,"35":7,"36":7,"38":7,"39":7,"40":7,"41":7,"42":7,"43":1,"44":1,"45":7,"46":7,"48":7},"branchMap":{"0":{"type":"branch","line":18,"loc":{"start":{"line":18,"column":35},"end":{"line":49,"column":2}},"locations":[{"start":{"line":18,"column":35},"end":{"line":49,"column":2}}]},"1":{"type":"branch","line":22,"loc":{"start":{"line":22,"column":25},"end":{"line":28,"column":4}},"locations":[{"start":{"line":22,"column":25},"end":{"line":28,"column":4}}]},"2":{"type":"branch","line":43,"loc":{"start":{"line":43,"column":17},"end":{"line":45,"column":10}},"locations":[{"start":{"line":43,"column":17},"end":{"line":45,"column":10}}]}},"b":{"0":[7],"1":[1],"2":[1]},"fnMap":{"0":{"name":"Download","decl":{"start":{"line":18,"column":35},"end":{"line":49,"column":2}},"loc":{"start":{"line":18,"column":35},"end":{"line":49,"column":2}},"line":18},"1":{"name":"handleDonwload","decl":{"start":{"line":22,"column":25},"end":{"line":28,"column":4}},"loc":{"start":{"line":22,"column":25},"end":{"line":28,"column":4}},"line":22},"2":{"name":"onClick","decl":{"start":{"line":43,"column":17},"end":{"line":45,"column":10}},"loc":{"start":{"line":43,"column":17},"end":{"line":45,"column":10}},"line":43}},"f":{"0":7,"1":1,"2":1}}
,"C:\\ab3\\Reaact\\RSS-React\\src\\components\\ErrorBoundary\\ErrorBoundary.tsx": {"path":"C:\\ab3\\Reaact\\RSS-React\\src\\components\\ErrorBoundary\\ErrorBoundary.tsx","all":false,"statementMap":{"0":{"start":{"line":1,"column":0},"end":{"line":1,"column":45}},"2":{"start":{"line":3,"column":0},"end":{"line":3,"column":44}},"4":{"start":{"line":5,"column":0},"end":{"line":5,"column":44}},"5":{"start":{"line":6,"column":0},"end":{"line":6,"column":53}},"16":{"start":{"line":17,"column":0},"end":{"line":17,"column":53}},"17":{"start":{"line":18,"column":0},"end":{"line":18,"column":29}},"18":{"start":{"line":19,"column":0},"end":{"line":19,"column":17}},"19":{"start":{"line":20,"column":0},"end":{"line":20,"column":57}},"20":{"start":{"line":21,"column":0},"end":{"line":21,"column":3}},"22":{"start":{"line":23,"column":0},"end":{"line":23,"column":35}},"23":{"start":{"line":24,"column":0},"end":{"line":24,"column":67}},"24":{"start":{"line":25,"column":0},"end":{"line":25,"column":3}},"26":{"start":{"line":27,"column":0},"end":{"line":27,"column":28}},"27":{"start":{"line":28,"column":0},"end":{"line":28,"column":59}},"28":{"start":{"line":29,"column":0},"end":{"line":29,"column":4}},"30":{"start":{"line":31,"column":0},"end":{"line":31,"column":12}},"31":{"start":{"line":32,"column":0},"end":{"line":32,"column":50}},"32":{"start":{"line":33,"column":0},"end":{"line":33,"column":36}},"34":{"start":{"line":35,"column":0},"end":{"line":35,"column":21}},"35":{"start":{"line":36,"column":0},"end":{"line":36,"column":19}},"36":{"start":{"line":37,"column":0},"end":{"line":37,"column":13}},"37":{"start":{"line":38,"column":0},"end":{"line":38,"column":37}},"38":{"start":{"line":39,"column":0},"end":{"line":39,"column":31}},"40":{"start":{"line":41,"column":0},"end":{"line":41,"column":72}},"41":{"start":{"line":42,"column":0},"end":{"line":42,"column":15}},"42":{"start":{"line":43,"column":0},"end":{"line":43,"column":45}},"43":{"start":{"line":44,"column":0},"end":{"line":44,"column":19}},"44":{"start":{"line":45,"column":0},"end":{"line":45,"column":27}},"45":{"start":{"line":46,"column":0},"end":{"line":46,"column":33}},"46":{"start":{"line":47,"column":0},"end":{"line":47,"column":45}},"47":{"start":{"line":48,"column":0},"end":{"line":48,"column":14}},"48":{"start":{"line":49,"column":0},"end":{"line":49,"column":16}},"49":{"start":{"line":50,"column":0},"end":{"line":50,"column":20}},"50":{"start":{"line":51,"column":0},"end":{"line":51,"column":17}},"51":{"start":{"line":52,"column":0},"end":{"line":52,"column":3}},"52":{"start":{"line":53,"column":0},"end":{"line":53,"column":1}},"54":{"start":{"line":55,"column":0},"end":{"line":55,"column":29}}},"s":{"0":1,"2":1,"4":1,"5":1,"16":5,"17":5,"18":6,"19":6,"20":6,"22":5,"23":2,"24":2,"26":5,"27":1,"28":1,"30":5,"31":9,"32":9,"34":9,"35":2,"36":2,"37":2,"38":2,"40":2,"41":2,"42":2,"43":2,"44":2,"45":2,"46":2,"47":2,"48":2,"49":2,"50":7,"51":9,"52":5,"54":1},"branchMap":{"0":{"type":"branch","line":17,"loc":{"start":{"line":17,"column":0},"end":{"line":53,"column":1}},"locations":[{"start":{"line":17,"column":0},"end":{"line":53,"column":1}}]},"1":{"type":"branch","line":18,"loc":{"start":{"line":18,"column":2},"end":{"line":21,"column":3}},"locations":[{"start":{"line":18,"column":2},"end":{"line":21,"column":3}}]},"2":{"type":"branch","line":23,"loc":{"start":{"line":23,"column":2},"end":{"line":25,"column":3}},"locations":[{"start":{"line":23,"column":2},"end":{"line":25,"column":3}}]},"3":{"type":"branch","line":27,"loc":{"start":{"line":27,"column":21},"end":{"line":29,"column":4}},"locations":[{"start":{"line":27,"column":21},"end":{"line":29,"column":4}}]},"4":{"type":"branch","line":31,"loc":{"start":{"line":31,"column":2},"end":{"line":52,"column":3}},"locations":[{"start":{"line":31,"column":2},"end":{"line":52,"column":3}}]},"5":{"type":"branch","line":35,"loc":{"start":{"line":35,"column":11},"end":{"line":50,"column":20}},"locations":[{"start":{"line":35,"column":11},"end":{"line":50,"column":20}}]},"6":{"type":"branch","line":41,"loc":{"start":{"line":41,"column":28},"end":{"line":41,"column":72}},"locations":[{"start":{"line":41,"column":28},"end":{"line":41,"column":72}}]},"7":{"type":"branch","line":50,"loc":{"start":{"line":50,"column":8},"end":{"line":51,"column":17}},"locations":[{"start":{"line":50,"column":8},"end":{"line":51,"column":17}}]}},"b":{"0":[5],"1":[6],"2":[2],"3":[1],"4":[9],"5":[2],"6":[0],"7":[7]},"fnMap":{"0":{"name":"<instance_members_initializer>","decl":{"start":{"line":17,"column":0},"end":{"line":53,"column":1}},"loc":{"start":{"line":17,"column":0},"end":{"line":53,"column":1}},"line":17},"1":{"name":"ErrorBoundary","decl":{"start":{"line":18,"column":2},"end":{"line":21,"column":3}},"loc":{"start":{"line":18,"column":2},"end":{"line":21,"column":3}},"line":18},"2":{"name":"componentDidCatch","decl":{"start":{"line":23,"column":2},"end":{"line":25,"column":3}},"loc":{"start":{"line":23,"column":2},"end":{"line":25,"column":3}},"line":23},"3":{"name":"handleResetError","decl":{"start":{"line":27,"column":21},"end":{"line":29,"column":4}},"loc":{"start":{"line":27,"column":21},"end":{"line":29,"column":4}},"line":27},"4":{"name":"render","decl":{"start":{"line":31,"column":2},"end":{"line":52,"column":3}},"loc":{"start":{"line":31,"column":2},"end":{"line":52,"column":3}},"line":31}},"f":{"0":5,"1":6,"2":2,"3":1,"4":9}}
,"C:\\ab3\\Reaact\\RSS-React\\src\\components\\Header\\Header.tsx": {"path":"C:\\ab3\\Reaact\\RSS-React\\src\\components\\Header\\Header.tsx","all":false,"statementMap":{"0":{"start":{"line":1,"column":0},"end":{"line":1,"column":63}},"2":{"start":{"line":3,"column":0},"end":{"line":3,"column":37}},"4":{"start":{"line":5,"column":0},"end":{"line":5,"column":44}},"5":{"start":{"line":6,"column":0},"end":{"line":6,"column":56}},"6":{"start":{"line":7,"column":0},"end":{"line":7,"column":43}},"7":{"start":{"line":8,"column":0},"end":{"line":8,"column":40}},"8":{"start":{"line":9,"column":0},"end":{"line":9,"column":46}},"9":{"start":{"line":10,"column":0},"end":{"line":10,"column":57}},"11":{"start":{"line":12,"column":0},"end":{"line":12,"column":29}},"12":{"start":{"line":13,"column":0},"end":{"line":13,"column":89}},"14":{"start":{"line":15,"column":0},"end":{"line":15,"column":48}},"16":{"start":{"line":17,"column":0},"end":{"line":17,"column":10}},"17":{"start":{"line":18,"column":0},"end":{"line":18,"column":36}},"18":{"start":{"line":19,"column":0},"end":{"line":19,"column":30}},"19":{"start":{"line":20,"column":0},"end":{"line":20,"column":37}},"20":{"start":{"line":21,"column":0},"end":{"line":21,"column":13}},"21":{"start":{"line":22,"column":0},"end":{"line":22,"column":30}},"22":{"start":{"line":23,"column":0},"end":{"line":23,"column":33}},"24":{"start":{"line":25,"column":0},"end":{"line":25,"column":20}},"25":{"start":{"line":26,"column":0},"end":{"line":26,"column":15}},"26":{"start":{"line":27,"column":0},"end":{"line":27,"column":21}},"27":{"start":{"line":28,"column":0},"end":{"line":28,"column":23}},"28":{"start":{"line":29,"column":0},"end":{"line":29,"column":30}},"29":{"start":{"line":30,"column":0},"end":{"line":30,"column":28}},"30":{"start":{"line":31,"column":0},"end":{"line":31,"column":10}},"31":{"start":{"line":32,"column":0},"end":{"line":32,"column":23}},"32":{"start":{"line":33,"column":0},"end":{"line":33,"column":24}},"33":{"start":{"line":34,"column":0},"end":{"line":34,"column":22}},"34":{"start":{"line":35,"column":0},"end":{"line":35,"column":10}},"35":{"start":{"line":36,"column":0},"end":{"line":36,"column":12}},"37":{"start":{"line":38,"column":0},"end":{"line":38,"column":39}},"38":{"start":{"line":39,"column":0},"end":{"line":39,"column":25}},"39":{"start":{"line":40,"column":0},"end":{"line":40,"column":34}},"40":{"start":{"line":41,"column":0},"end":{"line":41,"column":21}},"41":{"start":{"line":42,"column":0},"end":{"line":42,"column":39}},"42":{"start":{"line":43,"column":0},"end":{"line":43,"column":37}},"43":{"start":{"line":44,"column":0},"end":{"line":44,"column":39}},"44":{"start":{"line":45,"column":0},"end":{"line":45,"column":25}},"45":{"start":{"line":46,"column":0},"end":{"line":46,"column":12}},"46":{"start":{"line":47,"column":0},"end":{"line":47,"column":14}},"47":{"start":{"line":48,"column":0},"end":{"line":48,"column":12}},"48":{"start":{"line":49,"column":0},"end":{"line":49,"column":13}},"50":{"start":{"line":51,"column":0},"end":{"line":51,"column":2}}},"s":{"0":1,"2":1,"4":1,"5":1,"6":1,"7":1,"8":1,"9":1,"11":1,"12":8,"14":8,"16":8,"17":8,"18":8,"19":8,"20":8,"21":8,"22":8,"24":8,"25":8,"26":8,"27":8,"28":8,"29":8,"30":8,"31":8,"32":8,"33":8,"34":8,"35":8,"37":8,"38":8,"39":8,"40":8,"41":8,"42":8,"43":8,"44":8,"45":8,"46":8,"47":8,"48":8,"50":8},"branchMap":{"0":{"type":"branch","line":12,"loc":{"start":{"line":12,"column":22},"end":{"line":51,"column":2}},"locations":[{"start":{"line":12,"column":22},"end":{"line":51,"column":2}}]},"1":{"type":"branch","line":15,"loc":{"start":{"line":15,"column":16},"end":{"line":15,"column":34}},"locations":[{"start":{"line":15,"column":16},"end":{"line":15,"column":34}}]},"2":{"type":"branch","line":15,"loc":{"start":{"line":15,"column":25},"end":{"line":15,"column":48}},"locations":[{"start":{"line":15,"column":25},"end":{"line":15,"column":48}}]}},"b":{"0":[8],"1":[1],"2":[7]},"fnMap":{"0":{"name":"Header","decl":{"start":{"line":12,"column":22},"end":{"line":51,"column":2}},"loc":{"start":{"line":12,"column":22},"end":{"line":51,"column":2}},"line":12}},"f":{"0":8}}
,"C:\\ab3\\Reaact\\RSS-React\\src\\components\\Pagination\\Pagination.tsx": {"path":"C:\\ab3\\Reaact\\RSS-React\\src\\components\\Pagination\\Pagination.tsx","all":false,"statementMap":{"0":{"start":{"line":1,"column":0},"end":{"line":1,"column":28}},"2":{"start":{"line":3,"column":0},"end":{"line":3,"column":51}},"4":{"start":{"line":5,"column":0},"end":{"line":5,"column":41}},"6":{"start":{"line":7,"column":0},"end":{"line":7,"column":41}},"7":{"start":{"line":8,"column":0},"end":{"line":8,"column":50}},"8":{"start":{"line":9,"column":0},"end":{"line":9,"column":54}},"14":{"start":{"line":15,"column":0},"end":{"line":15,"column":63}},"15":{"start":{"line":16,"column":0},"end":{"line":16,"column":43}},"17":{"start":{"line":18,"column":0},"end":{"line":18,"column":55}},"19":{"start":{"line":20,"column":0},"end":{"line":20,"column":10}},"20":{"start":{"line":21,"column":0},"end":{"line":21,"column":27}},"21":{"start":{"line":22,"column":0},"end":{"line":22,"column":9}},"22":{"start":{"line":23,"column":0},"end":{"line":23,"column":68}},"23":{"start":{"line":24,"column":0},"end":{"line":24,"column":26}},"25":{"start":{"line":26,"column":0},"end":{"line":26,"column":56}},"26":{"start":{"line":27,"column":0},"end":{"line":27,"column":36}},"27":{"start":{"line":28,"column":0},"end":{"line":28,"column":21}},"28":{"start":{"line":29,"column":0},"end":{"line":29,"column":11}},"30":{"start":{"line":31,"column":0},"end":{"line":31,"column":50}},"32":{"start":{"line":33,"column":0},"end":{"line":33,"column":9}},"33":{"start":{"line":34,"column":0},"end":{"line":34,"column":76}},"34":{"start":{"line":35,"column":0},"end":{"line":35,"column":26}},"36":{"start":{"line":37,"column":0},"end":{"line":37,"column":56}},"37":{"start":{"line":38,"column":0},"end":{"line":38,"column":37}},"38":{"start":{"line":39,"column":0},"end":{"line":39,"column":21}},"39":{"start":{"line":40,"column":0},"end":{"line":40,"column":11}},"40":{"start":{"line":41,"column":0},"end":{"line":41,"column":9}},"42":{"start":{"line":43,"column":0},"end":{"line":43,"column":2}}},"s":{"0":1,"2":1,"4":1,"6":1,"7":1,"8":1,"14":1,"15":1,"17":1,"19":1,"20":1,"21":1,"22":1,"23":1,"25":1,"26":1,"27":1,"28":1,"30":1,"32":1,"33":1,"34":1,"36":1,"37":1,"38":1,"39":1,"40":1,"42":1},"branchMap":{"0":{"type":"branch","line":15,"loc":{"start":{"line":15,"column":43},"end":{"line":43,"column":2}},"locations":[{"start":{"line":15,"column":43},"end":{"line":43,"column":2}}]}},"b":{"0":[1]},"fnMap":{"0":{"name":"Pagination","decl":{"start":{"line":15,"column":43},"end":{"line":43,"column":2}},"loc":{"start":{"line":15,"column":43},"end":{"line":43,"column":2}},"line":15}},"f":{"0":1}}
,"C:\\ab3\\Reaact\\RSS-React\\src\\components\\ThemeSwitcher\\ThemeSwitcher.tsx": {"path":"C:\\ab3\\Reaact\\RSS-React\\src\\components\\ThemeSwitcher\\ThemeSwitcher.tsx","all":false,"statementMap":{"0":{"start":{"line":1,"column":0},"end":{"line":1,"column":35}},"2":{"start":{"line":3,"column":0},"end":{"line":3,"column":44}},"4":{"start":{"line":5,"column":0},"end":{"line":5,"column":54}},"5":{"start":{"line":6,"column":0},"end":{"line":6,"column":36}},"7":{"start":{"line":8,"column":0},"end":{"line":8,"column":36}},"8":{"start":{"line":9,"column":0},"end":{"line":9,"column":64}},"10":{"start":{"line":11,"column":0},"end":{"line":11,"column":10}},"11":{"start":{"line":12,"column":0},"end":{"line":12,"column":34}},"12":{"start":{"line":13,"column":0},"end":{"line":13,"column":34}},"13":{"start":{"line":14,"column":0},"end":{"line":14,"column":14}},"14":{"start":{"line":15,"column":0},"end":{"line":15,"column":25}},"15":{"start":{"line":16,"column":0},"end":{"line":16,"column":29}},"16":{"start":{"line":17,"column":0},"end":{"line":17,"column":38}},"17":{"start":{"line":18,"column":0},"end":{"line":18,"column":23}},"18":{"start":{"line":19,"column":0},"end":{"line":19,"column":40}},"19":{"start":{"line":20,"column":0},"end":{"line":20,"column":10}},"20":{"start":{"line":21,"column":0},"end":{"line":21,"column":42}},"21":{"start":{"line":22,"column":0},"end":{"line":22,"column":14}},"22":{"start":{"line":23,"column":0},"end":{"line":23,"column":11}},"24":{"start":{"line":25,"column":0},"end":{"line":25,"column":2}}},"s":{"0":1,"2":1,"4":1,"5":1,"7":1,"8":8,"10":8,"11":8,"12":8,"13":8,"14":8,"15":8,"16":8,"17":8,"18":8,"19":8,"20":8,"21":8,"22":8,"24":8},"branchMap":{"0":{"type":"branch","line":8,"loc":{"start":{"line":8,"column":29},"end":{"line":25,"column":2}},"locations":[{"start":{"line":8,"column":29},"end":{"line":25,"column":2}}]}},"b":{"0":[8]},"fnMap":{"0":{"name":"ThemeSwitcher","decl":{"start":{"line":8,"column":29},"end":{"line":25,"column":2}},"loc":{"start":{"line":8,"column":29},"end":{"line":25,"column":2}},"line":8}},"f":{"0":8}}
,"C:\\ab3\\Reaact\\RSS-React\\src\\constants\\Theme.ts": {"path":"C:\\ab3\\Reaact\\RSS-React\\src\\constants\\Theme.ts","all":false,"statementMap":{"0":{"start":{"line":1,"column":0},"end":{"line":1,"column":25}},"1":{"start":{"line":2,"column":0},"end":{"line":2,"column":16}},"2":{"start":{"line":3,"column":0},"end":{"line":3,"column":13}}},"s":{"0":1,"1":1,"2":1},"branchMap":{"0":{"type":"branch","line":1,"loc":{"start":{"line":1,"column":7},"end":{"line":1,"column":25}},"locations":[{"start":{"line":1,"column":7},"end":{"line":1,"column":25}}]}},"b":{"0":[3]},"fnMap":{},"f":{}}
,"C:\\ab3\\Reaact\\RSS-React\\src\\constants\\URL.ts": {"path":"C:\\ab3\\Reaact\\RSS-React\\src\\constants\\URL.ts","all":false,"statementMap":{"0":{"start":{"line":1,"column":0},"end":{"line":1,"column":49}},"2":{"start":{"line":3,"column":0},"end":{"line":3,"column":23}},"3":{"start":{"line":4,"column":0},"end":{"line":4,"column":20}},"4":{"start":{"line":5,"column":0},"end":{"line":5,"column":21}}},"s":{"0":1,"2":1,"3":1,"4":1},"branchMap":{"0":{"type":"branch","line":3,"loc":{"start":{"line":3,"column":7},"end":{"line":3,"column":23}},"locations":[{"start":{"line":3,"column":7},"end":{"line":3,"column":23}}]}},"b":{"0":[9]},"fnMap":{},"f":{}}
,"C:\\ab3\\Reaact\\RSS-React\\src\\constants\\index.ts": {"path":"C:\\ab3\\Reaact\\RSS-React\\src\\constants\\index.ts","all":false,"statementMap":{"0":{"start":{"line":1,"column":0},"end":{"line":1,"column":24}},"1":{"start":{"line":2,"column":0},"end":{"line":2,"column":22}},"2":{"start":{"line":3,"column":0},"end":{"line":3,"column":23}}},"s":{"0":1,"1":1,"2":1},"branchMap":{},"b":{},"fnMap":{},"f":{}}
,"C:\\ab3\\Reaact\\RSS-React\\src\\constants\\path.ts": {"path":"C:\\ab3\\Reaact\\RSS-React\\src\\constants\\path.ts","all":false,"statementMap":{"0":{"start":{"line":1,"column":0},"end":{"line":1,"column":18}},"1":{"start":{"line":2,"column":0},"end":{"line":2,"column":13}},"2":{"start":{"line":3,"column":0},"end":{"line":3,"column":29}},"3":{"start":{"line":4,"column":0},"end":{"line":4,"column":17}}},"s":{"0":1,"1":1,"2":1,"3":1},"branchMap":{"0":{"type":"branch","line":1,"loc":{"start":{"line":1,"column":7},"end":{"line":1,"column":18}},"locations":[{"start":{"line":1,"column":7},"end":{"line":1,"column":18}}]}},"b":{"0":[10]},"fnMap":{},"f":{}}
,"C:\\ab3\\Reaact\\RSS-React\\src\\context\\ThemeContext.tsx": {"path":"C:\\ab3\\Reaact\\RSS-React\\src\\context\\ThemeContext.tsx","all":false,"statementMap":{"0":{"start":{"line":1,"column":0},"end":{"line":1,"column":38}},"2":{"start":{"line":3,"column":0},"end":{"line":3,"column":36}},"9":{"start":{"line":10,"column":0},"end":{"line":10,"column":52}},"10":{"start":{"line":11,"column":0},"end":{"line":11,"column":21}},"11":{"start":{"line":12,"column":0},"end":{"line":12,"column":30}},"12":{"start":{"line":13,"column":0},"end":{"line":13,"column":3}}},"s":{"0":1,"2":1,"9":1,"10":1,"11":1,"12":1},"branchMap":{},"b":{},"fnMap":{"0":{"name":"handleSwitchTheme","decl":{"start":{"line":12,"column":21},"end":{"line":12,"column":30}},"loc":{"start":{"line":12,"column":21},"end":{"line":12,"column":30}},"line":12}},"f":{"0":0}}
,"C:\\ab3\\Reaact\\RSS-React\\src\\hooks\\useDetailsHandler.ts": {"path":"C:\\ab3\\Reaact\\RSS-React\\src\\hooks\\useDetailsHandler.ts","all":false,"statementMap":{"0":{"start":{"line":1,"column":0},"end":{"line":1,"column":51}},"2":{"start":{"line":3,"column":0},"end":{"line":3,"column":51}},"4":{"start":{"line":5,"column":0},"end":{"line":5,"column":40}},"5":{"start":{"line":6,"column":0},"end":{"line":6,"column":60}},"6":{"start":{"line":7,"column":0},"end":{"line":7,"column":46}},"8":{"start":{"line":9,"column":0},"end":{"line":9,"column":30}},"9":{"start":{"line":10,"column":0},"end":{"line":10,"column":18}},"10":{"start":{"line":11,"column":0},"end":{"line":11,"column":68}},"12":{"start":{"line":13,"column":0},"end":{"line":13,"column":71}},"13":{"start":{"line":14,"column":0},"end":{"line":14,"column":5}},"14":{"start":{"line":15,"column":0},"end":{"line":15,"column":4}},"16":{"start":{"line":17,"column":0},"end":{"line":17,"column":66}},"17":{"start":{"line":18,"column":0},"end":{"line":18,"column":2}}},"s":{"0":1,"2":1,"4":1,"5":8,"6":8,"8":8,"9":1,"10":1,"12":1,"13":1,"14":1,"16":8,"17":8},"branchMap":{"0":{"type":"branch","line":5,"loc":{"start":{"line":5,"column":33},"end":{"line":18,"column":2}},"locations":[{"start":{"line":5,"column":33},"end":{"line":18,"column":2}}]},"1":{"type":"branch","line":9,"loc":{"start":{"line":9,"column":23},"end":{"line":15,"column":4}},"locations":[{"start":{"line":9,"column":23},"end":{"line":15,"column":4}}]}},"b":{"0":[8],"1":[1]},"fnMap":{"0":{"name":"useDetailsHandler","decl":{"start":{"line":5,"column":33},"end":{"line":18,"column":2}},"loc":{"start":{"line":5,"column":33},"end":{"line":18,"column":2}},"line":5},"1":{"name":"closeDetails","decl":{"start":{"line":9,"column":23},"end":{"line":15,"column":4}},"loc":{"start":{"line":9,"column":23},"end":{"line":15,"column":4}},"line":9}},"f":{"0":8,"1":1}}
,"C:\\ab3\\Reaact\\RSS-React\\src\\hooks\\useLocaLStorage.ts": {"path":"C:\\ab3\\Reaact\\RSS-React\\src\\hooks\\useLocaLStorage.ts","all":false,"statementMap":{"6":{"start":{"line":7,"column":0},"end":{"line":7,"column":59}},"7":{"start":{"line":8,"column":0},"end":{"line":8,"column":45}},"8":{"start":{"line":9,"column":0},"end":{"line":9,"column":36}},"9":{"start":{"line":10,"column":0},"end":{"line":10,"column":39}},"10":{"start":{"line":11,"column":0},"end":{"line":11,"column":12}},"11":{"start":{"line":12,"column":0},"end":{"line":12,"column":55}},"12":{"start":{"line":13,"column":0},"end":{"line":13,"column":5}},"13":{"start":{"line":14,"column":0},"end":{"line":14,"column":4}},"15":{"start":{"line":16,"column":0},"end":{"line":16,"column":25}},"16":{"start":{"line":17,"column":0},"end":{"line":17,"column":43}},"18":{"start":{"line":19,"column":0},"end":{"line":19,"column":27}},"20":{"start":{"line":21,"column":0},"end":{"line":21,"column":9}},"21":{"start":{"line":22,"column":0},"end":{"line":22,"column":30}},"22":{"start":{"line":23,"column":0},"end":{"line":23,"column":13}},"23":{"start":{"line":24,"column":0},"end":{"line":24,"column":18}},"24":{"start":{"line":25,"column":0},"end":{"line":25,"column":5}},"25":{"start":{"line":26,"column":0},"end":{"line":26,"column":4}},"27":{"start":{"line":28,"column":0},"end":{"line":28,"column":62}},"29":{"start":{"line":30,"column":0},"end":{"line":30,"column":42}},"30":{"start":{"line":31,"column":0},"end":{"line":31,"column":2}},"32":{"start":{"line":33,"column":0},"end":{"line":33,"column":31}}},"s":{"6":1,"7":10,"8":3,"9":2,"10":3,"11":1,"12":1,"13":3,"15":10,"16":9,"18":9,"20":2,"21":2,"22":3,"23":1,"24":1,"25":9,"27":10,"29":10,"30":10,"32":1},"branchMap":{"0":{"type":"branch","line":7,"loc":{"start":{"line":7,"column":24},"end":{"line":31,"column":2}},"locations":[{"start":{"line":7,"column":24},"end":{"line":31,"column":2}}]},"1":{"type":"branch","line":8,"loc":{"start":{"line":8,"column":18},"end":{"line":14,"column":4}},"locations":[{"start":{"line":8,"column":18},"end":{"line":14,"column":4}}]},"2":{"type":"branch","line":9,"loc":{"start":{"line":9,"column":35},"end":{"line":11,"column":11}},"locations":[{"start":{"line":9,"column":35},"end":{"line":11,"column":11}}]},"3":{"type":"branch","line":11,"loc":{"start":{"line":11,"column":4},"end":{"line":13,"column":5}},"locations":[{"start":{"line":11,"column":4},"end":{"line":13,"column":5}}]},"4":{"type":"branch","line":16,"loc":{"start":{"line":16,"column":18},"end":{"line":26,"column":4}},"locations":[{"start":{"line":16,"column":18},"end":{"line":26,"column":4}}]},"5":{"type":"branch","line":19,"loc":{"start":{"line":19,"column":15},"end":{"line":19,"column":27}},"locations":[{"start":{"line":19,"column":15},"end":{"line":19,"column":27}}]},"6":{"type":"branch","line":19,"loc":{"start":{"line":19,"column":22},"end":{"line":25,"column":5}},"locations":[{"start":{"line":19,"column":22},"end":{"line":25,"column":5}}]},"7":{"type":"branch","line":19,"loc":{"start":{"line":19,"column":22},"end":{"line":23,"column":12}},"locations":[{"start":{"line":19,"column":22},"end":{"line":23,"column":12}}]},"8":{"type":"branch","line":23,"loc":{"start":{"line":23,"column":4},"end":{"line":25,"column":5}},"locations":[{"start":{"line":23,"column":4},"end":{"line":25,"column":5}}]},"9":{"type":"branch","line":28,"loc":{"start":{"line":28,"column":21},"end":{"line":28,"column":62}},"locations":[{"start":{"line":28,"column":21},"end":{"line":28,"column":62}}]}},"b":{"0":[10],"1":[3],"2":[2],"3":[1],"4":[9],"5":[7],"6":[3],"7":[2],"8":[1],"9":[1]},"fnMap":{"0":{"name":"useLocaLStorage","decl":{"start":{"line":7,"column":24},"end":{"line":31,"column":2}},"loc":{"start":{"line":7,"column":24},"end":{"line":31,"column":2}},"line":7},"1":{"name":"setItem","decl":{"start":{"line":8,"column":18},"end":{"line":14,"column":4}},"loc":{"start":{"line":8,"column":18},"end":{"line":14,"column":4}},"line":8},"2":{"name":"getItem","decl":{"start":{"line":16,"column":18},"end":{"line":26,"column":4}},"loc":{"start":{"line":16,"column":18},"end":{"line":26,"column":4}},"line":16},"3":{"name":"removeItem","decl":{"start":{"line":28,"column":21},"end":{"line":28,"column":62}},"loc":{"start":{"line":28,"column":21},"end":{"line":28,"column":62}},"line":28}},"f":{"0":10,"1":3,"2":9,"3":1}}
,"C:\\ab3\\Reaact\\RSS-React\\src\\hooks\\useSearch.ts": {"path":"C:\\ab3\\Reaact\\RSS-React\\src\\hooks\\useSearch.ts","all":false,"statementMap":{"0":{"start":{"line":1,"column":0},"end":{"line":1,"column":87}},"1":{"start":{"line":2,"column":0},"end":{"line":2,"column":47}},"3":{"start":{"line":4,"column":0},"end":{"line":4,"column":48}},"5":{"start":{"line":6,"column":0},"end":{"line":6,"column":32}},"6":{"start":{"line":7,"column":0},"end":{"line":7,"column":43}},"7":{"start":{"line":8,"column":0},"end":{"line":8,"column":57}},"8":{"start":{"line":9,"column":0},"end":{"line":9,"column":33}},"9":{"start":{"line":10,"column":0},"end":{"line":10,"column":69}},"10":{"start":{"line":11,"column":0},"end":{"line":11,"column":51}},"12":{"start":{"line":13,"column":0},"end":{"line":13,"column":25}},"13":{"start":{"line":14,"column":0},"end":{"line":14,"column":23}},"14":{"start":{"line":15,"column":0},"end":{"line":15,"column":37}},"15":{"start":{"line":16,"column":0},"end":{"line":16,"column":12}},"16":{"start":{"line":17,"column":0},"end":{"line":17,"column":27}},"17":{"start":{"line":18,"column":0},"end":{"line":18,"column":5}},"18":{"start":{"line":19,"column":0},"end":{"line":19,"column":21}},"20":{"start":{"line":21,"column":0},"end":{"line":21,"column":35}},"21":{"start":{"line":22,"column":0},"end":{"line":22,"column":47}},"22":{"start":{"line":23,"column":0},"end":{"line":23,"column":36}},"23":{"start":{"line":24,"column":0},"end":{"line":24,"column":46}},"24":{"start":{"line":25,"column":0},"end":{"line":25,"column":6}},"25":{"start":{"line":26,"column":0},"end":{"line":26,"column":19}},"26":{"start":{"line":27,"column":0},"end":{"line":27,"column":4}},"28":{"start":{"line":29,"column":0},"end":{"line":29,"column":41}},"29":{"start":{"line":30,"column":0},"end":{"line":30,"column":18}},"30":{"start":{"line":31,"column":0},"end":{"line":31,"column":17}},"31":{"start":{"line":32,"column":0},"end":{"line":32,"column":19}},"33":{"start":{"line":34,"column":0},"end":{"line":34,"column":35}},"34":{"start":{"line":35,"column":0},"end":{"line":35,"column":40}},"35":{"start":{"line":36,"column":0},"end":{"line":36,"column":25}},"37":{"start":{"line":38,"column":0},"end":{"line":38,"column":86}},"38":{"st
[...]
lumn":35}},"18":{"start":{"line":19,"column":0},"end":{"line":19,"column":54}},"19":{"start":{"line":20,"column":0},"end":{"line":20,"column":25}},"20":{"start":{"line":21,"column":0},"end":{"line":21,"column":57}},"21":{"start":{"line":22,"column":0},"end":{"line":22,"column":13}},"22":{"start":{"line":23,"column":0},"end":{"line":23,"column":10}},"23":{"start":{"line":24,"column":0},"end":{"line":24,"column":9}},"24":{"start":{"line":25,"column":0},"end":{"line":25,"column":7}},"26":{"start":{"line":27,"column":0},"end":{"line":27,"column":60}},"27":{"start":{"line":28,"column":0},"end":{"line":28,"column":49}},"28":{"start":{"line":29,"column":0},"end":{"line":29,"column":58}},"29":{"start":{"line":30,"column":0},"end":{"line":30,"column":20}},"30":{"start":{"line":31,"column":0},"end":{"line":31,"column":52}},"31":{"start":{"line":32,"column":0},"end":{"line":32,"column":9}},"32":{"start":{"line":33,"column":0},"end":{"line":33,"column":7}},"33":{"start":{"line":34,"column":0},"end":{"line":34,"column":5}},"34":{"start":{"line":35,"column":0},"end":{"line":35,"column":3}},"36":{"start":{"line":37,"column":0},"end":{"line":37,"column":30}},"38":{"start":{"line":39,"column":0},"end":{"line":39,"column":82}}},"s":{"0":1,"4":1,"5":1,"7":1,"8":1,"9":1,"11":1,"12":6,"13":6,"15":6,"16":0,"17":0,"18":0,"19":0,"20":0,"21":0,"22":0,"23":0,"24":6,"26":6,"27":6,"28":6,"29":0,"30":0,"31":0,"32":6,"33":6,"34":1,"36":1,"38":1},"branchMap":{"0":{"type":"branch","line":12,"loc":{"start":{"line":12,"column":13},"end":{"line":34,"column":5}},"locations":[{"start":{"line":12,"column":13},"end":{"line":34,"column":5}}]}},"b":{"0":[6]},"fnMap":{"0":{"name":"endpoints","decl":{"start":{"line":12,"column":13},"end":{"line":34,"column":5}},"loc":{"start":{"line":12,"column":13},"end":{"line":34,"column":5}},"line":12},"1":{"name":"query","decl":{"start":{"line":14,"column":13},"end":{"line":14,"column":58}},"loc":{"start":{"line":14,"column":13},"end":{"line":14,"column":58}},"line":14},"2":{"name":"transformResponse","decl":{"start":{"line":16,"column":25},"end":{"line":24,"column":9}},"loc":{"start":{"line":16,"column":25},"end":{"line":24,"column":9}},"line":16},"3":{"name":"query","decl":{"start":{"line":28,"column":13},"end":{"line":28,"column":49}},"loc":{"start":{"line":28,"column":13},"end":{"line":28,"column":49}},"line":28},"4":{"name":"transformResponse","decl":{"start":{"line":29,"column":25},"end":{"line":32,"column":9}},"loc":{"start":{"line":29,"column":25},"end":{"line":32,"column":9}},"line":29}},"f":{"0":6,"1":0,"2":0,"3":0,"4":0}}
,"C:\\ab3\\Reaact\\RSS-React\\src\\redux\\slices\\index.ts": {"path":"C:\\ab3\\Reaact\\RSS-React\\src\\redux\\slices\\index.ts","all":false,"statementMap":{"0":{"start":{"line":1,"column":0},"end":{"line":1,"column":29}},"1":{"start":{"line":2,"column":0},"end":{"line":2,"column":34}}},"s":{"0":1,"1":1},"branchMap":{},"b":{},"fnMap":{},"f":{}}
,"C:\\ab3\\Reaact\\RSS-React\\src\\routing\\routes.ts": {"path":"C:\\ab3\\Reaact\\RSS-React\\src\\routing\\routes.ts","all":false,"statementMap":{"0":{"start":{"line":1,"column":0},"end":{"line":1,"column":29}},"2":{"start":{"line":3,"column":0},"end":{"line":3,"column":22}},"3":{"start":{"line":4,"column":0},"end":{"line":4,"column":73}},"4":{"start":{"line":5,"column":0},"end":{"line":5,"column":76}},"5":{"start":{"line":6,"column":0},"end":{"line":6,"column":79}},"6":{"start":{"line":7,"column":0},"end":{"line":7,"column":61}},"7":{"start":{"line":8,"column":0},"end":{"line":8,"column":2}}},"s":{"0":1,"2":1,"3":1,"4":1,"5":1,"6":1,"7":1},"branchMap":{"0":{"type":"branch","line":6,"loc":{"start":{"line":6,"column":23},"end":{"line":6,"column":79}},"locations":[{"start":{"line":6,"column":23},"end":{"line":6,"column":79}}]}},"b":{"0":[1]},"fnMap":{},"f":{}}
,"C:\\ab3\\Reaact\\RSS-React\\src\\types\\Cart.types.ts": {"path":"C:\\ab3\\Reaact\\RSS-React\\src\\types\\Cart.types.ts","all":true,"statementMap":{},"s":{},"branchMap":{"0":{"type":"branch","line":1,"loc":{"start":{"line":1,"column":65},"end":{"line":4,"column":1}},"locations":[{"start":{"line":1,"column":65},"end":{"line":4,"column":1}}]}},"b":{"0":[1]},"fnMap":{"0":{"name":"(empty-report)","decl":{"start":{"line":1,"column":65},"end":{"line":4,"column":1}},"loc":{"start":{"line":1,"column":65},"end":{"line":4,"column":1}},"line":1}},"f":{"0":1}}
,"C:\\ab3\\Reaact\\RSS-React\\src\\types\\Characker.type.ts": {"path":"C:\\ab3\\Reaact\\RSS-React\\src\\types\\Characker.type.ts","all":true,"statementMap":{},"s":{},"branchMap":{"0":{"type":"branch","line":1,"loc":{"start":{"line":1,"column":312},"end":{"line":15,"column":1}},"locations":[{"start":{"line":1,"column":312},"end":{"line":15,"column":1}}]}},"b":{"0":[1]},"fnMap":{"0":{"name":"(empty-report)","decl":{"start":{"line":1,"column":312},"end":{"line":15,"column":1}},"loc":{"start":{"line":1,"column":312},"end":{"line":15,"column":1}},"line":1}},"f":{"0":1}}
,"C:\\ab3\\Reaact\\RSS-React\\src\\types\\Planet.type.ts": {"path":"C:\\ab3\\Reaact\\RSS-React\\src\\types\\Planet.type.ts","all":true,"statementMap":{},"s":{},"branchMap":{"0":{"type":"branch","line":1,"loc":{"start":{"line":1,"column":45},"end":{"line":3,"column":1}},"locations":[{"start":{"line":1,"column":45},"end":{"line":3,"column":1}}]}},"b":{"0":[1]},"fnMap":{"0":{"name":"(empty-report)","decl":{"start":{"line":1,"column":45},"end":{"line":3,"column":1}},"loc":{"start":{"line":1,"column":45},"end":{"line":3,"column":1}},"line":1}},"f":{"0":1}}
,"C:\\ab3\\Reaact\\RSS-React\\src\\types\\Response.type.ts": {"path":"C:\\ab3\\Reaact\\RSS-React\\src\\types\\Response.type.ts","all":true,"statementMap":{},"s":{},"branchMap":{"0":{"type":"branch","line":1,"loc":{"start":{"line":1,"column":279},"end":{"line":16,"column":1}},"locations":[{"start":{"line":1,"column":279},"end":{"line":16,"column":1}}]}},"b":{"0":[1]},"fnMap":{"0":{"name":"(empty-report)","decl":{"start":{"line":1,"column":279},"end":{"line":16,"column":1}},"loc":{"start":{"line":1,"column":279},"end":{"line":16,"column":1}},"line":1}},"f":{"0":1}}
,"C:\\ab3\\Reaact\\RSS-React\\src\\types\\URL.ts": {"path":"C:\\ab3\\Reaact\\RSS-React\\src\\types\\URL.ts","all":true,"statementMap":{},"s":{},"branchMap":{"0":{"type":"branch","line":1,"loc":{"start":{"line":1,"column":134},"end":{"line":7,"column":2}},"locations":[{"start":{"line":1,"column":134},"end":{"line":7,"column":2}}]}},"b":{"0":[1]},"fnMap":{"0":{"name":"(empty-report)","decl":{"start":{"line":1,"column":134},"end":{"line":7,"column":2}},"loc":{"start":{"line":1,"column":134},"end":{"line":7,"column":2}},"line":1}},"f":{"0":1}}
,"C:\\ab3\\Reaact\\RSS-React\\src\\utils\\getCharactersFileData.ts": {"path":"C:\\ab3\\Reaact\\RSS-React\\src\\utils\\getCharactersFileData.ts","all":false,"statementMap":{"2":{"start":{"line":3,"column":0},"end":{"line":3,"column":79}},"3":{"start":{"line":4,"column":0},"end":{"line":4,"column":60}},"4":{"start":{"line":5,"column":0},"end":{"line":5,"column":23}},"6":{"start":{"line":7,"column":0},"end":{"line":7,"column":92}},"8":{"start":{"line":9,"column":0},"end":{"line":9,"column":48}},"9":{"start":{"line":10,"column":0},"end":{"line":10,"column":63}},"10":{"start":{"line":11,"column":0},"end":{"line":11,"column":32}},"11":{"start":{"line":12,"column":0},"end":{"line":12,"column":39}},"12":{"start":{"line":13,"column":0},"end":{"line":13,"column":41}},"13":{"start":{"line":14,"column":0},"end":{"line":14,"column":37}},"15":{"start":{"line":16,"column":0},"end":{"line":16,"column":123}},"17":{"start":{"line":18,"column":0},"end":{"line":18,"column":20}},"18":{"start":{"line":19,"column":0},"end":{"line":19,"column":9}},"20":{"start":{"line":21,"column":0},"end":{"line":21,"column":44}},"21":{"start":{"line":22,"column":0},"end":{"line":22,"column":2}}},"s":{"2":1,"3":3,"4":4,"6":4,"8":4,"9":4,"10":4,"11":4,"12":4,"13":4,"15":4,"17":4,"18":3,"20":3,"21":3},"branchMap":{"0":{"type":"branch","line":3,"loc":{"start":{"line":3,"column":37},"end":{"line":22,"column":2}},"locations":[{"start":{"line":3,"column":37},"end":{"line":22,"column":2}}]},"1":{"type":"branch","line":4,"loc":{"start":{"line":4,"column":33},"end":{"line":19,"column":5}},"locations":[{"start":{"line":4,"column":33},"end":{"line":19,"column":5}}]},"2":{"type":"branch","line":10,"loc":{"start":{"line":10,"column":34},"end":{"line":10,"column":54}},"locations":[{"start":{"line":10,"column":34},"end":{"line":10,"column":54}}]},"3":{"type":"branch","line":10,"loc":{"start":{"line":10,"column":42},"end":{"line":10,"column":58}},"locations":[{"start":{"line":10,"column":42},"end":{"line":10,"column":58}}]}},"b":{"0":[3],"1":[4],"2":[2],"3":[2]},"fnMap":{"0":{"name":"getCharactersFileData","decl":{"start":{"line":3,"column":37},"end":{"line":22,"column":2}},"loc":{"start":{"line":3,"column":37},"end":{"line":22,"column":2}},"line":3}},"f":{"0":3}}
,"C:\\ab3\\Reaact\\RSS-React\\src\\utils\\getSearchPage.ts": {"path":"C:\\ab3\\Reaact\\RSS-React\\src\\utils\\getSearchPage.ts","all":false,"statementMap":{"0":{"start":{"line":1,"column":0},"end":{"line":1,"column":55}},"1":{"start":{"line":2,"column":0},"end":{"line":2,"column":29}},"3":{"start":{"line":4,"column":0},"end":{"line":4,"column":43}},"4":{"start":{"line":5,"column":0},"end":{"line":5,"column":2}}},"s":{"0":1,"1":8,"3":8,"4":8},"branchMap":{"0":{"type":"branch","line":1,"loc":{"start":{"line":1,"column":29},"end":{"line":5,"column":2}},"locations":[{"start":{"line":1,"column":29},"end":{"line":5,"column":2}}]},"1":{"type":"branch","line":4,"loc":{"start":{"line":4,"column":20},"end":{"line":4,"column":33}},"locations":[{"start":{"line":4,"column":20},"end":{"line":4,"column":33}}]},"2":{"type":"branch","line":4,"loc":{"start":{"line":4,"column":26},"end":{"line":4,"column":37}},"locations":[{"start":{"line":4,"column":26},"end":{"line":4,"column":37}}]},"3":{"type":"branch","line":4,"loc":{"start":{"line":4,"column":33},"end":{"line":4,"column":43}},"locations":[{"start":{"line":4,"column":33},"end":{"line":4,"column":43}}]}},"b":{"0":[8],"1":[6],"2":[5],"3":[3]},"fnMap":{"0":{"name":"getSearchPage","decl":{"start":{"line":1,"column":29},"end":{"line":5,"column":2}},"loc":{"start":{"line":1,"column":29},"end":{"line":5,"column":2}},"line":1}},"f":{"0":8}}
,"C:\\ab3\\Reaact\\RSS-React\\src\\utils\\handleError.ts": {"path":"C:\\ab3\\Reaact\\RSS-React\\src\\utils\\handleError.ts","all":false,"statementMap":{"0":{"start":{"line":1,"column":0},"end":{"line":1,"column":112}}},"s":{"0":1},"branchMap":{"0":{"type":"branch","line":1,"loc":{"start":{"line":1,"column":27},"end":{"line":1,"column":112}},"locations":[{"start":{"line":1,"column":27},"end":{"line":1,"column":112}}]},"1":{"type":"branch","line":1,"loc":{"start":{"line":1,"column":61},"end":{"line":1,"column":83}},"locations":[{"start":{"line":1,"column":61},"end":{"line":1,"column":83}}]},"2":{"type":"branch","line":1,"loc":{"start":{"line":1,"column":73},"end":{"line":1,"column":112}},"locations":[{"start":{"line":1,"column":73},"end":{"line":1,"column":112}}]}},"b":{"0":[5],"1":[1],"2":[4]},"fnMap":{"0":{"name":"handleError","decl":{"start":{"line":1,"column":27},"end":{"line":1,"column":112}},"loc":{"start":{"line":1,"column":27},"end":{"line":1,"column":112}},"line":1}},"f":{"0":5}}
,"C:\\ab3\\Reaact\\RSS-React\\src\\utils\\handleRequest.ts": {"path":"C:\\ab3\\Reaact\\RSS-React\\src\\utils\\handleRequest.ts","all":false,"statementMap":{"0":{"start":{"line":1,"column":0},"end":{"line":1,"column":37}},"2":{"start":{"line":3,"column":0},"end":{"line":3,"column":76}},"3":{"start":{"line":4,"column":0},"end":{"line":4,"column":7}},"4":{"start":{"line":5,"column":0},"end":{"line":5,"column":25}},"5":{"start":{"line":6,"column":0},"end":{"line":6,"column":17}},"6":{"start":{"line":7,"column":0},"end":{"line":7,"column":93}},"7":{"start":{"line":8,"column":0},"end":{"line":8,"column":38}},"8":{"start":{"line":9,"column":0},"end":{"line":9,"column":5}},"10":{"start":{"line":11,"column":0},"end":{"line":11,"column":41}},"11":{"start":{"line":12,"column":0},"end":{"line":12,"column":3}},"12":{"start":{"line":13,"column":0},"end":{"line":13,"column":2}}},"s":{"0":1,"2":1,"3":3,"4":3,"5":3,"6":2,"7":1,"8":1,"10":1,"11":1,"12":3},"branchMap":{"0":{"type":"branch","line":3,"loc":{"start":{"line":3,"column":29},"end":{"line":13,"column":2}},"locations":[{"start":{"line":3,"column":29},"end":{"line":13,"column":2}}]},"1":{"type":"branch","line":6,"loc":{"start":{"line":6,"column":2},"end":{"line":12,"column":3}},"locations":[{"start":{"line":6,"column":2},"end":{"line":12,"column":3}}]},"2":{"type":"branch","line":7,"loc":{"start":{"line":7,"column":24},"end":{"line":7,"column":45}},"locations":[{"start":{"line":7,"column":24},"end":{"line":7,"column":45}}]},"3":{"type":"branch","line":7,"loc":{"start":{"line":7,"column":33},"end":{"line":7,"column":92}},"locations":[{"start":{"line":7,"column":33},"end":{"line":7,"column":92}}]},"4":{"type":"branch","line":7,"loc":{"start":{"line":7,"column":92},"end":{"line":12,"column":3}},"locations":[{"start":{"line":7,"column":92},"end":{"line":12,"column":3}}]}},"b":{"0":[3],"1":[2],"2":[1],"3":[1],"4":[1]},"fnMap":{"0":{"name":"handleRequest","decl":{"start":{"line":3,"column":29},"end":{"line":13,"column":2}},"loc":{"start":{"line":3,"column":29},"end":{"line":13,"column":2}},"line":3}},"f":{"0":3}}
,"C:\\ab3\\Reaact\\RSS-React\\src\\utils\\index.ts": {"path":"C:\\ab3\\Reaact\\RSS-React\\src\\utils\\index.ts","all":false,"statementMap":{"0":{"start":{"line":1,"column":0},"end":{"line":1,"column":40}},"1":{"start":{"line":2,"column":0},"end":{"line":2,"column":32}},"2":{"start":{"line":3,"column":0},"end":{"line":3,"column":30}},"3":{"start":{"line":4,"column":0},"end":{"line":4,"column":32}},"4":{"start":{"line":5,"column":0},"end":{"line":5,"column":36}}},"s":{"0":1,"1":1,"2":1,"3":1,"4":1},"branchMap":{},"b":{},"fnMap":{},"f":{}}
,"C:\\ab3\\Reaact\\RSS-React\\src\\utils\\isItemExistInCart.ts": {"path":"C:\\ab3\\Reaact\\RSS-React\\src\\utils\\isItemExistInCart.ts","all":false,"statementMap":{"2":{"start":{"line":3,"column":0},"end":{"line":3,"column":88}},"3":{"start":{"line":4,"column":0},"end":{"line":4,"column":52}}},"s":{"2":1,"3":5},"branchMap":{"0":{"type":"branch","line":3,"loc":{"start":{"line":3,"column":33},"end":{"line":4,"column":52}},"locations":[{"start":{"line":3,"column":33},"end":{"line":4,"column":52}}]},"1":{"type":"branch","line":4,"loc":{"start":{"line":4,"column":18},"end":{"line":4,"column":50}},"locations":[{"start":{"line":4,"column":18},"end":{"line":4,"column":50}}]}},"b":{"0":[5],"1":[1]},"fnMap":{"0":{"name":"isItemExistInCart","decl":{"start":{"line":3,"column":33},"end":{"line":4,"column":52}},"loc":{"start":{"line":3,"column":33},"end":{"line":4,"column":52}},"line":3}},"f":{"0":5}}
,"C:\\ab3\\Reaact\\RSS-React\\src\\utils\\URLHelpers\\getIdFromUrl.ts": {"path":"C:\\ab3\\Reaact\\RSS-React\\src\\utils\\URLHelpers\\getIdFromUrl.ts","all":false,"statementMap":{"0":{"start":{"line":1,"column":0},"end":{"line":1,"column":95}}},"s":{"0":1},"branchMap":{"0":{"type":"branch","line":1,"loc":{"start":{"line":1,"column":28},"end":{"line":1,"column":95}},"locations":[{"start":{"line":1,"column":28},"end":{"line":1,"column":95}}]}},"b":{"0":[8]},"fnMap":{"0":{"name":"getIdFromUrl","decl":{"start":{"line":1,"column":28},"end":{"line":1,"column":95}},"loc":{"start":{"line":1,"column":28},"end":{"line":1,"column":95}},"line":1}},"f":{"0":8}}
,"C:\\ab3\\Reaact\\RSS-React\\src\\utils\\URLHelpers\\getURLSearchParams.ts": {"path":"C:\\ab3\\Reaact\\RSS-React\\src\\utils\\URLHelpers\\getURLSearchParams.ts","all":false,"statementMap":{"2":{"start":{"line":3,"column":0},"end":{"line":3,"column":55}},"3":{"start":{"line":4,"column":0},"end":{"line":4,"column":45}},"5":{"start":{"line":6,"column":0},"end":{"line":6,"column":52}},"6":{"start":{"line":7,"column":0},"end":{"line":7,"column":36}},"7":{"start":{"line":8,"column":0},"end":{"line":8,"column":5}},"9":{"start":{"line":10,"column":0},"end":{"line":10,"column":33}},"10":{"start":{"line":11,"column":0},"end":{"line":11,"column":2}}},"s":{"2":1,"3":3,"5":3,"6":6,"7":3,"9":3,"10":3},"branchMap":{"0":{"type":"branch","line":3,"loc":{"start":{"line":3,"column":34},"end":{"line":11,"column":2}},"locations":[{"start":{"line":3,"column":34},"end":{"line":11,"column":2}}]},"1":{"type":"branch","line":6,"loc":{"start":{"line":6,"column":33},"end":{"line":8,"column":3}},"locations":[{"start":{"line":6,"column":33},"end":{"line":8,"column":3}}]}},"b":{"0":[3],"1":[6]},"fnMap":{"0":{"name":"getURLSearchParams","decl":{"start":{"line":3,"column":34},"end":{"line":11,"column":2}},"loc":{"start":{"line":3,"column":34},"end":{"line":11,"column":2}},"line":3}},"f":{"0":3}}
,"C:\\ab3\\Reaact\\RSS-React\\src\\utils\\URLHelpers\\index.ts": {"path":"C:\\ab3\\Reaact\\RSS-React\\src\\utils\\URLHelpers\\index.ts","all":false,"statementMap":{"0":{"start":{"line":1,"column":0},"end":{"line":1,"column":31}},"1":{"start":{"line":2,"column":0},"end":{"line":2,"column":37}},"2":{"start":{"line":3,"column":0},"end":{"line":3,"column":31}}},"s":{"0":1,"1":1,"2":1},"branchMap":{},"b":{},"fnMap":{},"f":{}}
,"C:\\ab3\\Reaact\\RSS-React\\src\\utils\\URLHelpers\\searchHelper.ts": {"path":"C:\\ab3\\Reaact\\RSS-React\\src\\utils\\URLHelpers\\searchHelper.ts","all":false,"statementMap":{"2":{"start":{"line":3,"column":0},"end":{"line":3,"column":96}},"3":{"start":{"line":4,"column":0},"end":{"line":4,"column":66}},"5":{"start":{"line":6,"column":0},"end":{"line":6,"column":60}},"6":{"start":{"line":7,"column":0},"end":{"line":7,"column":25}},"7":{"start":{"line":8,"column":0},"end":{"line":8,"column":28}},"8":{"start":{"line":9,"column":0},"end":{"line":9,"column":38}},"9":{"start":{"line":10,"column":0},"end":{"line":10,"column":28}},"11":{"start":{"line":12,"column":0},"end":{"line":12,"column":31}},"12":{"start":{"line":13,"column":0},"end":{"line":13,"column":36}},"13":{"start":{"line":14,"column":0},"end":{"line":14,"column":9}},"14":{"start":{"line":15,"column":0},"end":{"line":15,"column":12}},"15":{"start":{"line":16,"column":0},"end":{"line":16,"column":32}},"16":{"start":{"line":17,"column":0},"end":{"line":17,"column":5}},"17":{"start":{"line":18,"column":0},"end":{"line":18,"column":5}},"19":{"start":{"line":20,"column":0},"end":{"line":20,"column":30}},"20":{"start":{"line":21,"column":0},"end":{"line":21,"column":2}}},"s":{"2":1,"3":12,"5":12,"6":13,"7":4,"8":13,"9":1,"11":1,"12":2,"13":1,"14":9,"15":8,"16":8,"17":12,"19":12,"20":12},"branchMap":{"0":{"type":"branch","line":3,"loc":{"start":{"line":3,"column":29},"end":{"line":21,"column":2}},"locations":[{"start":{"line":3,"column":29},"end":{"line":21,"column":2}}]},"1":{"type":"branch","line":6,"loc":{"start":{"line":6,"column":41},"end":{"line":18,"column":3}},"locations":[{"start":{"line":6,"column":41},"end":{"line":18,"column":3}}]},"2":{"type":"branch","line":7,"loc":{"start":{"line":7,"column":24},"end":{"line":9,"column":15}},"locations":[{"start":{"line":7,"column":24},"end":{"line":9,"column":15}}]},"3":{"type":"branch","line":9,"loc":{"start":{"line":9,"column":4},"end":{"line":17,"column":5}},"locations":[{"start":{"line":9,"column":4},"end":{"line":17,"column":5}}]},"4":{"type":"branch","line":9,"loc":{"start":{"line":9,"column":37},"end":{"line":15,"column":11}},"locations":[{"start":{"line":9,"column":37},"end":{"line":15,"column":11}}]},"5":{"type":"branch","line":15,"loc":{"start":{"line":15,"column":4},"end":{"line":17,"column":5}},"locations":[{"start":{"line":15,"column":4},"end":{"line":17,"column":5}}]},"6":{"type":"branch","line":12,"loc":{"start":{"line":12,"column":20},"end":{"line":14,"column":7}},"locations":[{"start":{"line":12,"column":20},"end":{"line":14,"column":7}}]}},"b":{"0":[12],"1":[13],"2":[4],"3":[9],"4":[1],"5":[8],"6":[2]},"fnMap":{"0":{"name":"getSearchWith","decl":{"start":{"line":3,"column":29},"end":{"line":21,"column":2}},"loc":{"start":{"line":3,"column":29},"end":{"line":21,"column":2}},"line":3}},"f":{"0":12}}
}
